Log file open, 06/02/21 14:48:59
LogInit: Display: Running engine for game: NightmareEscape
LogPlatformFile: Not using cached read wrapper
LogTaskGraph: Started task graph with 5 named threads and 35 total threads with 3 sets of task threads.
LogStats: Stats thread started at 0.215150
LogD3D11RHI: Loaded GFSDK_Aftermath_Lib.x64.dll
LogICUInternationalization: ICU TimeZone Detection - Raw Offset: +0:00, Platform Override: ''
LogPluginManager: Mounting plugin Paper2D
LogPluginManager: Mounting plugin AISupport
LogPluginManager: Mounting plugin LightPropagationVolume
LogPluginManager: Mounting plugin CameraShakePreviewer
LogPluginManager: Mounting plugin ActorLayerUtilities
LogPluginManager: Mounting plugin AnimationSharing
LogPluginManager: Mounting plugin CLionSourceCodeAccess
LogPluginManager: Mounting plugin CodeLiteSourceCodeAccess
LogPluginManager: Mounting plugin GitSourceControl
LogPluginManager: Mounting plugin KDevelopSourceCodeAccess
LogPluginManager: Mounting plugin NullSourceCodeAccess
LogPluginManager: Mounting plugin PerforceSourceControl
LogPluginManager: Mounting plugin PlasticSourceControl
LogPluginManager: Mounting plugin RiderSourceCodeAccess
LogPluginManager: Mounting plugin SubversionSourceControl
LogPluginManager: Mounting plugin UObjectPlugin
LogPluginManager: Mounting plugin VisualStudioCodeSourceCodeAccess
LogPluginManager: Mounting plugin VisualStudioSourceCodeAccess
LogPluginManager: Mounting plugin XCodeSourceCodeAccess
LogPluginManager: Mounting plugin AssetManagerEditor
LogPluginManager: Mounting plugin CryptoKeys
LogPluginManager: Mounting plugin CurveEditorTools
LogPluginManager: Mounting plugin DataValidation
LogPluginManager: Mounting plugin EditorScriptingUtilities
LogPluginManager: Mounting plugin FacialAnimation
LogPluginManager: Mounting plugin GameplayTagsEditor
LogPluginManager: Mounting plugin GeometryMode
LogPluginManager: Mounting plugin MacGraphicsSwitching
LogPluginManager: Mounting plugin MaterialAnalyzer
LogPluginManager: Mounting plugin MobileLauncherProfileWizard
LogPluginManager: Mounting plugin PluginBrowser
LogPluginManager: Mounting plugin SpeedTreeImporter
LogPluginManager: Mounting plugin DatasmithContent
LogPluginManager: Mounting plugin VariantManagerContent
LogPluginManager: Mounting plugin AlembicImporter
LogPluginManager: Mounting plugin AutomationUtils
LogPluginManager: Mounting plugin BackChannel
LogPluginManager: Mounting plugin ChaosCloth
LogPluginManager: Mounting plugin ChaosClothEditor
LogPluginManager: Mounting plugin ChaosEditor
LogPluginManager: Mounting plugin ChaosNiagara
LogPluginManager: Mounting plugin ChaosSolverPlugin
LogPluginManager: Mounting plugin CharacterAI
LogPluginManager: Mounting plugin GeometryCache
LogPluginManager: Mounting plugin GeometryCollectionPlugin
LogPluginManager: Mounting plugin GeometryProcessing
LogPluginManager: Mounting plugin PlanarCut
LogPluginManager: Mounting plugin PlatformCrypto
LogPluginManager: Mounting plugin ProxyLODPlugin
LogPluginManager: Mounting plugin SkeletalReduction
LogPluginManager: Mounting plugin Niagara
LogPluginManager: Mounting plugin MagicLeap
LogPluginManager: Mounting plugin MagicLeapLightEstimation
LogPluginManager: Mounting plugin MagicLeapMedia
LogPluginManager: Mounting plugin MagicLeapPassableWorld
LogPluginManager: Mounting plugin MLSDK
LogPluginManager: Mounting plugin AndroidMedia
LogPluginManager: Mounting plugin AvfMedia
LogPluginManager: Mounting plugin ImgMedia
LogPluginManager: Mounting plugin MediaCompositing
LogPluginManager: Mounting plugin MediaPlayerEditor
LogPluginManager: Mounting plugin WebMMedia
LogPluginManager: Mounting plugin WmfMedia
LogPluginManager: Mounting plugin MeshPainting
LogPluginManager: Mounting plugin TcpMessaging
LogPluginManager: Mounting plugin UdpMessaging
LogPluginManager: Mounting plugin ActorSequence
LogPluginManager: Mounting plugin LevelSequenceEditor
LogPluginManager: Mounting plugin MatineeToLevelSequence
LogPluginManager: Mounting plugin MovieRenderPipeline
LogPluginManager: Mounting plugin TemplateSequence
LogPluginManager: Mounting plugin NetcodeUnitTest
LogPluginManager: Mounting plugin NUTUnrealEngine4
LogPluginManager: Mounting plugin OnlineSubsystemGooglePlay
LogPluginManager: Mounting plugin OnlineSubsystemIOS
LogPluginManager: Mounting plugin OnlineSubsystem
LogPluginManager: Mounting plugin OnlineSubsystemNull
LogPluginManager: Mounting plugin OnlineSubsystemUtils
LogPluginManager: Mounting plugin LauncherChunkInstaller
LogPluginManager: Mounting plugin AndroidDeviceProfileSelector
LogPluginManager: Mounting plugin AndroidMoviePlayer
LogPluginManager: Mounting plugin AndroidPermission
LogPluginManager: Mounting plugin AppleImageUtils
LogPluginManager: Mounting plugin AppleMoviePlayer
LogPluginManager: Mounting plugin ArchVisCharacter
LogPluginManager: Mounting plugin AssetTags
LogPluginManager: Mounting plugin AudioCapture
LogPluginManager: Mounting plugin CableComponent
LogPluginManager: Mounting plugin CustomMeshComponent
LogPluginManager: Mounting plugin EditableMesh
LogPluginManager: Mounting plugin ExampleDeviceProfileSelector
LogPluginManager: Mounting plugin GoogleCloudMessaging
LogPluginManager: Mounting plugin GooglePAD
LogPluginManager: Mounting plugin IOSDeviceProfileSelector
LogPluginManager: Mounting plugin LinuxDeviceProfileSelector
LogPluginManager: Mounting plugin LocationServicesBPLibrary
LogPluginManager: Mounting plugin MobilePatchingUtils
LogPluginManager: Mounting plugin OculusVR
LogPluginManager: Mounting plugin PhysXVehicles
LogPluginManager: Mounting plugin PostSplashScreen
LogPluginManager: Mounting plugin ProceduralMeshComponent
LogPluginManager: Mounting plugin RuntimePhysXCooking
LogPluginManager: Mounting plugin SignificanceManager
LogPluginManager: Mounting plugin SoundFields
LogPluginManager: Mounting plugin SteamVR
LogPluginManager: Mounting plugin Synthesis
LogPluginManager: Mounting plugin WebMMoviePlayer
LogPluginManager: Mounting plugin WindowsMoviePlayer
LogPluginManager: Mounting plugin ScreenshotTools
LogInit: Using libcurl 7.55.1-DEV
LogInit:  - built for x86_64-pc-win32
LogInit:  - supports SSL with OpenSSL/1.1.1
LogInit:  - supports HTTP deflate (compression) using libz 1.2.8
LogInit:  - other features:
LogInit:      CURL_VERSION_SSL
LogInit:      CURL_VERSION_LIBZ
LogInit:      CURL_VERSION_IPV6
LogInit:      CURL_VERSION_ASYNCHDNS
LogInit:      CURL_VERSION_LARGEFILE
LogInit:      CURL_VERSION_IDN
LogInit:  CurlRequestOptions (configurable via config and command line):
LogInit:  - bVerifyPeer = true  - Libcurl will verify peer certificate
LogInit:  - bUseHttpProxy = false  - Libcurl will NOT use HTTP proxy
LogInit:  - bDontReuseConnections = false  - Libcurl will reuse connections
LogInit:  - MaxHostConnections = 16  - Libcurl will limit the number of connections to a host
LogInit:  - LocalHostAddr = Default
LogInit:  - BufferSize = 65536
LogOnline: OSS: Creating online subsystem instance for: NULL
LogInit: WinSock: version 1.1 (2.2), MaxSocks=32767, MaxUdp=65467
LogOnline: OSS: TryLoadSubsystemAndSetDefault: Loaded subsystem for module [NULL]
LogInit: Build: ++UE4+Release-4.25-CL-14469661
LogInit: Engine Version: 4.25.4-14469661+++UE4+Release-4.25
LogInit: Compatible Engine Version: 4.25.0-13144385+++UE4+Release-4.25
LogInit: Net CL: 13144385
LogInit: OS: Windows 10 (Release 2004) (), CPU: AMD Ryzen 5 2600 Six-Core Processor            , GPU: NVIDIA GeForce GTX 1660 Ti
LogInit: Compiled (64-bit): Oct 11 2020 08:10:49
LogInit: Compiled with Visual C++: 19.24.28315.00
LogInit: Build Configuration: Development
LogInit: Branch Name: ++UE4+Release-4.25
LogInit: Command Line: 
LogInit: Base Directory: C:/Program Files/Epic Games/UE_4.25/Engine/Binaries/Win64/
LogInit: Allocator: TBB
LogInit: Installed Engine Build: 1
LogDevObjectVersion: Number of dev versions registered: 26
LogDevObjectVersion:   Dev-Blueprints (B0D832E4-1F89-4F0D-ACCF-7EB736FD4AA2): 10
LogDevObjectVersion:   Dev-Build (E1C64328-A22C-4D53-A36C-8E866417BD8C): 0
LogDevObjectVersion:   Dev-Core (375EC13C-06E4-48FB-B500-84F0262A717E): 4
LogDevObjectVersion:   Dev-Editor (E4B068ED-F494-42E9-A231-DA0B2E46BB41): 38
LogDevObjectVersion:   Dev-Framework (CFFC743F-43B0-4480-9391-14DF171D2073): 37
LogDevObjectVersion:   Dev-Mobile (B02B49B5-BB20-44E9-A304-32B752E40360): 2
LogDevObjectVersion:   Dev-Networking (A4E4105C-59A1-49B5-A7C5-40C4547EDFEE): 0
LogDevObjectVersion:   Dev-Online (39C831C9-5AE6-47DC-9A44-9C173E1C8E7C): 0
LogDevObjectVersion:   Dev-Physics (78F01B33-EBEA-4F98-B9B4-84EACCB95AA2): 4
LogDevObjectVersion:   Dev-Platform (6631380F-2D4D-43E0-8009-CF276956A95A): 0
LogDevObjectVersion:   Dev-Rendering (12F88B9F-8875-4AFC-A67C-D90C383ABD29): 43
LogDevObjectVersion:   Dev-Sequencer (7B5AE74C-D270-4C10-A958-57980B212A5A): 12
LogDevObjectVersion:   Dev-VR (D7296918-1DD6-4BDD-9DE2-64A83CC13884): 3
LogDevObjectVersion:   Dev-LoadTimes (C2A15278-BFE7-4AFE-6C17-90FF531DF755): 1
LogDevObjectVersion:   Private-Geometry (6EACA3D4-40EC-4CC1-B786-8BED09428FC5): 3
LogDevObjectVersion:   Dev-AnimPhys (29E575DD-E0A3-4627-9D10-D276232CDCEA): 17
LogDevObjectVersion:   Dev-Anim (AF43A65D-7FD3-4947-9873-3E8ED9C1BB05): 7
LogDevObjectVersion:   Dev-ReflectionCapture (6B266CEC-1EC7-4B8F-A30B-E4D90942FC07): 1
LogDevObjectVersion:   Dev-Automation (0DF73D61-A23F-47EA-B727-89E90C41499A): 1
LogDevObjectVersion:   FortniteMain (601D1886-AC64-4F84-AA16-D3DE0DEAC7D6): 31
LogDevObjectVersion:   Dev-Enterprise (9DFFBCD6-494F-0158-E221-12823C92A888): 10
LogDevObjectVersion:   Dev-Niagara (F2AED0AC-9AFE-416F-8664-AA7FFA26D6FC): 1
LogDevObjectVersion:   Dev-Destruction (174F1F0B-B4C6-45A5-B13F-2EE8D0FB917D): 10
LogDevObjectVersion:   Dev-Physics-Ext (35F94A83-E258-406C-A318-09F59610247C): 37
LogDevObjectVersion:   Dev-PhysicsMaterial-Chaos (B68FC16E-8B1B-42E2-B453-215C058844FE): 1
LogDevObjectVersion:   Dev-CineCamera (B2E18506-4273-CFC2-A54E-F4BB758BBA07): 1
LogInit: Presizing for max 25165824 objects, including 0 objects not considered by GC, pre-allocating 0 bytes for permanent pool.
LogConfig: Applying CVar settings from Section [/Script/Engine.StreamingSettings] File [C:/Users/johnn/OneDrive/Documents/GitHub/PlacementProject/NightmareEscape/Saved/Config/Windows/Engine.ini]
LogConfig: Setting CVar [[s.MinBulkDataSizeForAsyncLoading:131072]]
LogConfig: Setting CVar [[s.AsyncLoadingThreadEnabled:0]]
LogConfig: Setting CVar [[s.EventDrivenLoaderEnabled:1]]
LogConfig: Setting CVar [[s.WarnIfTimeLimitExceeded:0]]
LogConfig: Setting CVar [[s.TimeLimitExceededMultiplier:1.5]]
LogConfig: Setting CVar [[s.TimeLimitExceededMinTime:0.005]]
LogConfig: Setting CVar [[s.UseBackgroundLevelStreaming:1]]
LogConfig: Setting CVar [[s.PriorityAsyncLoadingExtraTime:15.0]]
LogConfig: Setting CVar [[s.LevelStreamingActorsUpdateTimeLimit:5.0]]
LogConfig: Setting CVar [[s.PriorityLevelStreamingActorsUpdateExtraTime:5.0]]
LogConfig: Setting CVar [[s.LevelStreamingComponentsRegistrationGranularity:10]]
LogConfig: Setting CVar [[s.UnregisterComponentsTimeLimit:1.0]]
LogConfig: Setting CVar [[s.LevelStreamingComponentsUnregistrationGranularity:5]]
LogConfig: Setting CVar [[s.FlushStreamingOnExit:1]]
LogInit: Object subsystem initialized
LogConfig: Setting CVar [[con.DebugEarlyDefault:1]]
LogConfig: Setting CVar [[r.setres:1280x720]]
[2021.06.02-13.48.59:949][  0]LogConfig: Setting CVar [[r.VSync:0]]
[2021.06.02-13.48.59:949][  0]LogConfig: Setting CVar [[r.RHICmdBypass:0]]
[2021.06.02-13.48.59:949][  0]LogConfig: Applying CVar settings from Section [/Script/Engine.RendererSettings] File [C:/Users/johnn/OneDrive/Documents/GitHub/PlacementProject/NightmareEscape/Saved/Config/Windows/Engine.ini]
[2021.06.02-13.48.59:949][  0]LogConfig: Setting CVar [[r.GPUCrashDebugging:0]]
[2021.06.02-13.48.59:949][  0]LogConfig: Setting CVar [[r.Mobile.DisableVertexFog:1]]
[2021.06.02-13.48.59:949][  0]LogConfig: Setting CVar [[r.Shadow.CSM.MaxMobileCascades:2]]
[2021.06.02-13.48.59:949][  0]LogConfig: Setting CVar [[r.MobileMSAA:1]]
[2021.06.02-13.48.59:949][  0]LogConfig: Setting CVar [[r.Mobile.UseLegacyShadingModel:0]]
[2021.06.02-13.48.59:949][  0]LogConfig: Setting CVar [[r.Mobile.AllowDitheredLODTransition:0]]
[2021.06.02-13.48.59:949][  0]LogConfig: Setting CVar [[r.Mobile.AllowSoftwareOcclusion:0]]
[2021.06.02-13.48.59:949][  0]LogConfig: Setting CVar [[r.Mobile.VirtualTextures:0]]
[2021.06.02-13.48.59:949][  0]LogConfig: Setting CVar [[r.DiscardUnusedQuality:0]]
[2021.06.02-13.48.59:949][  0]LogConfig: Setting CVar [[r.AllowOcclusionQueries:1]]
[2021.06.02-13.48.59:949][  0]LogConfig: Setting CVar [[r.MinScreenRadiusForLights:0.030000]]
[2021.06.02-13.48.59:949][  0]LogConfig: Setting CVar [[r.MinScreenRadiusForDepthPrepass:0.030000]]
[2021.06.02-13.48.59:949][  0]LogConfig: Setting CVar [[r.MinScreenRadiusForCSMDepth:0.010000]]
[2021.06.02-13.48.59:949][  0]LogConfig: Setting CVar [[r.PrecomputedVisibilityWarning:0]]
[2021.06.02-13.48.59:949][  0]LogConfig: Setting CVar [[r.TextureStreaming:1]]
[2021.06.02-13.48.59:949][  0]LogConfig: Setting CVar [[Compat.UseDXT5NormalMaps:0]]
[2021.06.02-13.48.59:949][  0]LogConfig: Setting CVar [[r.VirtualTextures:0]]
[2021.06.02-13.48.59:949][  0]LogConfig: Setting CVar [[r.VirtualTexturedLightmaps:0]]
[2021.06.02-13.48.59:949][  0]LogConfig: Setting CVar [[r.VT.TileSize:128]]
[2021.06.02-13.48.59:949][  0]LogConfig: Setting CVar [[r.VT.TileBorderSize:4]]
[2021.06.02-13.48.59:949][  0]LogConfig: Setting CVar [[r.vt.FeedbackFactor:16]]
[2021.06.02-13.48.59:949][  0]LogConfig: Setting CVar [[r.VT.EnableCompressZlib:1]]
[2021.06.02-13.48.59:949][  0]LogConfig: Setting CVar [[r.VT.EnableCompressCrunch:0]]
[2021.06.02-13.48.59:949][  0]LogConfig: Setting CVar [[r.ClearCoatNormal:0]]
[2021.06.02-13.48.59:949][  0]LogConfig: Setting CVar [[r.AnisotropicBRDF:0]]
[2021.06.02-13.48.59:949][  0]LogConfig: Setting CVar [[r.ReflectionCaptureResolution:128]]
[2021.06.02-13.48.59:949][  0]LogConfig: Setting CVar [[r.ReflectionEnvironmentLightmapMixBasedOnRoughness:1]]
[2021.06.02-13.48.59:949][  0]LogConfig: Setting CVar [[r.ForwardShading:0]]
[2021.06.02-13.48.59:949][  0]LogConfig: Setting CVar [[r.VertexFoggingForOpaque:1]]
[2021.06.02-13.48.59:949][  0]LogConfig: Setting CVar [[r.AllowStaticLighting:1]]
[2021.06.02-13.48.59:949][  0]LogConfig: Setting CVar [[r.NormalMapsForStaticLighting:0]]
[2021.06.02-13.48.59:949][  0]LogConfig: Setting CVar [[r.GenerateMeshDistanceFields:0]]
[2021.06.02-13.48.59:949][  0]LogConfig: Setting CVar [[r.DistanceFieldBuild.EightBit:0]]
[2021.06.02-13.48.59:949][  0]LogConfig: Setting CVar [[r.GenerateLandscapeGIData:0]]
[2021.06.02-13.48.59:949][  0]LogConfig: Setting CVar [[r.DistanceFieldBuild.Compress:0]]
[2021.06.02-13.48.59:949][  0]LogConfig: Setting CVar [[r.TessellationAdaptivePixelsPerTriangle:48.000000]]
[2021.06.02-13.48.59:949][  0]LogConfig: Setting CVar [[r.SeparateTranslucency:1]]
[2021.06.02-13.48.59:949][  0]LogConfig: Setting CVar [[r.TranslucentSortPolicy:0]]
[2021.06.02-13.48.59:949][  0]LogConfig: Setting CVar [[r.CustomDepth:1]]
[2021.06.02-13.48.59:949][  0]LogConfig: Setting CVar [[r.CustomDepthTemporalAAJitter:1]]
[2021.06.02-13.48.59:949][  0]LogConfig: Setting CVar [[r.PostProcessing.PropagateAlpha:0]]
[2021.06.02-13.48.59:949][  0]LogConfig: Setting CVar [[r.DefaultFeature.Bloom:1]]
[2021.06.02-13.48.59:949][  0]LogConfig: Setting CVar [[r.DefaultFeature.AmbientOcclusion:1]]
[2021.06.02-13.48.59:949][  0]LogConfig: Setting CVar [[r.DefaultFeature.AmbientOcclusionStaticFraction:1]]
[2021.06.02-13.48.59:949][  0]LogConfig: Setting CVar [[r.DefaultFeature.AutoExposure:0]]
[2021.06.02-13.48.59:949][  0]LogConfig: Setting CVar [[r.DefaultFeature.AutoExposure.Method:0]]
[2021.06.02-13.48.59:949][  0]LogConfig: Setting CVar [[r.DefaultFeature.AutoExposure.Bias:1.000000]]
[2021.06.02-13.48.59:949][  0]LogConfig: Setting CVar [[r.DefaultFeature.AutoExposure.ExtendDefaultLuminanceRange:0]]
[2021.06.02-13.48.59:949][  0]LogConfig: Setting CVar [[r.UsePreExposure:1]]
[2021.06.02-13.48.59:949][  0]LogConfig: Setting CVar [[r.EyeAdaptation.EditorOnly:0]]
[2021.06.02-13.48.59:949][  0]LogConfig: Setting CVar [[r.DefaultFeature.MotionBlur:0]]
[2021.06.02-13.48.59:949][  0]LogConfig: Setting CVar [[r.DefaultFeature.LensFlare:0]]
[2021.06.02-13.48.59:949][  0]LogConfig: Setting CVar [[r.TemporalAA.Upsampling:0]]
[2021.06.02-13.48.59:949][  0]LogConfig: Setting CVar [[r.SSGI.Enable:0]]
[2021.06.02-13.48.59:949][  0]LogConfig: Setting CVar [[r.DefaultFeature.AntiAliasing:0]]
[2021.06.02-13.48.59:949][  0]LogConfig: Setting CVar [[r.DefaultFeature.LightUnits:1]]
[2021.06.02-13.48.59:949][  0]LogConfig: Setting CVar [[r.DefaultBackBufferPixelFormat:4]]
[2021.06.02-13.48.59:949][  0]LogConfig: Setting CVar [[r.Shadow.UnbuiltPreviewInGame:1]]
[2021.06.02-13.48.59:949][  0]LogConfig: Setting CVar [[r.StencilForLODDither:0]]
[2021.06.02-13.48.59:949][  0]LogConfig: Setting CVar [[r.EarlyZPass:3]]
[2021.06.02-13.48.59:949][  0]LogConfig: Setting CVar [[r.EarlyZPassOnlyMaterialMasking:0]]
[2021.06.02-13.48.59:949][  0]LogConfig: Setting CVar [[r.DBuffer:1]]
[2021.06.02-13.48.59:949][  0]LogConfig: Setting CVar [[r.ClearSceneMethod:1]]
[2021.06.02-13.48.59:950][  0]LogConfig: Setting CVar [[r.BasePassOutputsVelocity:0]]
[2021.06.02-13.48.59:950][  0]LogConfig: Setting CVar [[r.VertexDeformationOutputsVelocity:0]]
[2021.06.02-13.48.59:950][  0]LogConfig: Setting CVar [[r.SelectiveBasePassOutputs:0]]
[2021.06.02-13.48.59:950][  0]LogConfig: Setting CVar [[fx.GPUSimulationTextureSizeX:1024]]
[2021.06.02-13.48.59:950][  0]LogConfig: Setting CVar [[fx.GPUSimulationTextureSizeY:1024]]
[2021.06.02-13.48.59:950][  0]LogConfig: Setting CVar [[r.AllowGlobalClipPlane:0]]
[2021.06.02-13.48.59:950][  0]LogConfig: Setting CVar [[r.GBufferFormat:1]]
[2021.06.02-13.48.59:950][  0]LogConfig: Setting CVar [[r.MorphTarget.Mode:1]]
[2021.06.02-13.48.59:950][  0]LogConfig: Setting CVar [[vr.InstancedStereo:0]]
[2021.06.02-13.48.59:950][  0]LogConfig: Setting CVar [[r.MobileHDR:1]]
[2021.06.02-13.48.59:950][  0]LogConfig: Setting CVar [[vr.MobileMultiView:0]]
[2021.06.02-13.48.59:950][  0]LogConfig: Setting CVar [[r.Mobile.UseHWsRGBEncoding:0]]
[2021.06.02-13.48.59:950][  0]LogConfig: Setting CVar [[vr.RoundRobinOcclusion:0]]
[2021.06.02-13.48.59:950][  0]LogConfig: Setting CVar [[vr.ODSCapture:0]]
[2021.06.02-13.48.59:950][  0]LogConfig: Setting CVar [[r.MeshStreaming:0]]
[2021.06.02-13.48.59:950][  0]LogConfig: Setting CVar [[r.WireframeCullThreshold:5.000000]]
[2021.06.02-13.48.59:950][  0]LogConfig: Setting CVar [[r.RayTracing:0]]
[2021.06.02-13.48.59:950][  0]LogConfig: Setting CVar [[r.RayTracing.UseTextureLod:0]]
[2021.06.02-13.48.59:950][  0]LogConfig: Setting CVar [[r.SupportStationarySkylight:1]]
[2021.06.02-13.48.59:950][  0]LogConfig: Setting CVar [[r.SupportLowQualityLightmaps:1]]
[2021.06.02-13.48.59:950][  0]LogConfig: Setting CVar [[r.SupportPointLightWholeSceneShadows:1]]
[2021.06.02-13.48.59:950][  0]LogConfig: Setting CVar [[r.SupportAtmosphericFog:1]]
[2021.06.02-13.48.59:950][  0]LogConfig: Setting CVar [[r.SupportSkyAtmosphere:1]]
[2021.06.02-13.48.59:950][  0]LogConfig: Setting CVar [[r.SupportSkyAtmosphereAffectsHeightFog:0]]
[2021.06.02-13.48.59:950][  0]LogConfig: Setting CVar [[r.SkinCache.CompileShaders:0]]
[2021.06.02-13.48.59:950][  0]LogConfig: Setting CVar [[r.SkinCache.DefaultBehavior:1]]
[2021.06.02-13.48.59:950][  0]LogConfig: Setting CVar [[r.SkinCache.SceneMemoryLimitInMB:128.000000]]
[2021.06.02-13.48.59:950][  0]LogConfig: Setting CVar [[r.Mobile.EnableStaticAndCSMShadowReceivers:1]]
[2021.06.02-13.48.59:950][  0]LogConfig: Setting CVar [[r.Mobile.EnableMovableLightCSMShaderCulling:1]]
[2021.06.02-13.48.59:950][  0]LogConfig: Setting CVar [[r.Mobile.AllowDistanceFieldShadows:1]]
[2021.06.02-13.48.59:950][  0]LogConfig: Setting CVar [[r.Mobile.AllowMovableDirectionalLights:1]]
[2021.06.02-13.48.59:950][  0]LogConfig: Setting CVar [[r.MobileNumDynamicPointLights:4]]
[2021.06.02-13.48.59:950][  0]LogConfig: Setting CVar [[r.MobileDynamicPointLightsUseStaticBranch:1]]
[2021.06.02-13.48.59:950][  0]LogConfig: Setting CVar [[r.Mobile.EnableMovableSpotlights:0]]
[2021.06.02-13.48.59:950][  0]LogConfig: Setting CVar [[r.GPUSkin.Support16BitBoneIndex:0]]
[2021.06.02-13.48.59:950][  0]LogConfig: Setting CVar [[r.GPUSkin.Limit2BoneInfluences:0]]
[2021.06.02-13.48.59:950][  0]LogConfig: Setting CVar [[r.SupportDepthOnlyIndexBuffers:1]]
[2021.06.02-13.48.59:950][  0]LogConfig: Setting CVar [[r.SupportReversedIndexBuffers:1]]
[2021.06.02-13.48.59:950][  0]LogConfig: Setting CVar [[r.SupportMaterialLayers:0]]
[2021.06.02-13.48.59:950][  0]LogConfig: Setting CVar [[r.LightPropagationVolume:0]]
[2021.06.02-13.48.59:950][  0]LogConfig: Applying CVar settings from Section [/Script/Engine.RendererOverrideSettings] File [C:/Users/johnn/OneDrive/Documents/GitHub/PlacementProject/NightmareEscape/Saved/Config/Windows/Engine.ini]
[2021.06.02-13.48.59:950][  0]LogConfig: Applying CVar settings from Section [/Script/Engine.StreamingSettings] File [C:/Users/johnn/OneDrive/Documents/GitHub/PlacementProject/NightmareEscape/Saved/Config/Windows/Engine.ini]
[2021.06.02-13.48.59:950][  0]LogConfig: Setting CVar [[s.MinBulkDataSizeForAsyncLoading:131072]]
[2021.06.02-13.48.59:950][  0]LogConfig: Setting CVar [[s.AsyncLoadingThreadEnabled:0]]
[2021.06.02-13.48.59:950][  0]LogConfig: Setting CVar [[s.EventDrivenLoaderEnabled:1]]
[2021.06.02-13.48.59:950][  0]LogConfig: Setting CVar [[s.WarnIfTimeLimitExceeded:0]]
[2021.06.02-13.48.59:950][  0]LogConfig: Setting CVar [[s.TimeLimitExceededMultiplier:1.5]]
[2021.06.02-13.48.59:950][  0]LogConfig: Setting CVar [[s.TimeLimitExceededMinTime:0.005]]
[2021.06.02-13.48.59:950][  0]LogConfig: Setting CVar [[s.UseBackgroundLevelStreaming:1]]
[2021.06.02-13.48.59:950][  0]LogConfig: Setting CVar [[s.PriorityAsyncLoadingExtraTime:15.0]]
[2021.06.02-13.48.59:950][  0]LogConfig: Setting CVar [[s.LevelStreamingActorsUpdateTimeLimit:5.0]]
[2021.06.02-13.48.59:950][  0]LogConfig: Setting CVar [[s.PriorityLevelStreamingActorsUpdateExtraTime:5.0]]
[2021.06.02-13.48.59:950][  0]LogConfig: Setting CVar [[s.LevelStreamingComponentsRegistrationGranularity:10]]
[2021.06.02-13.48.59:950][  0]LogConfig: Setting CVar [[s.UnregisterComponentsTimeLimit:1.0]]
[2021.06.02-13.48.59:950][  0]LogConfig: Setting CVar [[s.LevelStreamingComponentsUnregistrationGranularity:5]]
[2021.06.02-13.48.59:950][  0]LogConfig: Setting CVar [[s.FlushStreamingOnExit:1]]
[2021.06.02-13.48.59:950][  0]LogConfig: Applying CVar settings from Section [/Script/Engine.GarbageCollectionSettings] File [C:/Users/johnn/OneDrive/Documents/GitHub/PlacementProject/NightmareEscape/Saved/Config/Windows/Engine.ini]
[2021.06.02-13.48.59:950][  0]LogConfig: Setting CVar [[gc.MaxObjectsNotConsideredByGC:1]]
[2021.06.02-13.48.59:950][  0]LogConfig: Setting CVar [[gc.SizeOfPermanentObjectPool:0]]
[2021.06.02-13.48.59:950][  0]LogConfig: Setting CVar [[gc.FlushStreamingOnGC:0]]
[2021.06.02-13.48.59:950][  0]LogConfig: Setting CVar [[gc.NumRetriesBeforeForcingGC:10]]
[2021.06.02-13.48.59:950][  0]LogConfig: Setting CVar [[gc.AllowParallelGC:1]]
[2021.06.02-13.48.59:950][  0]LogConfig: Setting CVar [[gc.TimeBetweenPurgingPendingKillObjects:61.1]]
[2021.06.02-13.48.59:950][  0]LogConfig: Setting CVar [[gc.MaxObjectsInEditor:25165824]]
[2021.06.02-13.48.59:950][  0]LogConfig: Setting CVar [[gc.IncrementalBeginDestroyEnabled:1]]
[2021.06.02-13.48.59:950][  0]LogConfig: Setting CVar [[gc.CreateGCClusters:1]]
[2021.06.02-13.48.59:950][  0]LogConfig: Setting CVar [[gc.MinGCClusterSize:5]]
[2021.06.02-13.48.59:950][  0]LogConfig: Setting CVar [[gc.ActorClusteringEnabled:0]]
[2021.06.02-13.48.59:950][  0]LogConfig: Setting CVar [[gc.BlueprintClusteringEnabled:0]]
[2021.06.02-13.48.59:950][  0]LogConfig: Setting CVar [[gc.UseDisregardForGCOnDedicatedServers:0]]
[2021.06.02-13.48.59:950][  0]LogConfig: Applying CVar settings from Section [/Script/Engine.NetworkSettings] File [C:/Users/johnn/OneDrive/Documents/GitHub/PlacementProject/NightmareEscape/Saved/Config/Windows/Engine.ini]
[2021.06.02-13.48.59:950][  0]LogConfig: Applying CVar settings from Section [/Script/UnrealEd.CookerSettings] File [C:/Users/johnn/OneDrive/Documents/GitHub/PlacementProject/NightmareEscape/Saved/Config/Windows/Engine.ini]
[2021.06.02-13.48.59:954][  0]LogConfig: Applying CVar settings from Section [ViewDistanceQuality@3] File [C:/Users/johnn/OneDrive/Documents/GitHub/PlacementProject/NightmareEscape/Saved/Config/Windows/Scalability.ini]
[2021.06.02-13.48.59:954][  0]LogConfig: Setting CVar [[r.SkeletalMeshLODBias:0]]
[2021.06.02-13.48.59:954][  0]LogConfig: Setting CVar [[r.ViewDistanceScale:1.0]]
[2021.06.02-13.48.59:954][  0]LogConfig: Applying CVar settings from Section [AntiAliasingQuality@3] File [C:/Users/johnn/OneDrive/Documents/GitHub/PlacementProject/NightmareEscape/Saved/Config/Windows/Scalability.ini]
[2021.06.02-13.48.59:954][  0]LogConfig: Setting CVar [[r.PostProcessAAQuality:4]]
[2021.06.02-13.48.59:954][  0]LogConfig: Applying CVar settings from Section [ShadowQuality@3] File [C:/Users/johnn/OneDrive/Documents/GitHub/PlacementProject/NightmareEscape/Saved/Config/Windows/Scalability.ini]
[2021.06.02-13.48.59:954][  0]LogConfig: Setting CVar [[r.LightFunctionQuality:1]]
[2021.06.02-13.48.59:954][  0]LogConfig: Setting CVar [[r.ShadowQuality:5]]
[2021.06.02-13.48.59:954][  0]LogConfig: Setting CVar [[r.Shadow.CSM.MaxCascades:10]]
[2021.06.02-13.48.59:954][  0]LogConfig: Setting CVar [[r.Shadow.MaxResolution:2048]]
[2021.06.02-13.48.59:954][  0]LogConfig: Setting CVar [[r.Shadow.MaxCSMResolution:2048]]
[2021.06.02-13.48.59:954][  0]LogConfig: Setting CVar [[r.Shadow.RadiusThreshold:0.01]]
[2021.06.02-13.48.59:954][  0]LogConfig: Setting CVar [[r.Shadow.DistanceScale:1.0]]
[2021.06.02-13.48.59:954][  0]LogConfig: Setting CVar [[r.Shadow.CSM.TransitionScale:1.0]]
[2021.06.02-13.48.59:954][  0]LogConfig: Setting CVar [[r.Shadow.PreShadowResolutionFactor:1.0]]
[2021.06.02-13.48.59:954][  0]LogConfig: Setting CVar [[r.DistanceFieldShadowing:1]]
[2021.06.02-13.48.59:954][  0]LogConfig: Setting CVar [[r.DistanceFieldAO:1]]
[2021.06.02-13.48.59:954][  0]LogConfig: Setting CVar [[r.AOQuality:2]]
[2021.06.02-13.48.59:954][  0]LogConfig: Setting CVar [[r.VolumetricFog:1]]
[2021.06.02-13.48.59:954][  0]LogConfig: Setting CVar [[r.VolumetricFog.GridPixelSize:8]]
[2021.06.02-13.48.59:954][  0]LogConfig: Setting CVar [[r.VolumetricFog.GridSizeZ:128]]
[2021.06.02-13.48.59:954][  0]LogConfig: Setting CVar [[r.VolumetricFog.HistoryMissSupersampleCount:4]]
[2021.06.02-13.48.59:954][  0]LogConfig: Setting CVar [[r.LightMaxDrawDistanceScale:1]]
[2021.06.02-13.48.59:954][  0]LogConfig: Setting CVar [[r.CapsuleShadows:1]]
[2021.06.02-13.48.59:954][  0]LogConfig: Applying CVar settings from Section [PostProcessQuality@3] File [C:/Users/johnn/OneDrive/Documents/GitHub/PlacementProject/NightmareEscape/Saved/Config/Windows/Scalability.ini]
[2021.06.02-13.48.59:955][  0]LogConfig: Setting CVar [[r.MotionBlurQuality:4]]
[2021.06.02-13.48.59:955][  0]LogConfig: Setting CVar [[r.AmbientOcclusionMipLevelFactor:0.4]]
[2021.06.02-13.48.59:955][  0]LogConfig: Setting CVar [[r.AmbientOcclusionMaxQuality:100]]
[2021.06.02-13.48.59:955][  0]LogConfig: Setting CVar [[r.AmbientOcclusionLevels:-1]]
[2021.06.02-13.48.59:955][  0]LogConfig: Setting CVar [[r.AmbientOcclusionRadiusScale:1.0]]
[2021.06.02-13.48.59:955][  0]LogConfig: Setting CVar [[r.DepthOfFieldQuality:2]]
[2021.06.02-13.48.59:955][  0]LogConfig: Setting CVar [[r.RenderTargetPoolMin:400]]
[2021.06.02-13.48.59:955][  0]LogConfig: Setting CVar [[r.LensFlareQuality:2]]
[2021.06.02-13.48.59:955][  0]LogConfig: Setting CVar [[r.SceneColorFringeQuality:1]]
[2021.06.02-13.48.59:955][  0]LogConfig: Setting CVar [[r.EyeAdaptationQuality:2]]
[2021.06.02-13.48.59:955][  0]LogConfig: Setting CVar [[r.BloomQuality:5]]
[2021.06.02-13.48.59:955][  0]LogConfig: Setting CVar [[r.FastBlurThreshold:100]]
[2021.06.02-13.48.59:955][  0]LogConfig: Setting CVar [[r.Upscale.Quality:3]]
[2021.06.02-13.48.59:955][  0]LogConfig: Setting CVar [[r.Tonemapper.GrainQuantization:1]]
[2021.06.02-13.48.59:955][  0]LogConfig: Setting CVar [[r.LightShaftQuality:1]]
[2021.06.02-13.48.59:955][  0]LogConfig: Setting CVar [[r.Filter.SizeScale:1]]
[2021.06.02-13.48.59:955][  0]LogConfig: Setting CVar [[r.Tonemapper.Quality:5]]
[2021.06.02-13.48.59:955][  0]LogConfig: Setting CVar [[r.DOF.Gather.AccumulatorQuality:1        ; higher gathering accumulator quality]]
[2021.06.02-13.48.59:955][  0]LogConfig: Setting CVar [[r.DOF.Gather.PostfilterMethod:1          ; Median3x3 postfilering method]]
[2021.06.02-13.48.59:955][  0]LogConfig: Setting CVar [[r.DOF.Gather.EnableBokehSettings:0       ; no bokeh simulation when gathering]]
[2021.06.02-13.48.59:955][  0]LogConfig: Setting CVar [[r.DOF.Gather.RingCount:4                 ; medium number of samples when gathering]]
[2021.06.02-13.48.59:955][  0]LogConfig: Setting CVar [[r.DOF.Scatter.ForegroundCompositing:1    ; additive foreground scattering]]
[2021.06.02-13.48.59:955][  0]LogConfig: Setting CVar [[r.DOF.Scatter.BackgroundCompositing:2    ; additive background scattering]]
[2021.06.02-13.48.59:955][  0]LogConfig: Setting CVar [[r.DOF.Scatter.EnableBokehSettings:1      ; bokeh simulation when scattering]]
[2021.06.02-13.48.59:955][  0]LogConfig: Setting CVar [[r.DOF.Scatter.MaxSpriteRatio:0.1         ; only a maximum of 10% of scattered bokeh]]
[2021.06.02-13.48.59:955][  0]LogConfig: Setting CVar [[r.DOF.Recombine.Quality:1                ; cheap slight out of focus]]
[2021.06.02-13.48.59:955][  0]LogConfig: Setting CVar [[r.DOF.Recombine.EnableBokehSettings:0    ; no bokeh simulation on slight out of focus]]
[2021.06.02-13.48.59:955][  0]LogConfig: Setting CVar [[r.DOF.TemporalAAQuality:1                ; more stable temporal accumulation]]
[2021.06.02-13.48.59:955][  0]LogConfig: Setting CVar [[r.DOF.Kernel.MaxForegroundRadius:0.025]]
[2021.06.02-13.48.59:955][  0]LogConfig: Setting CVar [[r.DOF.Kernel.MaxBackgroundRadius:0.025]]
[2021.06.02-13.48.59:955][  0]LogConfig: Applying CVar settings from Section [TextureQuality@3] File [C:/Users/johnn/OneDrive/Documents/GitHub/PlacementProject/NightmareEscape/Saved/Config/Windows/Scalability.ini]
[2021.06.02-13.48.59:955][  0]LogConfig: Setting CVar [[r.Streaming.MipBias:0]]
[2021.06.02-13.48.59:955][  0]LogConfig: Setting CVar [[r.Streaming.AmortizeCPUToGPUCopy:0]]
[2021.06.02-13.48.59:955][  0]LogConfig: Setting CVar [[r.Streaming.MaxNumTexturesToStreamPerFrame:0]]
[2021.06.02-13.48.59:955][  0]LogConfig: Setting CVar [[r.Streaming.Boost:1]]
[2021.06.02-13.48.59:955][  0]LogConfig: Setting CVar [[r.MaxAnisotropy:8]]
[2021.06.02-13.48.59:955][  0]LogConfig: Setting CVar [[r.VT.MaxAnisotropy:8]]
[2021.06.02-13.48.59:955][  0]LogConfig: Setting CVar [[r.Streaming.LimitPoolSizeToVRAM:0]]
[2021.06.02-13.48.59:955][  0]LogConfig: Setting CVar [[r.Streaming.PoolSize:1000]]
[2021.06.02-13.48.59:955][  0]LogConfig: Setting CVar [[r.Streaming.MaxEffectiveScreenSize:0]]
[2021.06.02-13.48.59:955][  0]LogConfig: Applying CVar settings from Section [EffectsQuality@3] File [C:/Users/johnn/OneDrive/Documents/GitHub/PlacementProject/NightmareEscape/Saved/Config/Windows/Scalability.ini]
[2021.06.02-13.48.59:955][  0]LogConfig: Setting CVar [[r.TranslucencyLightingVolumeDim:64]]
[2021.06.02-13.48.59:955][  0]LogConfig: Setting CVar [[r.RefractionQuality:2]]
[2021.06.02-13.48.59:955][  0]LogConfig: Setting CVar [[r.SSR.Quality:3]]
[2021.06.02-13.48.59:955][  0]LogConfig: Setting CVar [[r.SSR.HalfResSceneColor:0]]
[2021.06.02-13.48.59:955][  0]LogConfig: Setting CVar [[r.SceneColorFormat:4]]
[2021.06.02-13.48.59:955][  0]LogConfig: Setting CVar [[r.DetailMode:2]]
[2021.06.02-13.48.59:955][  0]LogConfig: Setting CVar [[r.TranslucencyVolumeBlur:1]]
[2021.06.02-13.48.59:955][  0]LogConfig: Setting CVar [[r.MaterialQualityLevel:1 ; High quality]]
[2021.06.02-13.48.59:955][  0]LogConfig: Setting CVar [[r.SSS.Scale:1]]
[2021.06.02-13.48.59:955][  0]LogConfig: Setting CVar [[r.SSS.SampleSet:2]]
[2021.06.02-13.48.59:955][  0]LogConfig: Setting CVar [[r.SSS.Quality:1]]
[2021.06.02-13.48.59:955][  0]LogConfig: Setting CVar [[r.SSS.HalfRes:0]]
[2021.06.02-13.48.59:955][  0]LogConfig: Setting CVar [[r.SSGI.Quality:3]]
[2021.06.02-13.48.59:955][  0]LogConfig: Setting CVar [[r.EmitterSpawnRateScale:1.0]]
[2021.06.02-13.48.59:955][  0]LogConfig: Setting CVar [[r.ParticleLightQuality:2]]
[2021.06.02-13.48.59:955][  0]LogConfig: Setting CVar [[r.SkyAtmosphere.AerialPerspectiveLUT.FastApplyOnOpaque:1 ; Always have FastSkyLUT 1 in this case to avoid wrong sky]]
[2021.06.02-13.48.59:955][  0]LogConfig: Setting CVar [[r.SkyAtmosphere.AerialPerspectiveLUT.SampleCountPerSlice:1]]
[2021.06.02-13.48.59:955][  0]LogConfig: Setting CVar [[r.SkyAtmosphere.AerialPerspectiveLUT.DepthResolution:16.0]]
[2021.06.02-13.48.59:955][  0]LogConfig: Setting CVar [[r.SkyAtmosphere.FastSkyLUT:1]]
[2021.06.02-13.48.59:955][  0]LogConfig: Setting CVar [[r.SkyAtmosphere.FastSkyLUT.SampleCountMin:4.0]]
[2021.06.02-13.48.59:955][  0]LogConfig: Setting CVar [[r.SkyAtmosphere.FastSkyLUT.SampleCountMax:32.0]]
[2021.06.02-13.48.59:955][  0]LogConfig: Setting CVar [[r.SkyAtmosphere.SampleCountMin:4.0]]
[2021.06.02-13.48.59:955][  0]LogConfig: Setting CVar [[r.SkyAtmosphere.SampleCountMax:32.0]]
[2021.06.02-13.48.59:955][  0]LogConfig: Setting CVar [[r.SkyAtmosphere.TransmittanceLUT.UseSmallFormat:0]]
[2021.06.02-13.48.59:955][  0]LogConfig: Setting CVar [[r.SkyAtmosphere.TransmittanceLUT.SampleCount:10.0]]
[2021.06.02-13.48.59:955][  0]LogConfig: Setting CVar [[r.SkyAtmosphere.MultiScatteringLUT.SampleCount:15.0]]
[2021.06.02-13.48.59:955][  0]LogConfig: Applying CVar settings from Section [FoliageQuality@3] File [C:/Users/johnn/OneDrive/Documents/GitHub/PlacementProject/NightmareEscape/Saved/Config/Windows/Scalability.ini]
[2021.06.02-13.48.59:955][  0]LogConfig: Setting CVar [[foliage.DensityScale:1.0]]
[2021.06.02-13.48.59:955][  0]LogConfig: Setting CVar [[grass.DensityScale:1.0]]
[2021.06.02-13.48.59:955][  0]LogConfig: Applying CVar settings from Section [ShadingQuality@3] File [C:/Users/johnn/OneDrive/Documents/GitHub/PlacementProject/NightmareEscape/Saved/Config/Windows/Scalability.ini]
[2021.06.02-13.48.59:955][  0]LogConfig: Setting CVar [[r.HairStrands.SkyLighting.SampleCount:16]]
[2021.06.02-13.48.59:955][  0]LogConfig: Setting CVar [[r.HairStrands.SkyLighting.JitterIntegration:0]]
[2021.06.02-13.48.59:955][  0]LogConfig: Setting CVar [[r.HairStrands.SkyAO.SampleCount:16]]
[2021.06.02-13.48.59:955][  0]LogConfig: Setting CVar [[r.HairStrands.DeepShadow.SuperSampling:0]]
[2021.06.02-13.48.59:955][  0]LogConfig: Setting CVar [[r.HairStrands.VisibilityPPLL:0]]
[2021.06.02-13.48.59:955][  0]LogConfig: Setting CVar [[r.HairStrands.RasterizationScale:0.5]]
[2021.06.02-13.48.59:956][  0]LogConfig: Setting CVar [[r.HairStrands.VelocityRasterizationScale:1]]
[2021.06.02-13.48.59:956][  0]LogInit: Selected Device Profile: [Windows]
[2021.06.02-13.48.59:956][  0]LogInit: Applying CVar settings loaded from the selected device profile: [Windows]
[2021.06.02-13.48.59:956][  0]LogHAL: Display: Platform has ~ 16 GB [17126981632 / 17179869184 / 16], which maps to Larger [LargestMinGB=32, LargerMinGB=12, DefaultMinGB=8, SmallerMinGB=6, SmallestMinGB=0)
[2021.06.02-13.48.59:956][  0]LogInit: Going up to parent DeviceProfile []
[2021.06.02-13.48.59:956][  0]LogConfig: Applying CVar settings from Section [ViewDistanceQuality@3] File [C:/Users/johnn/OneDrive/Documents/GitHub/PlacementProject/NightmareEscape/Saved/Config/Windows/Scalability.ini]
[2021.06.02-13.48.59:956][  0]LogConfig: Setting CVar [[r.SkeletalMeshLODBias:0]]
[2021.06.02-13.48.59:956][  0]LogConfig: Setting CVar [[r.ViewDistanceScale:1.0]]
[2021.06.02-13.48.59:956][  0]LogConfig: Applying CVar settings from Section [AntiAliasingQuality@3] File [C:/Users/johnn/OneDrive/Documents/GitHub/PlacementProject/NightmareEscape/Saved/Config/Windows/Scalability.ini]
[2021.06.02-13.48.59:956][  0]LogConfig: Setting CVar [[r.PostProcessAAQuality:4]]
[2021.06.02-13.48.59:956][  0]LogConfig: Applying CVar settings from Section [ShadowQuality@3] File [C:/Users/johnn/OneDrive/Documents/GitHub/PlacementProject/NightmareEscape/Saved/Config/Windows/Scalability.ini]
[2021.06.02-13.48.59:956][  0]LogConfig: Setting CVar [[r.LightFunctionQuality:1]]
[2021.06.02-13.48.59:956][  0]LogConfig: Setting CVar [[r.ShadowQuality:5]]
[2021.06.02-13.48.59:956][  0]LogConfig: Setting CVar [[r.Shadow.CSM.MaxCascades:10]]
[2021.06.02-13.48.59:956][  0]LogConfig: Setting CVar [[r.Shadow.MaxResolution:2048]]
[2021.06.02-13.48.59:956][  0]LogConfig: Setting CVar [[r.Shadow.MaxCSMResolution:2048]]
[2021.06.02-13.48.59:956][  0]LogConfig: Setting CVar [[r.Shadow.RadiusThreshold:0.01]]
[2021.06.02-13.48.59:956][  0]LogConfig: Setting CVar [[r.Shadow.DistanceScale:1.0]]
[2021.06.02-13.48.59:956][  0]LogConfig: Setting CVar [[r.Shadow.CSM.TransitionScale:1.0]]
[2021.06.02-13.48.59:956][  0]LogConfig: Setting CVar [[r.Shadow.PreShadowResolutionFactor:1.0]]
[2021.06.02-13.48.59:956][  0]LogConfig: Setting CVar [[r.DistanceFieldShadowing:1]]
[2021.06.02-13.48.59:956][  0]LogConfig: Setting CVar [[r.DistanceFieldAO:1]]
[2021.06.02-13.48.59:956][  0]LogConfig: Setting CVar [[r.AOQuality:2]]
[2021.06.02-13.48.59:956][  0]LogConfig: Setting CVar [[r.VolumetricFog:1]]
[2021.06.02-13.48.59:956][  0]LogConfig: Setting CVar [[r.VolumetricFog.GridPixelSize:8]]
[2021.06.02-13.48.59:956][  0]LogConfig: Setting CVar [[r.VolumetricFog.GridSizeZ:128]]
[2021.06.02-13.48.59:956][  0]LogConfig: Setting CVar [[r.VolumetricFog.HistoryMissSupersampleCount:4]]
[2021.06.02-13.48.59:956][  0]LogConfig: Setting CVar [[r.LightMaxDrawDistanceScale:1]]
[2021.06.02-13.48.59:956][  0]LogConfig: Setting CVar [[r.CapsuleShadows:1]]
[2021.06.02-13.48.59:956][  0]LogConfig: Applying CVar settings from Section [PostProcessQuality@3] File [C:/Users/johnn/OneDrive/Documents/GitHub/PlacementProject/NightmareEscape/Saved/Config/Windows/Scalability.ini]
[2021.06.02-13.48.59:956][  0]LogConfig: Setting CVar [[r.MotionBlurQuality:4]]
[2021.06.02-13.48.59:956][  0]LogConfig: Setting CVar [[r.AmbientOcclusionMipLevelFactor:0.4]]
[2021.06.02-13.48.59:956][  0]LogConfig: Setting CVar [[r.AmbientOcclusionMaxQuality:100]]
[2021.06.02-13.48.59:956][  0]LogConfig: Setting CVar [[r.AmbientOcclusionLevels:-1]]
[2021.06.02-13.48.59:956][  0]LogConfig: Setting CVar [[r.AmbientOcclusionRadiusScale:1.0]]
[2021.06.02-13.48.59:956][  0]LogConfig: Setting CVar [[r.DepthOfFieldQuality:2]]
[2021.06.02-13.48.59:956][  0]LogConfig: Setting CVar [[r.RenderTargetPoolMin:400]]
[2021.06.02-13.48.59:956][  0]LogConfig: Setting CVar [[r.LensFlareQuality:2]]
[2021.06.02-13.48.59:956][  0]LogConfig: Setting CVar [[r.SceneColorFringeQuality:1]]
[2021.06.02-13.48.59:956][  0]LogConfig: Setting CVar [[r.EyeAdaptationQuality:2]]
[2021.06.02-13.48.59:956][  0]LogConfig: Setting CVar [[r.BloomQuality:5]]
[2021.06.02-13.48.59:956][  0]LogConfig: Setting CVar [[r.FastBlurThreshold:100]]
[2021.06.02-13.48.59:956][  0]LogConfig: Setting CVar [[r.Upscale.Quality:3]]
[2021.06.02-13.48.59:956][  0]LogConfig: Setting CVar [[r.Tonemapper.GrainQuantization:1]]
[2021.06.02-13.48.59:956][  0]LogConfig: Setting CVar [[r.LightShaftQuality:1]]
[2021.06.02-13.48.59:956][  0]LogConfig: Setting CVar [[r.Filter.SizeScale:1]]
[2021.06.02-13.48.59:956][  0]LogConfig: Setting CVar [[r.Tonemapper.Quality:5]]
[2021.06.02-13.48.59:956][  0]LogConfig: Setting CVar [[r.DOF.Gather.AccumulatorQuality:1        ; higher gathering accumulator quality]]
[2021.06.02-13.48.59:956][  0]LogConfig: Setting CVar [[r.DOF.Gather.PostfilterMethod:1          ; Median3x3 postfilering method]]
[2021.06.02-13.48.59:956][  0]LogConfig: Setting CVar [[r.DOF.Gather.EnableBokehSettings:0       ; no bokeh simulation when gathering]]
[2021.06.02-13.48.59:956][  0]LogConfig: Setting CVar [[r.DOF.Gather.RingCount:4                 ; medium number of samples when gathering]]
[2021.06.02-13.48.59:956][  0]LogConfig: Setting CVar [[r.DOF.Scatter.ForegroundCompositing:1    ; additive foreground scattering]]
[2021.06.02-13.48.59:956][  0]LogConfig: Setting CVar [[r.DOF.Scatter.BackgroundCompositing:2    ; additive background scattering]]
[2021.06.02-13.48.59:956][  0]LogConfig: Setting CVar [[r.DOF.Scatter.EnableBokehSettings:1      ; bokeh simulation when scattering]]
[2021.06.02-13.48.59:956][  0]LogConfig: Setting CVar [[r.DOF.Scatter.MaxSpriteRatio:0.1         ; only a maximum of 10% of scattered bokeh]]
[2021.06.02-13.48.59:956][  0]LogConfig: Setting CVar [[r.DOF.Recombine.Quality:1                ; cheap slight out of focus]]
[2021.06.02-13.48.59:956][  0]LogConfig: Setting CVar [[r.DOF.Recombine.EnableBokehSettings:0    ; no bokeh simulation on slight out of focus]]
[2021.06.02-13.48.59:956][  0]LogConfig: Setting CVar [[r.DOF.TemporalAAQuality:1                ; more stable temporal accumulation]]
[2021.06.02-13.48.59:956][  0]LogConfig: Setting CVar [[r.DOF.Kernel.MaxForegroundRadius:0.025]]
[2021.06.02-13.48.59:956][  0]LogConfig: Setting CVar [[r.DOF.Kernel.MaxBackgroundRadius:0.025]]
[2021.06.02-13.48.59:956][  0]LogConfig: Applying CVar settings from Section [TextureQuality@3] File [C:/Users/johnn/OneDrive/Documents/GitHub/PlacementProject/NightmareEscape/Saved/Config/Windows/Scalability.ini]
[2021.06.02-13.48.59:956][  0]LogConfig: Setting CVar [[r.Streaming.MipBias:0]]
[2021.06.02-13.48.59:956][  0]LogConfig: Setting CVar [[r.Streaming.AmortizeCPUToGPUCopy:0]]
[2021.06.02-13.48.59:956][  0]LogConfig: Setting CVar [[r.Streaming.MaxNumTexturesToStreamPerFrame:0]]
[2021.06.02-13.48.59:956][  0]LogConfig: Setting CVar [[r.Streaming.Boost:1]]
[2021.06.02-13.48.59:956][  0]LogConfig: Setting CVar [[r.MaxAnisotropy:8]]
[2021.06.02-13.48.59:956][  0]LogConfig: Setting CVar [[r.VT.MaxAnisotropy:8]]
[2021.06.02-13.48.59:956][  0]LogConfig: Setting CVar [[r.Streaming.LimitPoolSizeToVRAM:0]]
[2021.06.02-13.48.59:956][  0]LogConfig: Setting CVar [[r.Streaming.PoolSize:1000]]
[2021.06.02-13.48.59:956][  0]LogConfig: Setting CVar [[r.Streaming.MaxEffectiveScreenSize:0]]
[2021.06.02-13.48.59:956][  0]LogConfig: Applying CVar settings from Section [EffectsQuality@3] File [C:/Users/johnn/OneDrive/Documents/GitHub/PlacementProject/NightmareEscape/Saved/Config/Windows/Scalability.ini]
[2021.06.02-13.48.59:957][  0]LogConfig: Setting CVar [[r.TranslucencyLightingVolumeDim:64]]
[2021.06.02-13.48.59:957][  0]LogConfig: Setting CVar [[r.RefractionQuality:2]]
[2021.06.02-13.48.59:957][  0]LogConfig: Setting CVar [[r.SSR.Quality:3]]
[2021.06.02-13.48.59:957][  0]LogConfig: Setting CVar [[r.SSR.HalfResSceneColor:0]]
[2021.06.02-13.48.59:957][  0]LogConfig: Setting CVar [[r.SceneColorFormat:4]]
[2021.06.02-13.48.59:957][  0]LogConfig: Setting CVar [[r.DetailMode:2]]
[2021.06.02-13.48.59:957][  0]LogConfig: Setting CVar [[r.TranslucencyVolumeBlur:1]]
[2021.06.02-13.48.59:957][  0]LogConfig: Setting CVar [[r.MaterialQualityLevel:1 ; High quality]]
[2021.06.02-13.48.59:957][  0]LogConfig: Setting CVar [[r.SSS.Scale:1]]
[2021.06.02-13.48.59:957][  0]LogConfig: Setting CVar [[r.SSS.SampleSet:2]]
[2021.06.02-13.48.59:957][  0]LogConfig: Setting CVar [[r.SSS.Quality:1]]
[2021.06.02-13.48.59:957][  0]LogConfig: Setting CVar [[r.SSS.HalfRes:0]]
[2021.06.02-13.48.59:957][  0]LogConfig: Setting CVar [[r.SSGI.Quality:3]]
[2021.06.02-13.48.59:957][  0]LogConfig: Setting CVar [[r.EmitterSpawnRateScale:1.0]]
[2021.06.02-13.48.59:957][  0]LogConfig: Setting CVar [[r.ParticleLightQuality:2]]
[2021.06.02-13.48.59:957][  0]LogConfig: Setting CVar [[r.SkyAtmosphere.AerialPerspectiveLUT.FastApplyOnOpaque:1 ; Always have FastSkyLUT 1 in this case to avoid wrong sky]]
[2021.06.02-13.48.59:957][  0]LogConfig: Setting CVar [[r.SkyAtmosphere.AerialPerspectiveLUT.SampleCountPerSlice:1]]
[2021.06.02-13.48.59:957][  0]LogConfig: Setting CVar [[r.SkyAtmosphere.AerialPerspectiveLUT.DepthResolution:16.0]]
[2021.06.02-13.48.59:957][  0]LogConfig: Setting CVar [[r.SkyAtmosphere.FastSkyLUT:1]]
[2021.06.02-13.48.59:957][  0]LogConfig: Setting CVar [[r.SkyAtmosphere.FastSkyLUT.SampleCountMin:4.0]]
[2021.06.02-13.48.59:957][  0]LogConfig: Setting CVar [[r.SkyAtmosphere.FastSkyLUT.SampleCountMax:32.0]]
[2021.06.02-13.48.59:957][  0]LogConfig: Setting CVar [[r.SkyAtmosphere.SampleCountMin:4.0]]
[2021.06.02-13.48.59:957][  0]LogConfig: Setting CVar [[r.SkyAtmosphere.SampleCountMax:32.0]]
[2021.06.02-13.48.59:957][  0]LogConfig: Setting CVar [[r.SkyAtmosphere.TransmittanceLUT.UseSmallFormat:0]]
[2021.06.02-13.48.59:957][  0]LogConfig: Setting CVar [[r.SkyAtmosphere.TransmittanceLUT.SampleCount:10.0]]
[2021.06.02-13.48.59:957][  0]LogConfig: Setting CVar [[r.SkyAtmosphere.MultiScatteringLUT.SampleCount:15.0]]
[2021.06.02-13.48.59:957][  0]LogConfig: Applying CVar settings from Section [FoliageQuality@3] File [C:/Users/johnn/OneDrive/Documents/GitHub/PlacementProject/NightmareEscape/Saved/Config/Windows/Scalability.ini]
[2021.06.02-13.48.59:957][  0]LogConfig: Setting CVar [[foliage.DensityScale:1.0]]
[2021.06.02-13.48.59:957][  0]LogConfig: Setting CVar [[grass.DensityScale:1.0]]
[2021.06.02-13.48.59:957][  0]LogConfig: Applying CVar settings from Section [ShadingQuality@3] File [C:/Users/johnn/OneDrive/Documents/GitHub/PlacementProject/NightmareEscape/Saved/Config/Windows/Scalability.ini]
[2021.06.02-13.48.59:957][  0]LogConfig: Setting CVar [[r.HairStrands.SkyLighting.SampleCount:16]]
[2021.06.02-13.48.59:957][  0]LogConfig: Setting CVar [[r.HairStrands.SkyLighting.JitterIntegration:0]]
[2021.06.02-13.48.59:957][  0]LogConfig: Setting CVar [[r.HairStrands.SkyAO.SampleCount:16]]
[2021.06.02-13.48.59:957][  0]LogConfig: Setting CVar [[r.HairStrands.DeepShadow.SuperSampling:0]]
[2021.06.02-13.48.59:957][  0]LogConfig: Setting CVar [[r.HairStrands.VisibilityPPLL:0]]
[2021.06.02-13.48.59:957][  0]LogConfig: Setting CVar [[r.HairStrands.RasterizationScale:0.5]]
[2021.06.02-13.48.59:957][  0]LogConfig: Setting CVar [[r.HairStrands.VelocityRasterizationScale:1]]
[2021.06.02-13.48.59:957][  0]LogConfig: Applying CVar settings from Section [Startup] File [../../../Engine/Config/ConsoleVariables.ini]
[2021.06.02-13.48.59:957][  0]LogConfig: Setting CVar [[net.UseAdaptiveNetUpdateFrequency:0]]
[2021.06.02-13.48.59:957][  0]LogConfig: Setting CVar [[p.chaos.AllowCreatePhysxBodies:1]]
[2021.06.02-13.48.59:957][  0]LogConfig: Setting CVar [[fx.SkipVectorVMBackendOptimizations:1]]
[2021.06.02-13.48.59:957][  0]LogConfig: Applying CVar settings from Section [ConsoleVariables] File [C:/Users/johnn/OneDrive/Documents/GitHub/PlacementProject/NightmareEscape/Saved/Config/Windows/Engine.ini]
[2021.06.02-13.48.59:957][  0]LogInit: Computer: DESKTOP-ADOBA4O
[2021.06.02-13.48.59:957][  0]LogInit: User: johnn
[2021.06.02-13.48.59:958][  0]LogInit: CPU Page size=4096, Cores=6
[2021.06.02-13.48.59:958][  0]LogInit: High frequency timer resolution =10.000000 MHz
[2021.06.02-13.48.59:958][  0]LogMemory: Memory total: Physical=16.0GB (16GB approx)
[2021.06.02-13.48.59:958][  0]LogMemory: Platform Memory Stats for Windows
[2021.06.02-13.48.59:958][  0]LogMemory: Process Physical Memory: 116.40 MB used, 116.41 MB peak
[2021.06.02-13.48.59:958][  0]LogMemory: Process Virtual Memory: 97.07 MB used, 97.07 MB peak
[2021.06.02-13.48.59:958][  0]LogMemory: Physical Memory: 7421.44 MB used,  8912.12 MB free, 16333.56 MB total
[2021.06.02-13.48.59:958][  0]LogMemory: Virtual Memory: 5166.61 MB used,  134212560.00 MB free, 134217728.00 MB total
[2021.06.02-13.48.59:964][  0]LogWindows: WindowsPlatformFeatures enabled
[2021.06.02-13.49.00:011][  0]LogInit: Physics initialised using underlying interface: PhysX
[2021.06.02-13.49.00:012][  0]LogInit: Using OS detected language (en-GB).
[2021.06.02-13.49.00:012][  0]LogInit: Using OS detected locale (en-GB).
[2021.06.02-13.49.00:016][  0]LogTextLocalizationManager: No specific localization for 'en-GB' exists, so the 'en' localization will be used.
[2021.06.02-13.49.00:202][  0]LogInit: Setting process to per monitor DPI aware
[2021.06.02-13.49.00:239][  0]LogSlate: New Slate User Created.  User Index 0, Is Virtual User: 0
[2021.06.02-13.49.00:239][  0]LogSlate: Slate User Registered.  User Index 0, Is Virtual User: 0
[2021.06.02-13.49.00:414][  0]LogHMD: Failed to initialize OpenVR with code 110
[2021.06.02-13.49.00:414][  0]LogD3D11RHI: D3D11 min allowed feature level: 11_0
[2021.06.02-13.49.00:414][  0]LogD3D11RHI: D3D11 max allowed feature level: 11_0
[2021.06.02-13.49.00:414][  0]LogD3D11RHI: D3D11 adapters:
[2021.06.02-13.49.00:515][  0]LogD3D11RHI:    0. 'NVIDIA GeForce GTX 1660 Ti' (Feature Level 11_0)
[2021.06.02-13.49.00:515][  0]LogD3D11RHI:       5991/0/8166 MB DedicatedVideo/DedicatedSystem/SharedSystem, Outputs:2, VendorId:0x10de
[2021.06.02-13.49.00:517][  0]LogD3D11RHI:    1. 'Microsoft Basic Render Driver' (Feature Level 11_0)
[2021.06.02-13.49.00:517][  0]LogD3D11RHI:       0/0/8166 MB DedicatedVideo/DedicatedSystem/SharedSystem, Outputs:0, VendorId:0x1414
[2021.06.02-13.49.00:518][  0]LogD3D11RHI: Chosen D3D11 Adapter: 0
[2021.06.02-13.49.00:525][  0]LogD3D11RHI: Creating new Direct3DDevice
[2021.06.02-13.49.00:525][  0]LogD3D11RHI:     GPU DeviceId: 0x2182 (for the marketing name, search the web for "GPU Device Id")
[2021.06.02-13.49.00:525][  0]LogWindows: EnumDisplayDevices:
[2021.06.02-13.49.00:525][  0]LogWindows:    0. 'NVIDIA GeForce GTX 1660 Ti' (P:1 D:1)
[2021.06.02-13.49.00:525][  0]LogWindows:    1. 'NVIDIA GeForce GTX 1660 Ti' (P:0 D:1)
[2021.06.02-13.49.00:526][  0]LogWindows:    2. 'NVIDIA GeForce GTX 1660 Ti' (P:0 D:0)
[2021.06.02-13.49.00:526][  0]LogWindows:    3. 'NVIDIA GeForce GTX 1660 Ti' (P:0 D:0)
[2021.06.02-13.49.00:526][  0]LogWindows: DebugString: FoundDriverCount:4 
[2021.06.02-13.49.00:526][  0]LogD3D11RHI:     Adapter Name: NVIDIA GeForce GTX 1660 Ti
[2021.06.02-13.49.00:526][  0]LogD3D11RHI:   Driver Version: 456.71 (internal:27.21.14.5671, unified:456.71)
[2021.06.02-13.49.00:526][  0]LogD3D11RHI:      Driver Date: 9-30-2020
[2021.06.02-13.49.00:526][  0]LogRHI: Texture pool is 4193 MB (70% of 5991 MB)
[2021.06.02-13.49.00:605][  0]LogD3D11RHI: RHI has support for 64 bit atomics
[2021.06.02-13.49.00:605][  0]LogD3D11RHI: Async texture creation enabled
[2021.06.02-13.49.00:605][  0]LogD3D11RHI: Array index from any shader is supported
[2021.06.02-13.49.00:627][  0]LogD3D11RHI: GPU Timing Frequency: 1000.000000 (Debug: 2 1)
[2021.06.02-13.49.00:925][  0]LogTargetPlatformManager: Display: Loaded TargetPlatform 'AllDesktop'
[2021.06.02-13.49.00:950][  0]LogTargetPlatformManager: Display: Loaded TargetPlatform 'Android'
[2021.06.02-13.49.00:950][  0]LogTargetPlatformManager: Display: Loaded TargetPlatform 'Android_ASTC'
[2021.06.02-13.49.00:950][  0]LogTargetPlatformManager: Display: Loaded TargetPlatform 'Android_DXT'
[2021.06.02-13.49.00:950][  0]LogTargetPlatformManager: Display: Loaded TargetPlatform 'Android_ETC2'
[2021.06.02-13.49.00:950][  0]LogTargetPlatformManager: Display: Loaded TargetPlatform 'AndroidClient'
[2021.06.02-13.49.00:950][  0]LogTargetPlatformManager: Display: Loaded TargetPlatform 'Android_ASTCClient'
[2021.06.02-13.49.00:950][  0]LogTargetPlatformManager: Display: Loaded TargetPlatform 'Android_DXTClient'
[2021.06.02-13.49.00:950][  0]LogTargetPlatformManager: Display: Loaded TargetPlatform 'Android_ETC2Client'
[2021.06.02-13.49.00:950][  0]LogTargetPlatformManager: Display: Loaded TargetPlatform 'Android_Multi'
[2021.06.02-13.49.00:950][  0]LogTargetPlatformManager: Display: Loaded TargetPlatform 'Android_MultiClient'
[2021.06.02-13.49.00:978][  0]LogTargetPlatformManager: Display: Loaded TargetPlatform 'IOSClient'
[2021.06.02-13.49.00:978][  0]LogTargetPlatformManager: Display: Loaded TargetPlatform 'IOS'
[2021.06.02-13.49.00:991][  0]LogTargetPlatformManager: Display: Loaded TargetPlatform 'Linux'
[2021.06.02-13.49.01:002][  0]LogTargetPlatformManager: Display: Loaded TargetPlatform 'LinuxNoEditor'
[2021.06.02-13.49.01:014][  0]LogTargetPlatformManager: Display: Loaded TargetPlatform 'LinuxClient'
[2021.06.02-13.49.01:025][  0]LogTargetPlatformManager: Display: Loaded TargetPlatform 'LinuxServer'
[2021.06.02-13.49.01:036][  0]LogTargetPlatformManager: Display: Loaded TargetPlatform 'LinuxAArch64NoEditor'
[2021.06.02-13.49.01:047][  0]LogTargetPlatformManager: Display: Loaded TargetPlatform 'LinuxAArch64Client'
[2021.06.02-13.49.01:059][  0]LogTargetPlatformManager: Display: Loaded TargetPlatform 'LinuxAArch64Server'
[2021.06.02-13.49.01:091][  0]LogTargetPlatformManager: Display: Loaded TargetPlatform 'Lumin'
[2021.06.02-13.49.01:091][  0]LogTargetPlatformManager: Display: Loaded TargetPlatform 'LuminClient'
[2021.06.02-13.49.01:111][  0]LogTargetPlatformManager: Display: Loaded TargetPlatform 'TVOSClient'
[2021.06.02-13.49.01:111][  0]LogTargetPlatformManager: Display: Loaded TargetPlatform 'TVOS'
[2021.06.02-13.49.01:122][  0]LogTargetPlatformManager: Display: Loaded TargetPlatform 'WindowsNoEditor'
[2021.06.02-13.49.01:134][  0]LogTargetPlatformManager: Display: Loaded TargetPlatform 'Windows'
[2021.06.02-13.49.01:145][  0]LogTargetPlatformManager: Display: Loaded TargetPlatform 'WindowsClient'
[2021.06.02-13.49.01:157][  0]LogTargetPlatformManager: Display: Loaded TargetPlatform 'WindowsServer'
[2021.06.02-13.49.01:157][  0]LogTargetPlatformManager: Display: Building Assets For Windows
[2021.06.02-13.49.01:165][  0]LogAudioDebug: Display: Lib vorbis DLL was dynamically loaded.
[2021.06.02-13.49.01:234][  0]LogShaderCompilers: Guid format shader working directory is -43 characters bigger than the processId version (../../../../../../Users/johnn/OneDrive/Documents/GitHub/PlacementProject/NightmareEscape/Intermediate/Shaders/WorkingDirectory/16640/).
[2021.06.02-13.49.01:234][  0]LogShaderCompilers: Cleaned the shader compiler working directory 'C:/Users/johnn/AppData/Local/Temp/UnrealShaderWorkingDir/860417EE4322766823562295FCB9EAAE/'.
[2021.06.02-13.49.01:235][  0]LogXGEController: Cannot use XGE Controller as Incredibuild is not installed on this machine.
[2021.06.02-13.49.01:235][  0]LogShaderCompilers: Cannot use XGE Shader Compiler as Incredibuild is not installed on this machine.
[2021.06.02-13.49.01:235][  0]LogShaderCompilers: Display: Using Local Shader Compiler.
[2021.06.02-13.49.02:012][  0]LogDerivedDataCache: Display: Max Cache Size: 512 MB
[2021.06.02-13.49.02:074][  0]LogDerivedDataCache: Loaded boot cache 0.06s 75MB C:/Users/johnn/AppData/Local/UnrealEngine/4.25/DerivedDataCache/Boot.ddc.
[2021.06.02-13.49.02:074][  0]LogDerivedDataCache: Display: Loaded Boot cache: C:/Users/johnn/AppData/Local/UnrealEngine/4.25/DerivedDataCache/Boot.ddc
[2021.06.02-13.49.02:074][  0]LogDerivedDataCache: FDerivedDataBackendGraph:  Pak pak cache file ../../../../../../Users/johnn/OneDrive/Documents/GitHub/PlacementProject/NightmareEscape/DerivedDataCache/DDC.ddp not found, will not use a pak cache.
[2021.06.02-13.49.02:074][  0]LogDerivedDataCache: Unable to find inner node Pak for hierarchical cache Hierarchy.
[2021.06.02-13.49.02:074][  0]LogDerivedDataCache: FDerivedDataBackendGraph:  CompressedPak pak cache file ../../../../../../Users/johnn/OneDrive/Documents/GitHub/PlacementProject/NightmareEscape/DerivedDataCache/Compressed.ddp not found, will not use a pak cache.
[2021.06.02-13.49.02:074][  0]LogDerivedDataCache: Unable to find inner node CompressedPak for hierarchical cache Hierarchy.
[2021.06.02-13.49.02:085][  0]LogDerivedDataCache: Display: Pak cache opened for reading ../../../Engine/DerivedDataCache/Compressed.ddp.
[2021.06.02-13.49.02:086][  0]LogDerivedDataCache: FDerivedDataBackendGraph:  EnterprisePak pak cache file ../../../Enterprise/DerivedDataCache/Compressed.ddp not found, will not use a pak cache.
[2021.06.02-13.49.02:086][  0]LogDerivedDataCache: Unable to find inner node EnterprisePak for hierarchical cache Hierarchy.
[2021.06.02-13.49.02:088][  0]LogDerivedDataCache: Using Local data cache path C:/Users/johnn/AppData/Local/UnrealEngine/Common/DerivedDataCache: Writable
[2021.06.02-13.49.02:088][  0]LogDerivedDataCache: Shared data cache path not found in *engine.ini, will not use an Shared cache.
[2021.06.02-13.49.02:088][  0]LogDerivedDataCache: Unable to find inner node Shared for hierarchical cache Hierarchy.
[2021.06.02-13.49.02:140][  0]LogSlate: Using FreeType 2.10.0
[2021.06.02-13.49.02:140][  0]LogSlate: SlateFontServices - WITH_FREETYPE: 1, WITH_HARFBUZZ: 1
[2021.06.02-13.49.02:165][  0]LogAssetRegistry: FAssetRegistry took 0.0030 seconds to start up
[2021.06.02-13.49.02:411][  0]LogInit: Selected Device Profile: [Windows]
[2021.06.02-13.49.02:525][  0]LogMeshReduction: Using QuadricMeshReduction for automatic static mesh reduction
[2021.06.02-13.49.02:525][  0]LogMeshReduction: Using SimplygonMeshReduction for automatic skeletal mesh reduction
[2021.06.02-13.49.02:525][  0]LogMeshReduction: Using ProxyLODMeshReduction for automatic mesh merging
[2021.06.02-13.49.02:525][  0]LogMeshReduction: No distributed automatic mesh merging module available
[2021.06.02-13.49.02:525][  0]LogMeshMerging: No distributed automatic mesh merging module available
[2021.06.02-13.49.02:542][  0]LogNetVersion: NightmareEscape 1.0.0, NetCL: 13144385, EngineNetVer: 14, GameNetVer: 0 (Checksum: 3313603388)
[2021.06.02-13.49.02:964][  0]LogAISub: UAISubsystem::UAISubsystem AISubsystem (000001835D4342C0), frame # 0
[2021.06.02-13.49.02:964][  0]LogAISub: UAISubsystem::UAISubsystem AIPerceptionSystem (000001835D374CC0), frame # 0
[2021.06.02-13.49.02:966][  0]LogAISub: UAISubsystem::UAISubsystem EnvQueryManager (000001835D3B5E00), frame # 0
[2021.06.02-13.49.03:038][  0]LogPackageLocalizationCache: Processed 19 localized package path(s) for 1 prioritized culture(s) in 0.065280 seconds
[2021.06.02-13.49.03:043][  0]LogUObjectArray: 15917 objects as part of root set at end of initial load.
[2021.06.02-13.49.03:043][  0]LogUObjectAllocator: 3965568 out of 0 bytes used by permanent object pool.
[2021.06.02-13.49.03:043][  0]LogUObjectArray: CloseDisregardForGC: 0/0 objects in disregard for GC pool
[2021.06.02-13.49.03:419][  0]LogTcpMessaging: Initializing TcpMessaging bridge
[2021.06.02-13.49.03:424][  0]LogUdpMessaging: Initializing bridge on interface 0.0.0.0:0 to multicast group 230.0.0.1:6666.
[2021.06.02-13.49.03:472][  0]LogLinker: Warning: Failed to load '/Game/FirstPersonBP/FirstPersonOverview': Can't find file.
[2021.06.02-13.49.03:472][  0]LogLinker: Warning: Failed to load '/Game/FirstPersonBP/FirstPersonOverview': Can't find file.
[2021.06.02-13.49.03:472][  0]LogUObjectGlobals: Warning: Failed to find object 'Class /Game/FirstPersonBP/FirstPersonOverview.FirstPersonOverview_C'
[2021.06.02-13.49.03:511][  0]SourceControl: Source control is disabled
[2021.06.02-13.49.03:511][  0]SourceControl: Source control is disabled
[2021.06.02-13.49.03:514][  0]SourceControl: Source control is disabled
[2021.06.02-13.49.03:518][  0]SourceControl: Source control is disabled
[2021.06.02-13.49.03:525][  0]SourceControl: Source control is disabled
[2021.06.02-13.49.03:813][  0]LogAndroidPermission: UAndroidPermissionCallbackProxy::GetInstance
[2021.06.02-13.49.03:835][  0]LogAudioCaptureCore: Display: No Audio Capture implementations found. Audio input will be silent.
[2021.06.02-13.49.03:836][  0]LogAudioCaptureCore: Display: No Audio Capture implementations found. Audio input will be silent.
[2021.06.02-13.49.03:891][  0]LogOcInput: OculusInput pre-init called
[2021.06.02-13.49.03:904][  0]LogWindows: Failed to load 'OVRPlugin.dll' (GetLastError=126)
[2021.06.02-13.49.03:904][  0]LogWindows: File 'OVRPlugin.dll' does not exist
[2021.06.02-13.49.03:971][  0]LogEngine: Initializing Engine...
[2021.06.02-13.49.03:973][  0]LogHMD: Failed to initialize OpenVR with code 110
[2021.06.02-13.49.03:973][  0]LogMagicLeap: Warning: VR disabled because ZI is not enabled.  To enable, in the editor, Edit -> Project Settings -> Plugins -> Magic Leap Plugin -> Enable Zero Iteration
[2021.06.02-13.49.03:974][  0]LogStats: UGameplayTagsManager::InitializeManager -  0.000 s
[2021.06.02-13.49.04:095][  0]LogInit: Initializing FReadOnlyCVARCache
[2021.06.02-13.49.04:103][  0]LogAIModule: Creating AISystem for world Untitled
[2021.06.02-13.49.04:103][  0]LogAISub: UAISubsystem::UAISubsystem EnvQueryManager (0000018360828600), frame # 0
[2021.06.02-13.49.04:103][  0]LogAISub: UAISubsystem::UAISubsystem AIPerceptionSystem (000001836081A980), frame # 0
[2021.06.02-13.49.04:123][  0]LogAudioMixer: Display: Audio Mixer Platform Settings:
[2021.06.02-13.49.04:123][  0]LogAudioMixer: Display: 	Sample Rate:						  48000
[2021.06.02-13.49.04:123][  0]LogAudioMixer: Display: 	Callback Buffer Frame Size Requested: 1024
[2021.06.02-13.49.04:123][  0]LogAudioMixer: Display: 	Callback Buffer Frame Size To Use:	  1024
[2021.06.02-13.49.04:123][  0]LogAudioMixer: Display: 	Number of buffers to queue:			  2
[2021.06.02-13.49.04:123][  0]LogAudioMixer: Display: 	Max Channels (voices):				  32
[2021.06.02-13.49.04:123][  0]LogAudioMixer: Display: 	Number of Async Source Workers:		  0
[2021.06.02-13.49.04:123][  0]LogAudio: Display: AudioDevice MaxSources: 32
[2021.06.02-13.49.04:124][  0]LogAudio: Display: Using built-in audio occlusion.
[2021.06.02-13.49.04:124][  0]LogAudioMixer: Display: Initializing audio mixer.
[2021.06.02-13.49.04:136][  0]LogAudioMixer: Display: 0: FrontLeft
[2021.06.02-13.49.04:136][  0]LogAudioMixer: Display: 1: FrontRight
[2021.06.02-13.49.04:136][  0]LogAudioMixer: Display: 2: FrontCenter
[2021.06.02-13.49.04:136][  0]LogAudioMixer: Display: 3: LowFrequency
[2021.06.02-13.49.04:136][  0]LogAudioMixer: Display: 4: BackLeft
[2021.06.02-13.49.04:136][  0]LogAudioMixer: Display: 5: BackRight
[2021.06.02-13.49.04:136][  0]LogAudioMixer: Display: 6: SideLeft
[2021.06.02-13.49.04:136][  0]LogAudioMixer: Display: 7: SideRight
[2021.06.02-13.49.04:186][  0]LogAudioMixer: Display: Using Audio Device Speakers (7.1 Surround Sound)
[2021.06.02-13.49.04:189][  0]LogAudioMixer: Display: Initializing Sound Submixes...
[2021.06.02-13.49.04:192][  0]LogAudioMixer: Display: Creating Master Submix 'MasterSubmixDefault'
[2021.06.02-13.49.04:192][  0]LogAudioMixer: Display: Creating Master Submix 'MasterReverbSubmixDefault'
[2021.06.02-13.49.04:193][  0]LogAudioMixer: Display: Creating Master Submix 'MasterEQSubmixDefault'
[2021.06.02-13.49.04:194][  0]LogInit: FAudioDevice initialized.
[2021.06.02-13.49.04:195][  0]LogNetVersion: Set ProjectVersion to 1.0.0.0. Version Checksum will be recalculated on next use.
[2021.06.02-13.49.04:294][  0]LogDerivedDataCache: Saved boot cache 0.10s 75MB C:/Users/johnn/AppData/Local/UnrealEngine/4.25/DerivedDataCache/Boot.ddc.
[2021.06.02-13.49.04:295][  0]LogInit: Texture streaming: Enabled
[2021.06.02-13.49.04:313][  0]LogEngineSessionManager: EngineSessionManager initialized
[2021.06.02-13.49.04:313][  0]LogEditorSessionSummary: Verbose: Initializing EditorSessionSummaryWriter for editor session tracking
[2021.06.02-13.49.04:317][  0]LogEditorSessionSummary: EditorSessionSummaryWriter initialized
[2021.06.02-13.49.04:399][  0]LogInit: Transaction tracking system initialized
[2021.06.02-13.49.04:423][  0]BlueprintLog: New page: Editor Load
[2021.06.02-13.49.04:503][  0]LocalizationService: Localization service is disabled
[2021.06.02-13.49.04:680][  0]LogCook: Display: Max memory allowance for cook 16384mb min free memory 0mb
[2021.06.02-13.49.04:680][  0]LogCook: Display: Mobile HDR setting 1
[2021.06.02-13.49.04:830][  0]LogFileCache: Scanning file cache for directory 'C:/Users/johnn/OneDrive/Documents/GitHub/PlacementProject/NightmareEscape/Content/' took 0.01s
[2021.06.02-13.49.05:023][  0]SourceControl: Source control is disabled
[2021.06.02-13.49.05:023][  0]LogUnrealEdMisc: Loading editor; pre map load, took 7.030
[2021.06.02-13.49.05:023][  0]Cmd: MAP LOAD FILE="../../../../../../Users/johnn/OneDrive/Documents/GitHub/PlacementProject/NightmareEscape/Content/ThirdPersonBP/Maps/ThirdPersonExampleMap.umap" TEMPLATE=0 SHOWPROGRESS=1 FEATURELEVEL=3
[2021.06.02-13.49.05:024][  0]LightingResults: New page: Lighting Build
[2021.06.02-13.49.05:025][  0]LogWorld: UWorld::CleanupWorld for Untitled, bSessionEnded=true, bCleanupResources=true
[2021.06.02-13.49.05:025][  0]LogSlate: InvalidateAllWidgets triggered.  All widgets were invalidated
[2021.06.02-13.49.05:025][  0]MapCheck: New page: Map Check
[2021.06.02-13.49.05:025][  0]LightingResults: New page: Lighting Build
[2021.06.02-13.49.05:040][  0]LogAISub: UAISubsystem::~UAISubsystem EnvQueryManager (0000018360828600), frame # 0
[2021.06.02-13.49.05:040][  0]LogAISub: UAISubsystem::~UAISubsystem AIPerceptionSystem (000001836081A980), frame # 0
[2021.06.02-13.49.05:041][  0]LogUObjectHash: Compacting FUObjectHashTables data took   0.71ms
[2021.06.02-13.49.05:301][  0]LogAIModule: Creating AISystem for world ThirdPersonExampleMap
[2021.06.02-13.49.05:301][  0]LogAISub: UAISubsystem::UAISubsystem EnvQueryManager (0000018350414600), frame # 0
[2021.06.02-13.49.05:301][  0]LogAISub: UAISubsystem::UAISubsystem AIPerceptionSystem (0000018350434A40), frame # 0
[2021.06.02-13.49.05:307][  0]LogEditorServer: Finished looking for orphan Actors (0.000 secs)
[2021.06.02-13.49.05:322][  0]LogUObjectHash: Compacting FUObjectHashTables data took   0.84ms
[2021.06.02-13.49.05:323][  0]Cmd: MAP CHECKDEP NOCLEARLOG
[2021.06.02-13.49.05:323][  0]MapCheck: Map check complete: 0 Error(s), 0 Warning(s), took 0.278ms to complete.
[2021.06.02-13.49.05:323][  0]LogFileHelpers: Loading map 'ThirdPersonExampleMap' took 0.301
[2021.06.02-13.49.05:325][  0]LogUnrealEdMisc: Total Editor Startup Time, took 7.333
[2021.06.02-13.49.05:472][  0]LogSlate: Updating window title bar state: overlay mode, drag disabled, window buttons hidden, title bar hidden
[2021.06.02-13.49.05:480][  0]LogSlate: Updating window title bar state: overlay mode, drag disabled, window buttons hidden, title bar hidden
[2021.06.02-13.49.05:487][  0]LogSlate: Updating window title bar state: overlay mode, drag disabled, window buttons hidden, title bar hidden
[2021.06.02-13.49.05:494][  0]LogSlate: Updating window title bar state: overlay mode, drag disabled, window buttons hidden, title bar hidden
[2021.06.02-13.49.05:503][  0]LogCollectionManager: Loaded 0 collections in 0.002244 seconds
[2021.06.02-13.49.05:519][  0]LogFileCache: Scanning file cache for directory 'C:/Users/johnn/OneDrive/Documents/GitHub/PlacementProject/NightmareEscape/Saved/Collections/' took 0.00s
[2021.06.02-13.49.05:519][  0]LogFileCache: Scanning file cache for directory 'C:/Users/johnn/OneDrive/Documents/GitHub/PlacementProject/NightmareEscape/Content/Developers/johnn/Collections/' took 0.00s
[2021.06.02-13.49.05:519][  0]LogFileCache: Scanning file cache for directory 'C:/Users/johnn/OneDrive/Documents/GitHub/PlacementProject/NightmareEscape/Content/Collections/' took 0.00s
[2021.06.02-13.49.05:519][  0]LogContentBrowser: Native class hierarchy populated in 0.0114 seconds. Added 3427 classes and 821 folders.
[2021.06.02-13.49.05:522][  0]LogContentBrowser: Native class hierarchy updated for 'WidgetCarousel' in 0.0003 seconds. Added 0 classes and 0 folders.
[2021.06.02-13.49.05:610][  0]LogContentBrowser: Native class hierarchy updated for 'AddContentDialog' in 0.0003 seconds. Added 0 classes and 0 folders.
[2021.06.02-13.49.05:611][  0]LogContentBrowser: Native class hierarchy updated for 'SceneOutliner' in 0.0002 seconds. Added 2 classes and 0 folders.
[2021.06.02-13.49.05:763][  0]LogSlate: Took 0.000180 seconds to synchronously load lazily loaded font '../../../Engine/Content/Slate/Fonts/Roboto-Regular.ttf' (155K)
[2021.06.02-13.49.05:765][  0]LogSlate: Took 0.000153 seconds to synchronously load lazily loaded font '../../../Engine/Content/Slate/Fonts/Roboto-Bold.ttf' (160K)
[2021.06.02-13.49.05:771][  0]LogSlate: Took 0.000233 seconds to synchronously load lazily loaded font '../../../Engine/Content/Editor/Slate/Fonts/FontAwesome.ttf' (139K)
[2021.06.02-13.49.05:839][  0]LogRenderer: Reallocating scene render targets to support 1236x548 Format 10 NumSamples 1 (Frame:1).
[2021.06.02-13.49.05:986][  0]LogContentBrowser: Native class hierarchy updated for 'HierarchicalLODOutliner' in 0.0003 seconds. Added 0 classes and 0 folders.
[2021.06.02-13.49.05:986][  0]LogLoad: (Engine Initialization) Total time: 7.99 seconds
[2021.06.02-13.49.05:986][  0]LogLoad: (Engine Initialization) Total Blueprint compile time: 0.00 seconds
[2021.06.02-13.49.06:034][  0]LogAssetRegistry: Asset discovery search completed in 3.8706 seconds
[2021.06.02-13.49.06:037][  0]LogCollectionManager: Fixed up redirectors for 0 collections in 0.000002 seconds (updated 0 objects)
[2021.06.02-13.49.06:038][  0]LogContentStreaming: Texture pool size now 1000 MB
[2021.06.02-13.49.06:070][  0]LogSlate: Took 0.000192 seconds to synchronously load lazily loaded font '../../../Engine/Content/Slate/Fonts/Roboto-Light.ttf' (167K)
[2021.06.02-13.49.07:022][109]LogSlate: Took 0.000373 seconds to synchronously load lazily loaded font '../../../Engine/Content/Slate/Fonts/Roboto-Light.ttf' (167K)
[2021.06.02-13.49.18:374][387]LogAssetEditorSubsystem: Opening Asset editor for Blueprint /Game/ThirdPersonBP/Blueprints/ThirdPersonCharacter.ThirdPersonCharacter
[2021.06.02-13.49.18:625][387]LogContentBrowser: Native class hierarchy updated for 'BlueprintGraph' in 0.0007 seconds. Added 125 classes and 0 folders.
[2021.06.02-13.49.19:694][387]LogSlate: Took 0.000245 seconds to synchronously load lazily loaded font '../../../Engine/Content/Slate/Fonts/Roboto-BoldCondensed.ttf' (158K)
[2021.06.02-13.49.19:790][388]LogSlate: Took 0.000295 seconds to synchronously load lazily loaded font '../../../Engine/Content/Slate/Fonts/Roboto-Italic.ttf' (157K)
[2021.06.02-13.49.36:893][472]LogSlate: Window 'ThirdPersonCharacter' being destroyed
[2021.06.02-14.22.48:616][628]LogAudioMixer: Warning: Changing default audio render device to new device: {0.0.0.00000000}.{93bc85c6-cd27-436f-ba4b-bd750a40156f}.
[2021.06.02-14.22.48:616][628]LogTemp: Resetting audio stream to device id 
[2021.06.02-14.22.48:636][628]LogAudioMixer: Display: 0: FrontLeft
[2021.06.02-14.22.48:636][628]LogAudioMixer: Display: 1: FrontRight
[2021.06.02-14.22.48:636][628]LogAudioMixer: Display: 2: FrontCenter
[2021.06.02-14.22.48:636][628]LogAudioMixer: Display: 3: LowFrequency
[2021.06.02-14.22.48:637][628]LogAudioMixer: Display: 4: BackLeft
[2021.06.02-14.22.48:637][628]LogAudioMixer: Display: 5: BackRight
[2021.06.02-14.22.48:637][628]LogAudioMixer: Display: 6: SideLeft
[2021.06.02-14.22.48:637][628]LogAudioMixer: Display: 7: SideRight
[2021.06.02-14.29.47:989][881]LogAudioMixer: Warning: Changing default audio render device to new device: {0.0.0.00000000}.{c54371df-2c3f-460c-9b70-9de6b4d31772}.
[2021.06.02-14.29.47:989][881]LogTemp: Resetting audio stream to device id 
[2021.06.02-14.29.48:031][881]LogAudioMixer: Display: 0: FrontLeft
[2021.06.02-14.29.48:031][881]LogAudioMixer: Display: 1: FrontRight
[2021.06.02-14.29.48:031][881]LogAudioMixer: Display: 2: FrontCenter
[2021.06.02-14.29.48:031][881]LogAudioMixer: Display: 3: LowFrequency
[2021.06.02-14.29.48:031][881]LogAudioMixer: Display: 4: BackLeft
[2021.06.02-14.29.48:031][881]LogAudioMixer: Display: 5: BackRight
[2021.06.02-14.29.48:031][881]LogAudioMixer: Display: 6: SideLeft
[2021.06.02-14.29.48:031][881]LogAudioMixer: Display: 7: SideRight
[2021.06.02-14.29.48:330][882]LogAudioMixer: Warning: Changing default audio render device to new device: {0.0.0.00000000}.{6d4b6ab2-bb3d-4280-af96-a61a9a45f295}.
[2021.06.02-14.29.48:330][882]LogTemp: Resetting audio stream to device id 
[2021.06.02-14.29.48:355][882]LogAudioMixer: Display: 0: FrontLeft
[2021.06.02-14.29.48:355][882]LogAudioMixer: Display: 1: FrontRight
[2021.06.02-14.29.48:355][882]LogAudioMixer: Display: 2: FrontCenter
[2021.06.02-14.29.48:355][882]LogAudioMixer: Display: 3: LowFrequency
[2021.06.02-14.29.48:355][882]LogAudioMixer: Display: 4: BackLeft
[2021.06.02-14.29.48:355][882]LogAudioMixer: Display: 5: BackRight
[2021.06.02-14.29.48:356][882]LogAudioMixer: Display: 6: SideLeft
[2021.06.02-14.29.48:356][882]LogAudioMixer: Display: 7: SideRight
[2021.06.02-14.49.35:281][939]LogAssetEditorSubsystem: Opening Asset editor for Blueprint /Game/ThirdPersonBP/Blueprints/AI.AI
[2021.06.02-15.32.17:968][214]LogSlate: Took 0.006045 seconds to synchronously load lazily loaded font '../../../Engine/Content/Slate/Fonts/Roboto-BoldCondensedItalic.ttf' (160K)
[2021.06.02-15.33.04:394][219]LogUObjectHash: Compacting FUObjectHashTables data took   4.61ms
[2021.06.02-15.33.04:470][219]LogSavePackage: Moving '../../../../../../Users/johnn/OneDrive/Documents/GitHub/PlacementProject/NightmareEscape/Saved/ThirdPersonExampleMap_Auto1C9368E4940F12A9AF72A5884446D9EB3.tmp' to '../../../../../../Users/johnn/OneDrive/Documents/GitHub/PlacementProject/NightmareEscape/Saved/Autosaves/Game/ThirdPersonBP/Maps/ThirdPersonExampleMap_Auto1.umap'
[2021.06.02-15.33.04:477][219]LogFileHelpers: Editor autosave (incl. sublevels) for '/Game/ThirdPersonBP/Maps/ThirdPersonExampleMap' took 0.130
[2021.06.02-15.33.04:478][219]LogFileHelpers: Editor autosave (incl. sublevels) for all levels took 0.130
[2021.06.02-15.33.04:478][219]OBJ SavePackage: Generating thumbnails for [1] asset(s) in package [/Game/ThirdPersonBP/Blueprints/ThirdPersonCharacter] ([1] browsable assets)...
[2021.06.02-15.33.04:514][219]OBJ SavePackage:     Rendered thumbnail for [Blueprint /Game/ThirdPersonBP/Blueprints/ThirdPersonCharacter.ThirdPersonCharacter]
[2021.06.02-15.33.04:514][219]OBJ SavePackage: Finished generating thumbnails for package [/Game/ThirdPersonBP/Blueprints/ThirdPersonCharacter]
[2021.06.02-15.33.04:575][219]LogSavePackage: Moving '../../../../../../Users/johnn/OneDrive/Documents/GitHub/PlacementProject/NightmareEscape/Saved/ThirdPersonCharacter_Auto18FA5E91345C2D16CB10489905C4563E3.tmp' to '../../../../../../Users/johnn/OneDrive/Documents/GitHub/PlacementProject/NightmareEscape/Saved/Autosaves/Game/ThirdPersonBP/Blueprints/ThirdPersonCharacter_Auto1.uasset'
[2021.06.02-15.33.04:578][219]LogFileHelpers: Auto-saving content packages took 0.100
[2021.06.02-15.35.44:105][ 20]BlueprintLog: New page: Compile ThirdPersonCharacter
[2021.06.02-15.35.44:225][ 20]LogUObjectHash: Compacting FUObjectHashTables data took   2.55ms
[2021.06.02-15.35.44:333][ 20]LogSlate: Took 0.001907 seconds to synchronously load lazily loaded font '../../../Engine/Content/Slate/Fonts/DroidSansMono.ttf' (77K)
[2021.06.02-15.35.45:356][130]LogSavePackage: Moving '../../../../../../Users/johnn/OneDrive/Documents/GitHub/PlacementProject/NightmareEscape/Saved/ThirdPersonCharacterB5761FFA4F74382BE4B3319983109F63.tmp' to '../../../../../../Users/johnn/OneDrive/Documents/GitHub/PlacementProject/NightmareEscape/Content/ThirdPersonBP/Blueprints/ThirdPersonCharacter.uasset'
[2021.06.02-15.35.45:380][130]AssetCheck: New page: Asset Save: ThirdPersonCharacter
[2021.06.02-15.35.45:380][130]LogContentValidation: Display: Validating Blueprint /Game/ThirdPersonBP/Blueprints/ThirdPersonCharacter.ThirdPersonCharacter
[2021.06.02-15.36.53:873][782]LogSlate: Window 'Pick Parent Class' being destroyed
[2021.06.02-15.37.18:417][244]LogAssetEditorSubsystem: Opening Asset editor for Blueprint /Game/ThirdPersonBP/Blueprints/BP_Respwan.BP_Respwan
[2021.06.02-15.37.18:873][245]LogRenderer: Reallocating scene render targets to support 1236x708 Format 10 NumSamples 1 (Frame:1).
[2021.06.02-15.43.04:856][367]LogUObjectHash: Compacting FUObjectHashTables data took   2.78ms
[2021.06.02-15.43.04:910][367]LogSavePackage: Moving '../../../../../../Users/johnn/OneDrive/Documents/GitHub/PlacementProject/NightmareEscape/Saved/ThirdPersonExampleMap_Auto23F39D2BF4BEF548F3C17C29FD643692E.tmp' to '../../../../../../Users/johnn/OneDrive/Documents/GitHub/PlacementProject/NightmareEscape/Saved/Autosaves/Game/ThirdPersonBP/Maps/ThirdPersonExampleMap_Auto2.umap'
[2021.06.02-15.43.04:915][367]LogFileHelpers: Editor autosave (incl. sublevels) for '/Game/ThirdPersonBP/Maps/ThirdPersonExampleMap' took 0.095
[2021.06.02-15.43.04:915][367]LogFileHelpers: Editor autosave (incl. sublevels) for all levels took 0.095
[2021.06.02-15.43.04:915][367]OBJ SavePackage: Generating thumbnails for [1] asset(s) in package [/Game/ThirdPersonBP/Blueprints/BP_Respwan] ([1] browsable assets)...
[2021.06.02-15.43.04:926][367]OBJ SavePackage:     Rendered thumbnail for [Blueprint /Game/ThirdPersonBP/Blueprints/BP_Respwan.BP_Respwan]
[2021.06.02-15.43.04:926][367]OBJ SavePackage: Finished generating thumbnails for package [/Game/ThirdPersonBP/Blueprints/BP_Respwan]
[2021.06.02-15.43.04:942][367]LogSavePackage: Moving '../../../../../../Users/johnn/OneDrive/Documents/GitHub/PlacementProject/NightmareEscape/Saved/BP_Respwan_Auto2965FD73D47451D571DB53590F69F8C99.tmp' to '../../../../../../Users/johnn/OneDrive/Documents/GitHub/PlacementProject/NightmareEscape/Saved/Autosaves/Game/ThirdPersonBP/Blueprints/BP_Respwan_Auto2.uasset'
[2021.06.02-15.43.04:943][367]LogFileHelpers: Auto-saving content packages took 0.028
[2021.06.02-15.58.36:168][475]LogUObjectHash: Compacting FUObjectHashTables data took   3.77ms
[2021.06.02-15.58.36:169][475]LogFileHelpers: Editor autosave (incl. sublevels) for '/Game/ThirdPersonBP/Maps/ThirdPersonExampleMap' took 0.068
[2021.06.02-15.58.36:170][475]OBJ SavePackage: Generating thumbnails for [0] asset(s) in package [/Game/ThirdPersonBP/Blueprints/BP_Respwan] ([1] browsable assets)...
[2021.06.02-15.58.36:170][475]OBJ SavePackage: Finished generating thumbnails for package [/Game/ThirdPersonBP/Blueprints/BP_Respwan]
[2021.06.02-15.58.36:183][475]LogSavePackage: Moving '../../../../../../Users/johnn/OneDrive/Documents/GitHub/PlacementProject/NightmareEscape/Saved/BP_Respwan_Auto355A5672042B20F013AE124B5EE34703C.tmp' to '../../../../../../Users/johnn/OneDrive/Documents/GitHub/PlacementProject/NightmareEscape/Saved/Autosaves/Game/ThirdPersonBP/Blueprints/BP_Respwan_Auto3.uasset'
[2021.06.02-15.58.36:184][475]LogFileHelpers: Auto-saving content packages took 0.015
[2021.06.02-16.38.36:262][222]BlueprintLog: New page: Compile BP_Respwan
[2021.06.02-16.38.36:324][222]LogUObjectHash: Compacting FUObjectHashTables data took   3.84ms
[2021.06.02-16.42.24:722][828]LogUObjectHash: Compacting FUObjectHashTables data took   3.72ms
[2021.06.02-16.42.24:724][828]LogFileHelpers: Editor autosave (incl. sublevels) for '/Game/ThirdPersonBP/Maps/ThirdPersonExampleMap' took 0.036
[2021.06.02-16.42.24:725][828]OBJ SavePackage: Generating thumbnails for [1] asset(s) in package [/Game/ThirdPersonBP/Blueprints/BP_Respwan] ([1] browsable assets)...
[2021.06.02-16.42.24:765][828]OBJ SavePackage:     Rendered thumbnail for [Blueprint /Game/ThirdPersonBP/Blueprints/BP_Respwan.BP_Respwan]
[2021.06.02-16.42.24:765][828]OBJ SavePackage: Finished generating thumbnails for package [/Game/ThirdPersonBP/Blueprints/BP_Respwan]
[2021.06.02-16.42.24:786][828]LogSavePackage: Moving '../../../../../../Users/johnn/OneDrive/Documents/GitHub/PlacementProject/NightmareEscape/Saved/BP_Respwan_Auto46C61D92D4C10774BA3FEF0806A17FF67.tmp' to '../../../../../../Users/johnn/OneDrive/Documents/GitHub/PlacementProject/NightmareEscape/Saved/Autosaves/Game/ThirdPersonBP/Blueprints/BP_Respwan_Auto4.uasset'
[2021.06.02-16.42.24:788][828]LogFileHelpers: Auto-saving content packages took 0.063
[2021.06.02-16.46.05:462][478]BlueprintLog: New page: Compile BP_Respwan
[2021.06.02-16.46.05:510][478]LogUObjectHash: Compacting FUObjectHashTables data took   2.88ms
[2021.06.02-16.46.09:797][970]LogSavePackage: Moving '../../../../../../Users/johnn/OneDrive/Documents/GitHub/PlacementProject/NightmareEscape/Saved/BP_Respwan4431399943E949DF717D799B4F88D131.tmp' to '../../../../../../Users/johnn/OneDrive/Documents/GitHub/PlacementProject/NightmareEscape/Content/ThirdPersonBP/Blueprints/BP_Respwan.uasset'
[2021.06.02-16.46.09:817][970]AssetCheck: New page: Asset Save: BP_Respwan
[2021.06.02-16.46.09:817][970]LogContentValidation: Display: Validating Blueprint /Game/ThirdPersonBP/Blueprints/BP_Respwan.BP_Respwan
[2021.06.02-16.46.39:811][589]LogUObjectHash: Compacting FUObjectHashTables data took   3.89ms
[2021.06.02-16.46.39:824][589]LogMetaData: Removing '/Game/ThirdPersonBP/Blueprints/BP_Respawn.BP_Respawn:UserConstructionScript.K2Node_FunctionEntry_0' ref from Metadata '/Game/ThirdPersonBP/Blueprints/BP_Respwan.PackageMetaData'
[2021.06.02-16.46.39:824][589]LogMetaData: Removing '/Game/ThirdPersonBP/Blueprints/BP_Respawn.SKEL_BP_Respawn_C' ref from Metadata '/Game/ThirdPersonBP/Blueprints/BP_Respwan.PackageMetaData'
[2021.06.02-16.46.39:824][589]LogMetaData: Removing '/Game/ThirdPersonBP/Blueprints/BP_Respawn.BP_Respawn_C' ref from Metadata '/Game/ThirdPersonBP/Blueprints/BP_Respwan.PackageMetaData'
[2021.06.02-16.46.39:824][589]LogMetaData: Removing '/Game/ThirdPersonBP/Blueprints/BP_Respawn.BP_Respawn:EventGraph.K2Node_Event_0' ref from Metadata '/Game/ThirdPersonBP/Blueprints/BP_Respwan.PackageMetaData'
[2021.06.02-16.46.39:824][589]LogMetaData: Removing '/Game/ThirdPersonBP/Blueprints/BP_Respawn.BP_Respawn:EventGraph.K2Node_Event_1' ref from Metadata '/Game/ThirdPersonBP/Blueprints/BP_Respwan.PackageMetaData'
[2021.06.02-16.46.39:824][589]LogMetaData: Removing '/Game/ThirdPersonBP/Blueprints/BP_Respawn.BP_Respawn:EventGraph.K2Node_Event_2' ref from Metadata '/Game/ThirdPersonBP/Blueprints/BP_Respwan.PackageMetaData'
[2021.06.02-16.46.39:889][589]LogSavePackage: Moving '../../../../../../Users/johnn/OneDrive/Documents/GitHub/PlacementProject/NightmareEscape/Saved/BP_RespawnFEFAC0804416D17EE58DBE81BCF3EDD6.tmp' to '../../../../../../Users/johnn/OneDrive/Documents/GitHub/PlacementProject/NightmareEscape/Content/ThirdPersonBP/Blueprints/BP_Respawn.uasset'
[2021.06.02-16.46.40:323][589]LogUObjectHash: Compacting FUObjectHashTables data took   3.27ms
[2021.06.02-16.46.40:362][589]LogUObjectHash: Compacting FUObjectHashTables data took   2.15ms
[2021.06.02-16.46.40:390][589]LogUObjectHash: Compacting FUObjectHashTables data took   0.65ms
[2021.06.02-16.46.40:456][589]AssetCheck: New page: Asset Save: BP_Respawn
[2021.06.02-16.46.40:456][589]LogContentValidation: Display: Validating Blueprint /Game/ThirdPersonBP/Blueprints/BP_Respawn.BP_Respawn
[2021.06.02-16.49.55:915][937]BlueprintLog: New page: Compile ThirdPersonCharacter
[2021.06.02-16.49.56:036][937]LogUObjectHash: Compacting FUObjectHashTables data took   3.84ms
[2021.06.02-16.53.58:979][462]LogSavePackage: Moving '../../../../../../Users/johnn/OneDrive/Documents/GitHub/PlacementProject/NightmareEscape/Saved/ThirdPersonCharacter1FA968D64BCD815E7276D9BD5F464C32.tmp' to '../../../../../../Users/johnn/OneDrive/Documents/GitHub/PlacementProject/NightmareEscape/Content/ThirdPersonBP/Blueprints/ThirdPersonCharacter.uasset'
[2021.06.02-16.53.58:995][462]AssetCheck: New page: Asset Save: ThirdPersonCharacter
[2021.06.02-16.53.58:995][462]LogContentValidation: Display: Validating Blueprint /Game/ThirdPersonBP/Blueprints/ThirdPersonCharacter.ThirdPersonCharacter
[2021.06.02-17.00.04:528][657]LogEditorTransaction: Undo Add Node
[2021.06.02-17.00.05:232][695]LogEditorTransaction: Undo Move Node
[2021.06.02-17.00.05:841][764]LogEditorTransaction: Undo Delete current selection
[2021.06.02-17.00.07:755][988]LogEditorTransaction: Undo Add Node
[2021.06.02-17.02.31:495][882]LogUObjectHash: Compacting FUObjectHashTables data took   3.77ms
[2021.06.02-17.02.31:556][882]LogSavePackage: Moving '../../../../../../Users/johnn/OneDrive/Documents/GitHub/PlacementProject/NightmareEscape/Saved/ThirdPersonExampleMap_Auto566F363844B05FADFCC6D0F968DA26F10.tmp' to '../../../../../../Users/johnn/OneDrive/Documents/GitHub/PlacementProject/NightmareEscape/Saved/Autosaves/Game/ThirdPersonBP/Maps/ThirdPersonExampleMap_Auto5.umap'
[2021.06.02-17.02.31:561][882]LogFileHelpers: Editor autosave (incl. sublevels) for '/Game/ThirdPersonBP/Maps/ThirdPersonExampleMap' took 0.101
[2021.06.02-17.02.31:561][882]LogFileHelpers: Editor autosave (incl. sublevels) for all levels took 0.101
[2021.06.02-17.02.31:562][882]OBJ SavePackage: Generating thumbnails for [1] asset(s) in package [/Game/ThirdPersonBP/Blueprints/BP_Respawn] ([1] browsable assets)...
[2021.06.02-17.02.31:584][882]OBJ SavePackage:     Rendered thumbnail for [Blueprint /Game/ThirdPersonBP/Blueprints/BP_Respawn.BP_Respawn]
[2021.06.02-17.02.31:584][882]OBJ SavePackage: Finished generating thumbnails for package [/Game/ThirdPersonBP/Blueprints/BP_Respawn]
[2021.06.02-17.02.31:613][882]LogSavePackage: Moving '../../../../../../Users/johnn/OneDrive/Documents/GitHub/PlacementProject/NightmareEscape/Saved/BP_Respawn_Auto5FD0C25C44FE3AB6471A6B4A69F1945BA.tmp' to '../../../../../../Users/johnn/OneDrive/Documents/GitHub/PlacementProject/NightmareEscape/Saved/Autosaves/Game/ThirdPersonBP/Blueprints/BP_Respawn_Auto5.uasset'
[2021.06.02-17.02.31:614][882]LogFileHelpers: Auto-saving content packages took 0.053
[2021.06.02-17.12.31:908][258]LogUObjectHash: Compacting FUObjectHashTables data took   2.43ms
[2021.06.02-17.12.31:911][258]LogFileHelpers: Editor autosave (incl. sublevels) for '/Game/ThirdPersonBP/Maps/ThirdPersonExampleMap' took 0.034
[2021.06.02-17.12.31:911][258]OBJ SavePackage: Generating thumbnails for [1] asset(s) in package [/Game/ThirdPersonBP/Blueprints/BP_Respawn] ([1] browsable assets)...
[2021.06.02-17.12.31:920][258]OBJ SavePackage:     Rendered thumbnail for [Blueprint /Game/ThirdPersonBP/Blueprints/BP_Respawn.BP_Respawn]
[2021.06.02-17.12.31:920][258]OBJ SavePackage: Finished generating thumbnails for package [/Game/ThirdPersonBP/Blueprints/BP_Respawn]
[2021.06.02-17.12.31:948][258]LogSavePackage: Moving '../../../../../../Users/johnn/OneDrive/Documents/GitHub/PlacementProject/NightmareEscape/Saved/BP_Respawn_Auto68F531AC543006A7CBD713EA71DF87560.tmp' to '../../../../../../Users/johnn/OneDrive/Documents/GitHub/PlacementProject/NightmareEscape/Saved/Autosaves/Game/ThirdPersonBP/Blueprints/BP_Respawn_Auto6.uasset'
[2021.06.02-17.12.31:949][258]LogFileHelpers: Auto-saving content packages took 0.038
[2021.06.02-17.53.29:236][  9]LogAssetEditorSubsystem: Opening Asset editor for Blueprint /Game/ThirdPersonBP/Blueprints/ThirdPersonGameMode.ThirdPersonGameMode
[2021.06.02-17.53.33:629][472]LogWorld: UWorld::CleanupWorld for World_9, bSessionEnded=true, bCleanupResources=true
[2021.06.02-17.53.33:629][472]LogSlate: InvalidateAllWidgets triggered.  All widgets were invalidated
[2021.06.02-17.53.33:713][472]LogAssetEditorSubsystem: Opening Asset editor for Blueprint /Game/ThirdPersonBP/Blueprints/ThirdPersonGameMode.ThirdPersonGameMode
[2021.06.02-17.55.23:985][297]LogSlate: Window 'Change Variable Type' being destroyed
[2021.06.02-17.55.52:329][278]LogSlate: Window 'Change Variable Type' being destroyed
[2021.06.02-17.56.45:456][458]LogUObjectHash: Compacting FUObjectHashTables data took   4.42ms
[2021.06.02-17.56.45:516][458]LogSavePackage: Moving '../../../../../../Users/johnn/OneDrive/Documents/GitHub/PlacementProject/NightmareEscape/Saved/ThirdPersonExampleMap_Auto7EF603CE544C0F182580D689B647F2FA5.tmp' to '../../../../../../Users/johnn/OneDrive/Documents/GitHub/PlacementProject/NightmareEscape/Saved/Autosaves/Game/ThirdPersonBP/Maps/ThirdPersonExampleMap_Auto7.umap'
[2021.06.02-17.56.45:521][458]LogFileHelpers: Editor autosave (incl. sublevels) for '/Game/ThirdPersonBP/Maps/ThirdPersonExampleMap' took 0.111
[2021.06.02-17.56.45:521][458]LogFileHelpers: Editor autosave (incl. sublevels) for all levels took 0.111
[2021.06.02-17.56.45:522][458]OBJ SavePackage: Generating thumbnails for [1] asset(s) in package [/Game/ThirdPersonBP/Blueprints/ThirdPersonCharacter] ([1] browsable assets)...
[2021.06.02-17.56.45:545][458]OBJ SavePackage:     Rendered thumbnail for [Blueprint /Game/ThirdPersonBP/Blueprints/ThirdPersonCharacter.ThirdPersonCharacter]
[2021.06.02-17.56.45:545][458]OBJ SavePackage: Finished generating thumbnails for package [/Game/ThirdPersonBP/Blueprints/ThirdPersonCharacter]
[2021.06.02-17.56.45:598][458]LogSavePackage: Moving '../../../../../../Users/johnn/OneDrive/Documents/GitHub/PlacementProject/NightmareEscape/Saved/ThirdPersonCharacter_Auto73238787E4584C9F87862B78A8D837FE4.tmp' to '../../../../../../Users/johnn/OneDrive/Documents/GitHub/PlacementProject/NightmareEscape/Saved/Autosaves/Game/ThirdPersonBP/Blueprints/ThirdPersonCharacter_Auto7.uasset'
[2021.06.02-17.56.45:600][458]OBJ SavePackage: Generating thumbnails for [0] asset(s) in package [/Game/ThirdPersonBP/Blueprints/ThirdPersonGameMode] ([1] browsable assets)...
[2021.06.02-17.56.45:600][458]OBJ SavePackage: Finished generating thumbnails for package [/Game/ThirdPersonBP/Blueprints/ThirdPersonGameMode]
[2021.06.02-17.56.45:635][458]LogSavePackage: Moving '../../../../../../Users/johnn/OneDrive/Documents/GitHub/PlacementProject/NightmareEscape/Saved/ThirdPersonGameMode_Auto72F373A13404AFFAFE9CD1CBB2C807205.tmp' to '../../../../../../Users/johnn/OneDrive/Documents/GitHub/PlacementProject/NightmareEscape/Saved/Autosaves/Game/ThirdPersonBP/Blueprints/ThirdPersonGameMode_Auto7.uasset'
[2021.06.02-17.56.45:636][458]LogFileHelpers: Auto-saving content packages took 0.115
