Log file open, 05/30/21 13:13:55
LogInit: Display: Running engine for game: NightmareEscape
LogPlatformFile: Not using cached read wrapper
LogTaskGraph: Started task graph with 5 named threads and 35 total threads with 3 sets of task threads.
LogStats: Stats thread started at 0.213219
LogD3D11RHI: Loaded GFSDK_Aftermath_Lib.x64.dll
LogICUInternationalization: ICU TimeZone Detection - Raw Offset: +0:00, Platform Override: ''
LogPluginManager: Mounting plugin Paper2D
LogPluginManager: Mounting plugin AISupport
LogPluginManager: Mounting plugin LightPropagationVolume
LogPluginManager: Mounting plugin CameraShakePreviewer
LogPluginManager: Mounting plugin ActorLayerUtilities
LogPluginManager: Mounting plugin AnimationSharing
LogPluginManager: Mounting plugin CLionSourceCodeAccess
LogPluginManager: Mounting plugin CodeLiteSourceCodeAccess
LogPluginManager: Mounting plugin GitSourceControl
LogPluginManager: Mounting plugin KDevelopSourceCodeAccess
LogPluginManager: Mounting plugin NullSourceCodeAccess
LogPluginManager: Mounting plugin PerforceSourceControl
LogPluginManager: Mounting plugin PlasticSourceControl
LogPluginManager: Mounting plugin RiderSourceCodeAccess
LogPluginManager: Mounting plugin SubversionSourceControl
LogPluginManager: Mounting plugin UObjectPlugin
LogPluginManager: Mounting plugin VisualStudioCodeSourceCodeAccess
LogPluginManager: Mounting plugin VisualStudioSourceCodeAccess
LogPluginManager: Mounting plugin XCodeSourceCodeAccess
LogPluginManager: Mounting plugin AssetManagerEditor
LogPluginManager: Mounting plugin CryptoKeys
LogPluginManager: Mounting plugin CurveEditorTools
LogPluginManager: Mounting plugin DataValidation
LogPluginManager: Mounting plugin EditorScriptingUtilities
LogPluginManager: Mounting plugin FacialAnimation
LogPluginManager: Mounting plugin GameplayTagsEditor
LogPluginManager: Mounting plugin GeometryMode
LogPluginManager: Mounting plugin MacGraphicsSwitching
LogPluginManager: Mounting plugin MaterialAnalyzer
LogPluginManager: Mounting plugin MobileLauncherProfileWizard
LogPluginManager: Mounting plugin PluginBrowser
LogPluginManager: Mounting plugin SpeedTreeImporter
LogPluginManager: Mounting plugin DatasmithContent
LogPluginManager: Mounting plugin VariantManagerContent
LogPluginManager: Mounting plugin AlembicImporter
LogPluginManager: Mounting plugin AutomationUtils
LogPluginManager: Mounting plugin BackChannel
LogPluginManager: Mounting plugin ChaosCloth
LogPluginManager: Mounting plugin ChaosClothEditor
LogPluginManager: Mounting plugin ChaosEditor
LogPluginManager: Mounting plugin ChaosNiagara
LogPluginManager: Mounting plugin ChaosSolverPlugin
LogPluginManager: Mounting plugin CharacterAI
LogPluginManager: Mounting plugin GeometryCache
LogPluginManager: Mounting plugin GeometryCollectionPlugin
LogPluginManager: Mounting plugin GeometryProcessing
LogPluginManager: Mounting plugin PlanarCut
LogPluginManager: Mounting plugin PlatformCrypto
LogPluginManager: Mounting plugin ProxyLODPlugin
LogPluginManager: Mounting plugin SkeletalReduction
LogPluginManager: Mounting plugin Niagara
LogPluginManager: Mounting plugin MagicLeap
LogPluginManager: Mounting plugin MagicLeapLightEstimation
LogPluginManager: Mounting plugin MagicLeapMedia
LogPluginManager: Mounting plugin MagicLeapPassableWorld
LogPluginManager: Mounting plugin MLSDK
LogPluginManager: Mounting plugin AndroidMedia
LogPluginManager: Mounting plugin AvfMedia
LogPluginManager: Mounting plugin ImgMedia
LogPluginManager: Mounting plugin MediaCompositing
LogPluginManager: Mounting plugin MediaPlayerEditor
LogPluginManager: Mounting plugin WebMMedia
LogPluginManager: Mounting plugin WmfMedia
LogPluginManager: Mounting plugin MeshPainting
LogPluginManager: Mounting plugin TcpMessaging
LogPluginManager: Mounting plugin UdpMessaging
LogPluginManager: Mounting plugin ActorSequence
LogPluginManager: Mounting plugin LevelSequenceEditor
LogPluginManager: Mounting plugin MatineeToLevelSequence
LogPluginManager: Mounting plugin MovieRenderPipeline
LogPluginManager: Mounting plugin TemplateSequence
LogPluginManager: Mounting plugin NetcodeUnitTest
LogPluginManager: Mounting plugin NUTUnrealEngine4
LogPluginManager: Mounting plugin OnlineSubsystemGooglePlay
LogPluginManager: Mounting plugin OnlineSubsystemIOS
LogPluginManager: Mounting plugin OnlineSubsystem
LogPluginManager: Mounting plugin OnlineSubsystemNull
LogPluginManager: Mounting plugin OnlineSubsystemUtils
LogPluginManager: Mounting plugin LauncherChunkInstaller
LogPluginManager: Mounting plugin AndroidDeviceProfileSelector
LogPluginManager: Mounting plugin AndroidMoviePlayer
LogPluginManager: Mounting plugin AndroidPermission
LogPluginManager: Mounting plugin AppleImageUtils
LogPluginManager: Mounting plugin AppleMoviePlayer
LogPluginManager: Mounting plugin ArchVisCharacter
LogPluginManager: Mounting plugin AssetTags
LogPluginManager: Mounting plugin AudioCapture
LogPluginManager: Mounting plugin CableComponent
LogPluginManager: Mounting plugin CustomMeshComponent
LogPluginManager: Mounting plugin EditableMesh
LogPluginManager: Mounting plugin ExampleDeviceProfileSelector
LogPluginManager: Mounting plugin GoogleCloudMessaging
LogPluginManager: Mounting plugin GooglePAD
LogPluginManager: Mounting plugin IOSDeviceProfileSelector
LogPluginManager: Mounting plugin LinuxDeviceProfileSelector
LogPluginManager: Mounting plugin LocationServicesBPLibrary
LogPluginManager: Mounting plugin MobilePatchingUtils
LogPluginManager: Mounting plugin OculusVR
LogPluginManager: Mounting plugin PhysXVehicles
LogPluginManager: Mounting plugin PostSplashScreen
LogPluginManager: Mounting plugin ProceduralMeshComponent
LogPluginManager: Mounting plugin RuntimePhysXCooking
LogPluginManager: Mounting plugin SignificanceManager
LogPluginManager: Mounting plugin SoundFields
LogPluginManager: Mounting plugin SteamVR
LogPluginManager: Mounting plugin Synthesis
LogPluginManager: Mounting plugin WebMMoviePlayer
LogPluginManager: Mounting plugin WindowsMoviePlayer
LogPluginManager: Mounting plugin ScreenshotTools
LogInit: Using libcurl 7.55.1-DEV
LogInit:  - built for x86_64-pc-win32
LogInit:  - supports SSL with OpenSSL/1.1.1
LogInit:  - supports HTTP deflate (compression) using libz 1.2.8
LogInit:  - other features:
LogInit:      CURL_VERSION_SSL
LogInit:      CURL_VERSION_LIBZ
LogInit:      CURL_VERSION_IPV6
LogInit:      CURL_VERSION_ASYNCHDNS
LogInit:      CURL_VERSION_LARGEFILE
LogInit:      CURL_VERSION_IDN
LogInit:  CurlRequestOptions (configurable via config and command line):
LogInit:  - bVerifyPeer = true  - Libcurl will verify peer certificate
LogInit:  - bUseHttpProxy = false  - Libcurl will NOT use HTTP proxy
LogInit:  - bDontReuseConnections = false  - Libcurl will reuse connections
LogInit:  - MaxHostConnections = 16  - Libcurl will limit the number of connections to a host
LogInit:  - LocalHostAddr = Default
LogInit:  - BufferSize = 65536
LogOnline: OSS: Creating online subsystem instance for: NULL
LogInit: WinSock: version 1.1 (2.2), MaxSocks=32767, MaxUdp=65467
LogOnline: OSS: TryLoadSubsystemAndSetDefault: Loaded subsystem for module [NULL]
LogInit: Build: ++UE4+Release-4.25-CL-14469661
LogInit: Engine Version: 4.25.4-14469661+++UE4+Release-4.25
LogInit: Compatible Engine Version: 4.25.0-13144385+++UE4+Release-4.25
LogInit: Net CL: 13144385
LogInit: OS: Windows 10 (Release 2004) (), CPU: AMD Ryzen 5 2600 Six-Core Processor            , GPU: NVIDIA GeForce GTX 1660 Ti
LogInit: Compiled (64-bit): Oct 11 2020 08:10:49
LogInit: Compiled with Visual C++: 19.24.28315.00
LogInit: Build Configuration: Development
LogInit: Branch Name: ++UE4+Release-4.25
LogInit: Command Line: 
LogInit: Base Directory: C:/Program Files/Epic Games/UE_4.25/Engine/Binaries/Win64/
LogInit: Allocator: TBB
LogInit: Installed Engine Build: 1
LogDevObjectVersion: Number of dev versions registered: 26
LogDevObjectVersion:   Dev-Blueprints (B0D832E4-1F89-4F0D-ACCF-7EB736FD4AA2): 10
LogDevObjectVersion:   Dev-Build (E1C64328-A22C-4D53-A36C-8E866417BD8C): 0
LogDevObjectVersion:   Dev-Core (375EC13C-06E4-48FB-B500-84F0262A717E): 4
LogDevObjectVersion:   Dev-Editor (E4B068ED-F494-42E9-A231-DA0B2E46BB41): 38
LogDevObjectVersion:   Dev-Framework (CFFC743F-43B0-4480-9391-14DF171D2073): 37
LogDevObjectVersion:   Dev-Mobile (B02B49B5-BB20-44E9-A304-32B752E40360): 2
LogDevObjectVersion:   Dev-Networking (A4E4105C-59A1-49B5-A7C5-40C4547EDFEE): 0
LogDevObjectVersion:   Dev-Online (39C831C9-5AE6-47DC-9A44-9C173E1C8E7C): 0
LogDevObjectVersion:   Dev-Physics (78F01B33-EBEA-4F98-B9B4-84EACCB95AA2): 4
LogDevObjectVersion:   Dev-Platform (6631380F-2D4D-43E0-8009-CF276956A95A): 0
LogDevObjectVersion:   Dev-Rendering (12F88B9F-8875-4AFC-A67C-D90C383ABD29): 43
LogDevObjectVersion:   Dev-Sequencer (7B5AE74C-D270-4C10-A958-57980B212A5A): 12
LogDevObjectVersion:   Dev-VR (D7296918-1DD6-4BDD-9DE2-64A83CC13884): 3
LogDevObjectVersion:   Dev-LoadTimes (C2A15278-BFE7-4AFE-6C17-90FF531DF755): 1
LogDevObjectVersion:   Private-Geometry (6EACA3D4-40EC-4CC1-B786-8BED09428FC5): 3
LogDevObjectVersion:   Dev-AnimPhys (29E575DD-E0A3-4627-9D10-D276232CDCEA): 17
LogDevObjectVersion:   Dev-Anim (AF43A65D-7FD3-4947-9873-3E8ED9C1BB05): 7
LogDevObjectVersion:   Dev-ReflectionCapture (6B266CEC-1EC7-4B8F-A30B-E4D90942FC07): 1
LogDevObjectVersion:   Dev-Automation (0DF73D61-A23F-47EA-B727-89E90C41499A): 1
LogDevObjectVersion:   FortniteMain (601D1886-AC64-4F84-AA16-D3DE0DEAC7D6): 31
LogDevObjectVersion:   Dev-Enterprise (9DFFBCD6-494F-0158-E221-12823C92A888): 10
LogDevObjectVersion:   Dev-Niagara (F2AED0AC-9AFE-416F-8664-AA7FFA26D6FC): 1
LogDevObjectVersion:   Dev-Destruction (174F1F0B-B4C6-45A5-B13F-2EE8D0FB917D): 10
LogDevObjectVersion:   Dev-Physics-Ext (35F94A83-E258-406C-A318-09F59610247C): 37
LogDevObjectVersion:   Dev-PhysicsMaterial-Chaos (B68FC16E-8B1B-42E2-B453-215C058844FE): 1
LogDevObjectVersion:   Dev-CineCamera (B2E18506-4273-CFC2-A54E-F4BB758BBA07): 1
LogInit: Presizing for max 25165824 objects, including 0 objects not considered by GC, pre-allocating 0 bytes for permanent pool.
LogConfig: Applying CVar settings from Section [/Script/Engine.StreamingSettings] File [C:/Users/johnn/OneDrive/Documents/GitHub/PlacementProject/NightmareEscape/Saved/Config/Windows/Engine.ini]
LogConfig: Setting CVar [[s.MinBulkDataSizeForAsyncLoading:131072]]
LogConfig: Setting CVar [[s.AsyncLoadingThreadEnabled:0]]
LogConfig: Setting CVar [[s.EventDrivenLoaderEnabled:1]]
LogConfig: Setting CVar [[s.WarnIfTimeLimitExceeded:0]]
LogConfig: Setting CVar [[s.TimeLimitExceededMultiplier:1.5]]
LogConfig: Setting CVar [[s.TimeLimitExceededMinTime:0.005]]
LogConfig: Setting CVar [[s.UseBackgroundLevelStreaming:1]]
LogConfig: Setting CVar [[s.PriorityAsyncLoadingExtraTime:15.0]]
LogConfig: Setting CVar [[s.LevelStreamingActorsUpdateTimeLimit:5.0]]
LogConfig: Setting CVar [[s.PriorityLevelStreamingActorsUpdateExtraTime:5.0]]
LogConfig: Setting CVar [[s.LevelStreamingComponentsRegistrationGranularity:10]]
LogConfig: Setting CVar [[s.UnregisterComponentsTimeLimit:1.0]]
LogConfig: Setting CVar [[s.LevelStreamingComponentsUnregistrationGranularity:5]]
LogConfig: Setting CVar [[s.FlushStreamingOnExit:1]]
LogInit: Object subsystem initialized
LogConfig: Setting CVar [[con.DebugEarlyDefault:1]]
LogConfig: Setting CVar [[r.setres:1280x720]]
[2021.05.30-12.13.55:419][  0]LogConfig: Setting CVar [[r.VSync:0]]
[2021.05.30-12.13.55:419][  0]LogConfig: Setting CVar [[r.RHICmdBypass:0]]
[2021.05.30-12.13.55:419][  0]LogConfig: Applying CVar settings from Section [/Script/Engine.RendererSettings] File [C:/Users/johnn/OneDrive/Documents/GitHub/PlacementProject/NightmareEscape/Saved/Config/Windows/Engine.ini]
[2021.05.30-12.13.55:419][  0]LogConfig: Setting CVar [[r.GPUCrashDebugging:0]]
[2021.05.30-12.13.55:419][  0]LogConfig: Setting CVar [[r.Mobile.DisableVertexFog:1]]
[2021.05.30-12.13.55:419][  0]LogConfig: Setting CVar [[r.Shadow.CSM.MaxMobileCascades:2]]
[2021.05.30-12.13.55:419][  0]LogConfig: Setting CVar [[r.MobileMSAA:1]]
[2021.05.30-12.13.55:419][  0]LogConfig: Setting CVar [[r.Mobile.UseLegacyShadingModel:0]]
[2021.05.30-12.13.55:419][  0]LogConfig: Setting CVar [[r.Mobile.AllowDitheredLODTransition:0]]
[2021.05.30-12.13.55:419][  0]LogConfig: Setting CVar [[r.Mobile.AllowSoftwareOcclusion:0]]
[2021.05.30-12.13.55:419][  0]LogConfig: Setting CVar [[r.Mobile.VirtualTextures:0]]
[2021.05.30-12.13.55:419][  0]LogConfig: Setting CVar [[r.DiscardUnusedQuality:0]]
[2021.05.30-12.13.55:419][  0]LogConfig: Setting CVar [[r.AllowOcclusionQueries:1]]
[2021.05.30-12.13.55:419][  0]LogConfig: Setting CVar [[r.MinScreenRadiusForLights:0.030000]]
[2021.05.30-12.13.55:419][  0]LogConfig: Setting CVar [[r.MinScreenRadiusForDepthPrepass:0.030000]]
[2021.05.30-12.13.55:419][  0]LogConfig: Setting CVar [[r.MinScreenRadiusForCSMDepth:0.010000]]
[2021.05.30-12.13.55:419][  0]LogConfig: Setting CVar [[r.PrecomputedVisibilityWarning:0]]
[2021.05.30-12.13.55:419][  0]LogConfig: Setting CVar [[r.TextureStreaming:1]]
[2021.05.30-12.13.55:419][  0]LogConfig: Setting CVar [[Compat.UseDXT5NormalMaps:0]]
[2021.05.30-12.13.55:419][  0]LogConfig: Setting CVar [[r.VirtualTextures:0]]
[2021.05.30-12.13.55:419][  0]LogConfig: Setting CVar [[r.VirtualTexturedLightmaps:0]]
[2021.05.30-12.13.55:419][  0]LogConfig: Setting CVar [[r.VT.TileSize:128]]
[2021.05.30-12.13.55:419][  0]LogConfig: Setting CVar [[r.VT.TileBorderSize:4]]
[2021.05.30-12.13.55:419][  0]LogConfig: Setting CVar [[r.vt.FeedbackFactor:16]]
[2021.05.30-12.13.55:419][  0]LogConfig: Setting CVar [[r.VT.EnableCompressZlib:1]]
[2021.05.30-12.13.55:419][  0]LogConfig: Setting CVar [[r.VT.EnableCompressCrunch:0]]
[2021.05.30-12.13.55:419][  0]LogConfig: Setting CVar [[r.ClearCoatNormal:0]]
[2021.05.30-12.13.55:419][  0]LogConfig: Setting CVar [[r.AnisotropicBRDF:0]]
[2021.05.30-12.13.55:419][  0]LogConfig: Setting CVar [[r.ReflectionCaptureResolution:128]]
[2021.05.30-12.13.55:419][  0]LogConfig: Setting CVar [[r.ReflectionEnvironmentLightmapMixBasedOnRoughness:1]]
[2021.05.30-12.13.55:419][  0]LogConfig: Setting CVar [[r.ForwardShading:0]]
[2021.05.30-12.13.55:419][  0]LogConfig: Setting CVar [[r.VertexFoggingForOpaque:1]]
[2021.05.30-12.13.55:419][  0]LogConfig: Setting CVar [[r.AllowStaticLighting:1]]
[2021.05.30-12.13.55:419][  0]LogConfig: Setting CVar [[r.NormalMapsForStaticLighting:0]]
[2021.05.30-12.13.55:419][  0]LogConfig: Setting CVar [[r.GenerateMeshDistanceFields:0]]
[2021.05.30-12.13.55:420][  0]LogConfig: Setting CVar [[r.DistanceFieldBuild.EightBit:0]]
[2021.05.30-12.13.55:420][  0]LogConfig: Setting CVar [[r.GenerateLandscapeGIData:0]]
[2021.05.30-12.13.55:420][  0]LogConfig: Setting CVar [[r.DistanceFieldBuild.Compress:0]]
[2021.05.30-12.13.55:420][  0]LogConfig: Setting CVar [[r.TessellationAdaptivePixelsPerTriangle:48.000000]]
[2021.05.30-12.13.55:420][  0]LogConfig: Setting CVar [[r.SeparateTranslucency:1]]
[2021.05.30-12.13.55:420][  0]LogConfig: Setting CVar [[r.TranslucentSortPolicy:0]]
[2021.05.30-12.13.55:420][  0]LogConfig: Setting CVar [[r.CustomDepth:1]]
[2021.05.30-12.13.55:420][  0]LogConfig: Setting CVar [[r.CustomDepthTemporalAAJitter:1]]
[2021.05.30-12.13.55:420][  0]LogConfig: Setting CVar [[r.PostProcessing.PropagateAlpha:0]]
[2021.05.30-12.13.55:420][  0]LogConfig: Setting CVar [[r.DefaultFeature.Bloom:1]]
[2021.05.30-12.13.55:420][  0]LogConfig: Setting CVar [[r.DefaultFeature.AmbientOcclusion:1]]
[2021.05.30-12.13.55:420][  0]LogConfig: Setting CVar [[r.DefaultFeature.AmbientOcclusionStaticFraction:1]]
[2021.05.30-12.13.55:420][  0]LogConfig: Setting CVar [[r.DefaultFeature.AutoExposure:0]]
[2021.05.30-12.13.55:420][  0]LogConfig: Setting CVar [[r.DefaultFeature.AutoExposure.Method:0]]
[2021.05.30-12.13.55:420][  0]LogConfig: Setting CVar [[r.DefaultFeature.AutoExposure.Bias:1.000000]]
[2021.05.30-12.13.55:420][  0]LogConfig: Setting CVar [[r.DefaultFeature.AutoExposure.ExtendDefaultLuminanceRange:0]]
[2021.05.30-12.13.55:420][  0]LogConfig: Setting CVar [[r.UsePreExposure:1]]
[2021.05.30-12.13.55:420][  0]LogConfig: Setting CVar [[r.EyeAdaptation.EditorOnly:0]]
[2021.05.30-12.13.55:420][  0]LogConfig: Setting CVar [[r.DefaultFeature.MotionBlur:0]]
[2021.05.30-12.13.55:420][  0]LogConfig: Setting CVar [[r.DefaultFeature.LensFlare:0]]
[2021.05.30-12.13.55:420][  0]LogConfig: Setting CVar [[r.TemporalAA.Upsampling:0]]
[2021.05.30-12.13.55:420][  0]LogConfig: Setting CVar [[r.SSGI.Enable:0]]
[2021.05.30-12.13.55:420][  0]LogConfig: Setting CVar [[r.DefaultFeature.AntiAliasing:0]]
[2021.05.30-12.13.55:420][  0]LogConfig: Setting CVar [[r.DefaultFeature.LightUnits:1]]
[2021.05.30-12.13.55:420][  0]LogConfig: Setting CVar [[r.DefaultBackBufferPixelFormat:4]]
[2021.05.30-12.13.55:420][  0]LogConfig: Setting CVar [[r.Shadow.UnbuiltPreviewInGame:1]]
[2021.05.30-12.13.55:420][  0]LogConfig: Setting CVar [[r.StencilForLODDither:0]]
[2021.05.30-12.13.55:420][  0]LogConfig: Setting CVar [[r.EarlyZPass:3]]
[2021.05.30-12.13.55:420][  0]LogConfig: Setting CVar [[r.EarlyZPassOnlyMaterialMasking:0]]
[2021.05.30-12.13.55:420][  0]LogConfig: Setting CVar [[r.DBuffer:1]]
[2021.05.30-12.13.55:420][  0]LogConfig: Setting CVar [[r.ClearSceneMethod:1]]
[2021.05.30-12.13.55:420][  0]LogConfig: Setting CVar [[r.BasePassOutputsVelocity:0]]
[2021.05.30-12.13.55:420][  0]LogConfig: Setting CVar [[r.VertexDeformationOutputsVelocity:0]]
[2021.05.30-12.13.55:420][  0]LogConfig: Setting CVar [[r.SelectiveBasePassOutputs:0]]
[2021.05.30-12.13.55:420][  0]LogConfig: Setting CVar [[fx.GPUSimulationTextureSizeX:1024]]
[2021.05.30-12.13.55:420][  0]LogConfig: Setting CVar [[fx.GPUSimulationTextureSizeY:1024]]
[2021.05.30-12.13.55:420][  0]LogConfig: Setting CVar [[r.AllowGlobalClipPlane:0]]
[2021.05.30-12.13.55:420][  0]LogConfig: Setting CVar [[r.GBufferFormat:1]]
[2021.05.30-12.13.55:420][  0]LogConfig: Setting CVar [[r.MorphTarget.Mode:1]]
[2021.05.30-12.13.55:420][  0]LogConfig: Setting CVar [[vr.InstancedStereo:0]]
[2021.05.30-12.13.55:420][  0]LogConfig: Setting CVar [[r.MobileHDR:1]]
[2021.05.30-12.13.55:420][  0]LogConfig: Setting CVar [[vr.MobileMultiView:0]]
[2021.05.30-12.13.55:420][  0]LogConfig: Setting CVar [[r.Mobile.UseHWsRGBEncoding:0]]
[2021.05.30-12.13.55:420][  0]LogConfig: Setting CVar [[vr.RoundRobinOcclusion:0]]
[2021.05.30-12.13.55:420][  0]LogConfig: Setting CVar [[vr.ODSCapture:0]]
[2021.05.30-12.13.55:420][  0]LogConfig: Setting CVar [[r.MeshStreaming:0]]
[2021.05.30-12.13.55:420][  0]LogConfig: Setting CVar [[r.WireframeCullThreshold:5.000000]]
[2021.05.30-12.13.55:420][  0]LogConfig: Setting CVar [[r.RayTracing:0]]
[2021.05.30-12.13.55:420][  0]LogConfig: Setting CVar [[r.RayTracing.UseTextureLod:0]]
[2021.05.30-12.13.55:420][  0]LogConfig: Setting CVar [[r.SupportStationarySkylight:1]]
[2021.05.30-12.13.55:420][  0]LogConfig: Setting CVar [[r.SupportLowQualityLightmaps:1]]
[2021.05.30-12.13.55:420][  0]LogConfig: Setting CVar [[r.SupportPointLightWholeSceneShadows:1]]
[2021.05.30-12.13.55:420][  0]LogConfig: Setting CVar [[r.SupportAtmosphericFog:1]]
[2021.05.30-12.13.55:420][  0]LogConfig: Setting CVar [[r.SupportSkyAtmosphere:1]]
[2021.05.30-12.13.55:420][  0]LogConfig: Setting CVar [[r.SupportSkyAtmosphereAffectsHeightFog:0]]
[2021.05.30-12.13.55:420][  0]LogConfig: Setting CVar [[r.SkinCache.CompileShaders:0]]
[2021.05.30-12.13.55:420][  0]LogConfig: Setting CVar [[r.SkinCache.DefaultBehavior:1]]
[2021.05.30-12.13.55:420][  0]LogConfig: Setting CVar [[r.SkinCache.SceneMemoryLimitInMB:128.000000]]
[2021.05.30-12.13.55:420][  0]LogConfig: Setting CVar [[r.Mobile.EnableStaticAndCSMShadowReceivers:1]]
[2021.05.30-12.13.55:420][  0]LogConfig: Setting CVar [[r.Mobile.EnableMovableLightCSMShaderCulling:1]]
[2021.05.30-12.13.55:420][  0]LogConfig: Setting CVar [[r.Mobile.AllowDistanceFieldShadows:1]]
[2021.05.30-12.13.55:420][  0]LogConfig: Setting CVar [[r.Mobile.AllowMovableDirectionalLights:1]]
[2021.05.30-12.13.55:420][  0]LogConfig: Setting CVar [[r.MobileNumDynamicPointLights:4]]
[2021.05.30-12.13.55:420][  0]LogConfig: Setting CVar [[r.MobileDynamicPointLightsUseStaticBranch:1]]
[2021.05.30-12.13.55:420][  0]LogConfig: Setting CVar [[r.Mobile.EnableMovableSpotlights:0]]
[2021.05.30-12.13.55:420][  0]LogConfig: Setting CVar [[r.GPUSkin.Support16BitBoneIndex:0]]
[2021.05.30-12.13.55:420][  0]LogConfig: Setting CVar [[r.GPUSkin.Limit2BoneInfluences:0]]
[2021.05.30-12.13.55:420][  0]LogConfig: Setting CVar [[r.SupportDepthOnlyIndexBuffers:1]]
[2021.05.30-12.13.55:420][  0]LogConfig: Setting CVar [[r.SupportReversedIndexBuffers:1]]
[2021.05.30-12.13.55:420][  0]LogConfig: Setting CVar [[r.SupportMaterialLayers:0]]
[2021.05.30-12.13.55:420][  0]LogConfig: Setting CVar [[r.LightPropagationVolume:0]]
[2021.05.30-12.13.55:420][  0]LogConfig: Applying CVar settings from Section [/Script/Engine.RendererOverrideSettings] File [C:/Users/johnn/OneDrive/Documents/GitHub/PlacementProject/NightmareEscape/Saved/Config/Windows/Engine.ini]
[2021.05.30-12.13.55:420][  0]LogConfig: Applying CVar settings from Section [/Script/Engine.StreamingSettings] File [C:/Users/johnn/OneDrive/Documents/GitHub/PlacementProject/NightmareEscape/Saved/Config/Windows/Engine.ini]
[2021.05.30-12.13.55:420][  0]LogConfig: Setting CVar [[s.MinBulkDataSizeForAsyncLoading:131072]]
[2021.05.30-12.13.55:421][  0]LogConfig: Setting CVar [[s.AsyncLoadingThreadEnabled:0]]
[2021.05.30-12.13.55:421][  0]LogConfig: Setting CVar [[s.EventDrivenLoaderEnabled:1]]
[2021.05.30-12.13.55:421][  0]LogConfig: Setting CVar [[s.WarnIfTimeLimitExceeded:0]]
[2021.05.30-12.13.55:421][  0]LogConfig: Setting CVar [[s.TimeLimitExceededMultiplier:1.5]]
[2021.05.30-12.13.55:421][  0]LogConfig: Setting CVar [[s.TimeLimitExceededMinTime:0.005]]
[2021.05.30-12.13.55:421][  0]LogConfig: Setting CVar [[s.UseBackgroundLevelStreaming:1]]
[2021.05.30-12.13.55:421][  0]LogConfig: Setting CVar [[s.PriorityAsyncLoadingExtraTime:15.0]]
[2021.05.30-12.13.55:421][  0]LogConfig: Setting CVar [[s.LevelStreamingActorsUpdateTimeLimit:5.0]]
[2021.05.30-12.13.55:421][  0]LogConfig: Setting CVar [[s.PriorityLevelStreamingActorsUpdateExtraTime:5.0]]
[2021.05.30-12.13.55:421][  0]LogConfig: Setting CVar [[s.LevelStreamingComponentsRegistrationGranularity:10]]
[2021.05.30-12.13.55:421][  0]LogConfig: Setting CVar [[s.UnregisterComponentsTimeLimit:1.0]]
[2021.05.30-12.13.55:421][  0]LogConfig: Setting CVar [[s.LevelStreamingComponentsUnregistrationGranularity:5]]
[2021.05.30-12.13.55:421][  0]LogConfig: Setting CVar [[s.FlushStreamingOnExit:1]]
[2021.05.30-12.13.55:421][  0]LogConfig: Applying CVar settings from Section [/Script/Engine.GarbageCollectionSettings] File [C:/Users/johnn/OneDrive/Documents/GitHub/PlacementProject/NightmareEscape/Saved/Config/Windows/Engine.ini]
[2021.05.30-12.13.55:421][  0]LogConfig: Setting CVar [[gc.MaxObjectsNotConsideredByGC:1]]
[2021.05.30-12.13.55:421][  0]LogConfig: Setting CVar [[gc.SizeOfPermanentObjectPool:0]]
[2021.05.30-12.13.55:421][  0]LogConfig: Setting CVar [[gc.FlushStreamingOnGC:0]]
[2021.05.30-12.13.55:421][  0]LogConfig: Setting CVar [[gc.NumRetriesBeforeForcingGC:10]]
[2021.05.30-12.13.55:421][  0]LogConfig: Setting CVar [[gc.AllowParallelGC:1]]
[2021.05.30-12.13.55:421][  0]LogConfig: Setting CVar [[gc.TimeBetweenPurgingPendingKillObjects:61.1]]
[2021.05.30-12.13.55:421][  0]LogConfig: Setting CVar [[gc.MaxObjectsInEditor:25165824]]
[2021.05.30-12.13.55:421][  0]LogConfig: Setting CVar [[gc.IncrementalBeginDestroyEnabled:1]]
[2021.05.30-12.13.55:421][  0]LogConfig: Setting CVar [[gc.CreateGCClusters:1]]
[2021.05.30-12.13.55:421][  0]LogConfig: Setting CVar [[gc.MinGCClusterSize:5]]
[2021.05.30-12.13.55:421][  0]LogConfig: Setting CVar [[gc.ActorClusteringEnabled:0]]
[2021.05.30-12.13.55:421][  0]LogConfig: Setting CVar [[gc.BlueprintClusteringEnabled:0]]
[2021.05.30-12.13.55:421][  0]LogConfig: Setting CVar [[gc.UseDisregardForGCOnDedicatedServers:0]]
[2021.05.30-12.13.55:421][  0]LogConfig: Applying CVar settings from Section [/Script/Engine.NetworkSettings] File [C:/Users/johnn/OneDrive/Documents/GitHub/PlacementProject/NightmareEscape/Saved/Config/Windows/Engine.ini]
[2021.05.30-12.13.55:421][  0]LogConfig: Applying CVar settings from Section [/Script/UnrealEd.CookerSettings] File [C:/Users/johnn/OneDrive/Documents/GitHub/PlacementProject/NightmareEscape/Saved/Config/Windows/Engine.ini]
[2021.05.30-12.13.55:425][  0]LogConfig: Applying CVar settings from Section [ViewDistanceQuality@3] File [C:/Users/johnn/OneDrive/Documents/GitHub/PlacementProject/NightmareEscape/Saved/Config/Windows/Scalability.ini]
[2021.05.30-12.13.55:425][  0]LogConfig: Setting CVar [[r.SkeletalMeshLODBias:0]]
[2021.05.30-12.13.55:425][  0]LogConfig: Setting CVar [[r.ViewDistanceScale:1.0]]
[2021.05.30-12.13.55:425][  0]LogConfig: Applying CVar settings from Section [AntiAliasingQuality@3] File [C:/Users/johnn/OneDrive/Documents/GitHub/PlacementProject/NightmareEscape/Saved/Config/Windows/Scalability.ini]
[2021.05.30-12.13.55:425][  0]LogConfig: Setting CVar [[r.PostProcessAAQuality:4]]
[2021.05.30-12.13.55:425][  0]LogConfig: Applying CVar settings from Section [ShadowQuality@3] File [C:/Users/johnn/OneDrive/Documents/GitHub/PlacementProject/NightmareEscape/Saved/Config/Windows/Scalability.ini]
[2021.05.30-12.13.55:425][  0]LogConfig: Setting CVar [[r.LightFunctionQuality:1]]
[2021.05.30-12.13.55:425][  0]LogConfig: Setting CVar [[r.ShadowQuality:5]]
[2021.05.30-12.13.55:425][  0]LogConfig: Setting CVar [[r.Shadow.CSM.MaxCascades:10]]
[2021.05.30-12.13.55:425][  0]LogConfig: Setting CVar [[r.Shadow.MaxResolution:2048]]
[2021.05.30-12.13.55:425][  0]LogConfig: Setting CVar [[r.Shadow.MaxCSMResolution:2048]]
[2021.05.30-12.13.55:425][  0]LogConfig: Setting CVar [[r.Shadow.RadiusThreshold:0.01]]
[2021.05.30-12.13.55:425][  0]LogConfig: Setting CVar [[r.Shadow.DistanceScale:1.0]]
[2021.05.30-12.13.55:425][  0]LogConfig: Setting CVar [[r.Shadow.CSM.TransitionScale:1.0]]
[2021.05.30-12.13.55:425][  0]LogConfig: Setting CVar [[r.Shadow.PreShadowResolutionFactor:1.0]]
[2021.05.30-12.13.55:425][  0]LogConfig: Setting CVar [[r.DistanceFieldShadowing:1]]
[2021.05.30-12.13.55:425][  0]LogConfig: Setting CVar [[r.DistanceFieldAO:1]]
[2021.05.30-12.13.55:425][  0]LogConfig: Setting CVar [[r.AOQuality:2]]
[2021.05.30-12.13.55:425][  0]LogConfig: Setting CVar [[r.VolumetricFog:1]]
[2021.05.30-12.13.55:425][  0]LogConfig: Setting CVar [[r.VolumetricFog.GridPixelSize:8]]
[2021.05.30-12.13.55:425][  0]LogConfig: Setting CVar [[r.VolumetricFog.GridSizeZ:128]]
[2021.05.30-12.13.55:425][  0]LogConfig: Setting CVar [[r.VolumetricFog.HistoryMissSupersampleCount:4]]
[2021.05.30-12.13.55:425][  0]LogConfig: Setting CVar [[r.LightMaxDrawDistanceScale:1]]
[2021.05.30-12.13.55:425][  0]LogConfig: Setting CVar [[r.CapsuleShadows:1]]
[2021.05.30-12.13.55:425][  0]LogConfig: Applying CVar settings from Section [PostProcessQuality@3] File [C:/Users/johnn/OneDrive/Documents/GitHub/PlacementProject/NightmareEscape/Saved/Config/Windows/Scalability.ini]
[2021.05.30-12.13.55:425][  0]LogConfig: Setting CVar [[r.MotionBlurQuality:4]]
[2021.05.30-12.13.55:425][  0]LogConfig: Setting CVar [[r.AmbientOcclusionMipLevelFactor:0.4]]
[2021.05.30-12.13.55:425][  0]LogConfig: Setting CVar [[r.AmbientOcclusionMaxQuality:100]]
[2021.05.30-12.13.55:425][  0]LogConfig: Setting CVar [[r.AmbientOcclusionLevels:-1]]
[2021.05.30-12.13.55:425][  0]LogConfig: Setting CVar [[r.AmbientOcclusionRadiusScale:1.0]]
[2021.05.30-12.13.55:425][  0]LogConfig: Setting CVar [[r.DepthOfFieldQuality:2]]
[2021.05.30-12.13.55:425][  0]LogConfig: Setting CVar [[r.RenderTargetPoolMin:400]]
[2021.05.30-12.13.55:425][  0]LogConfig: Setting CVar [[r.LensFlareQuality:2]]
[2021.05.30-12.13.55:425][  0]LogConfig: Setting CVar [[r.SceneColorFringeQuality:1]]
[2021.05.30-12.13.55:425][  0]LogConfig: Setting CVar [[r.EyeAdaptationQuality:2]]
[2021.05.30-12.13.55:425][  0]LogConfig: Setting CVar [[r.BloomQuality:5]]
[2021.05.30-12.13.55:425][  0]LogConfig: Setting CVar [[r.FastBlurThreshold:100]]
[2021.05.30-12.13.55:425][  0]LogConfig: Setting CVar [[r.Upscale.Quality:3]]
[2021.05.30-12.13.55:425][  0]LogConfig: Setting CVar [[r.Tonemapper.GrainQuantization:1]]
[2021.05.30-12.13.55:425][  0]LogConfig: Setting CVar [[r.LightShaftQuality:1]]
[2021.05.30-12.13.55:425][  0]LogConfig: Setting CVar [[r.Filter.SizeScale:1]]
[2021.05.30-12.13.55:425][  0]LogConfig: Setting CVar [[r.Tonemapper.Quality:5]]
[2021.05.30-12.13.55:425][  0]LogConfig: Setting CVar [[r.DOF.Gather.AccumulatorQuality:1        ; higher gathering accumulator quality]]
[2021.05.30-12.13.55:425][  0]LogConfig: Setting CVar [[r.DOF.Gather.PostfilterMethod:1          ; Median3x3 postfilering method]]
[2021.05.30-12.13.55:425][  0]LogConfig: Setting CVar [[r.DOF.Gather.EnableBokehSettings:0       ; no bokeh simulation when gathering]]
[2021.05.30-12.13.55:425][  0]LogConfig: Setting CVar [[r.DOF.Gather.RingCount:4                 ; medium number of samples when gathering]]
[2021.05.30-12.13.55:425][  0]LogConfig: Setting CVar [[r.DOF.Scatter.ForegroundCompositing:1    ; additive foreground scattering]]
[2021.05.30-12.13.55:425][  0]LogConfig: Setting CVar [[r.DOF.Scatter.BackgroundCompositing:2    ; additive background scattering]]
[2021.05.30-12.13.55:425][  0]LogConfig: Setting CVar [[r.DOF.Scatter.EnableBokehSettings:1      ; bokeh simulation when scattering]]
[2021.05.30-12.13.55:425][  0]LogConfig: Setting CVar [[r.DOF.Scatter.MaxSpriteRatio:0.1         ; only a maximum of 10% of scattered bokeh]]
[2021.05.30-12.13.55:425][  0]LogConfig: Setting CVar [[r.DOF.Recombine.Quality:1                ; cheap slight out of focus]]
[2021.05.30-12.13.55:425][  0]LogConfig: Setting CVar [[r.DOF.Recombine.EnableBokehSettings:0    ; no bokeh simulation on slight out of focus]]
[2021.05.30-12.13.55:425][  0]LogConfig: Setting CVar [[r.DOF.TemporalAAQuality:1                ; more stable temporal accumulation]]
[2021.05.30-12.13.55:425][  0]LogConfig: Setting CVar [[r.DOF.Kernel.MaxForegroundRadius:0.025]]
[2021.05.30-12.13.55:425][  0]LogConfig: Setting CVar [[r.DOF.Kernel.MaxBackgroundRadius:0.025]]
[2021.05.30-12.13.55:425][  0]LogConfig: Applying CVar settings from Section [TextureQuality@3] File [C:/Users/johnn/OneDrive/Documents/GitHub/PlacementProject/NightmareEscape/Saved/Config/Windows/Scalability.ini]
[2021.05.30-12.13.55:425][  0]LogConfig: Setting CVar [[r.Streaming.MipBias:0]]
[2021.05.30-12.13.55:426][  0]LogConfig: Setting CVar [[r.Streaming.AmortizeCPUToGPUCopy:0]]
[2021.05.30-12.13.55:426][  0]LogConfig: Setting CVar [[r.Streaming.MaxNumTexturesToStreamPerFrame:0]]
[2021.05.30-12.13.55:426][  0]LogConfig: Setting CVar [[r.Streaming.Boost:1]]
[2021.05.30-12.13.55:426][  0]LogConfig: Setting CVar [[r.MaxAnisotropy:8]]
[2021.05.30-12.13.55:426][  0]LogConfig: Setting CVar [[r.VT.MaxAnisotropy:8]]
[2021.05.30-12.13.55:426][  0]LogConfig: Setting CVar [[r.Streaming.LimitPoolSizeToVRAM:0]]
[2021.05.30-12.13.55:426][  0]LogConfig: Setting CVar [[r.Streaming.PoolSize:1000]]
[2021.05.30-12.13.55:426][  0]LogConfig: Setting CVar [[r.Streaming.MaxEffectiveScreenSize:0]]
[2021.05.30-12.13.55:426][  0]LogConfig: Applying CVar settings from Section [EffectsQuality@3] File [C:/Users/johnn/OneDrive/Documents/GitHub/PlacementProject/NightmareEscape/Saved/Config/Windows/Scalability.ini]
[2021.05.30-12.13.55:426][  0]LogConfig: Setting CVar [[r.TranslucencyLightingVolumeDim:64]]
[2021.05.30-12.13.55:426][  0]LogConfig: Setting CVar [[r.RefractionQuality:2]]
[2021.05.30-12.13.55:426][  0]LogConfig: Setting CVar [[r.SSR.Quality:3]]
[2021.05.30-12.13.55:426][  0]LogConfig: Setting CVar [[r.SSR.HalfResSceneColor:0]]
[2021.05.30-12.13.55:426][  0]LogConfig: Setting CVar [[r.SceneColorFormat:4]]
[2021.05.30-12.13.55:426][  0]LogConfig: Setting CVar [[r.DetailMode:2]]
[2021.05.30-12.13.55:426][  0]LogConfig: Setting CVar [[r.TranslucencyVolumeBlur:1]]
[2021.05.30-12.13.55:426][  0]LogConfig: Setting CVar [[r.MaterialQualityLevel:1 ; High quality]]
[2021.05.30-12.13.55:426][  0]LogConfig: Setting CVar [[r.SSS.Scale:1]]
[2021.05.30-12.13.55:426][  0]LogConfig: Setting CVar [[r.SSS.SampleSet:2]]
[2021.05.30-12.13.55:426][  0]LogConfig: Setting CVar [[r.SSS.Quality:1]]
[2021.05.30-12.13.55:426][  0]LogConfig: Setting CVar [[r.SSS.HalfRes:0]]
[2021.05.30-12.13.55:426][  0]LogConfig: Setting CVar [[r.SSGI.Quality:3]]
[2021.05.30-12.13.55:426][  0]LogConfig: Setting CVar [[r.EmitterSpawnRateScale:1.0]]
[2021.05.30-12.13.55:426][  0]LogConfig: Setting CVar [[r.ParticleLightQuality:2]]
[2021.05.30-12.13.55:426][  0]LogConfig: Setting CVar [[r.SkyAtmosphere.AerialPerspectiveLUT.FastApplyOnOpaque:1 ; Always have FastSkyLUT 1 in this case to avoid wrong sky]]
[2021.05.30-12.13.55:426][  0]LogConfig: Setting CVar [[r.SkyAtmosphere.AerialPerspectiveLUT.SampleCountPerSlice:1]]
[2021.05.30-12.13.55:426][  0]LogConfig: Setting CVar [[r.SkyAtmosphere.AerialPerspectiveLUT.DepthResolution:16.0]]
[2021.05.30-12.13.55:426][  0]LogConfig: Setting CVar [[r.SkyAtmosphere.FastSkyLUT:1]]
[2021.05.30-12.13.55:426][  0]LogConfig: Setting CVar [[r.SkyAtmosphere.FastSkyLUT.SampleCountMin:4.0]]
[2021.05.30-12.13.55:426][  0]LogConfig: Setting CVar [[r.SkyAtmosphere.FastSkyLUT.SampleCountMax:32.0]]
[2021.05.30-12.13.55:426][  0]LogConfig: Setting CVar [[r.SkyAtmosphere.SampleCountMin:4.0]]
[2021.05.30-12.13.55:426][  0]LogConfig: Setting CVar [[r.SkyAtmosphere.SampleCountMax:32.0]]
[2021.05.30-12.13.55:426][  0]LogConfig: Setting CVar [[r.SkyAtmosphere.TransmittanceLUT.UseSmallFormat:0]]
[2021.05.30-12.13.55:426][  0]LogConfig: Setting CVar [[r.SkyAtmosphere.TransmittanceLUT.SampleCount:10.0]]
[2021.05.30-12.13.55:426][  0]LogConfig: Setting CVar [[r.SkyAtmosphere.MultiScatteringLUT.SampleCount:15.0]]
[2021.05.30-12.13.55:426][  0]LogConfig: Applying CVar settings from Section [FoliageQuality@3] File [C:/Users/johnn/OneDrive/Documents/GitHub/PlacementProject/NightmareEscape/Saved/Config/Windows/Scalability.ini]
[2021.05.30-12.13.55:426][  0]LogConfig: Setting CVar [[foliage.DensityScale:1.0]]
[2021.05.30-12.13.55:426][  0]LogConfig: Setting CVar [[grass.DensityScale:1.0]]
[2021.05.30-12.13.55:426][  0]LogConfig: Applying CVar settings from Section [ShadingQuality@3] File [C:/Users/johnn/OneDrive/Documents/GitHub/PlacementProject/NightmareEscape/Saved/Config/Windows/Scalability.ini]
[2021.05.30-12.13.55:426][  0]LogConfig: Setting CVar [[r.HairStrands.SkyLighting.SampleCount:16]]
[2021.05.30-12.13.55:426][  0]LogConfig: Setting CVar [[r.HairStrands.SkyLighting.JitterIntegration:0]]
[2021.05.30-12.13.55:426][  0]LogConfig: Setting CVar [[r.HairStrands.SkyAO.SampleCount:16]]
[2021.05.30-12.13.55:426][  0]LogConfig: Setting CVar [[r.HairStrands.DeepShadow.SuperSampling:0]]
[2021.05.30-12.13.55:426][  0]LogConfig: Setting CVar [[r.HairStrands.VisibilityPPLL:0]]
[2021.05.30-12.13.55:426][  0]LogConfig: Setting CVar [[r.HairStrands.RasterizationScale:0.5]]
[2021.05.30-12.13.55:426][  0]LogConfig: Setting CVar [[r.HairStrands.VelocityRasterizationScale:1]]
[2021.05.30-12.13.55:426][  0]LogInit: Selected Device Profile: [Windows]
[2021.05.30-12.13.55:426][  0]LogInit: Applying CVar settings loaded from the selected device profile: [Windows]
[2021.05.30-12.13.55:426][  0]LogHAL: Display: Platform has ~ 16 GB [17126981632 / 17179869184 / 16], which maps to Larger [LargestMinGB=32, LargerMinGB=12, DefaultMinGB=8, SmallerMinGB=6, SmallestMinGB=0)
[2021.05.30-12.13.55:426][  0]LogInit: Going up to parent DeviceProfile []
[2021.05.30-12.13.55:426][  0]LogConfig: Applying CVar settings from Section [ViewDistanceQuality@3] File [C:/Users/johnn/OneDrive/Documents/GitHub/PlacementProject/NightmareEscape/Saved/Config/Windows/Scalability.ini]
[2021.05.30-12.13.55:426][  0]LogConfig: Setting CVar [[r.SkeletalMeshLODBias:0]]
[2021.05.30-12.13.55:426][  0]LogConfig: Setting CVar [[r.ViewDistanceScale:1.0]]
[2021.05.30-12.13.55:426][  0]LogConfig: Applying CVar settings from Section [AntiAliasingQuality@3] File [C:/Users/johnn/OneDrive/Documents/GitHub/PlacementProject/NightmareEscape/Saved/Config/Windows/Scalability.ini]
[2021.05.30-12.13.55:426][  0]LogConfig: Setting CVar [[r.PostProcessAAQuality:4]]
[2021.05.30-12.13.55:426][  0]LogConfig: Applying CVar settings from Section [ShadowQuality@3] File [C:/Users/johnn/OneDrive/Documents/GitHub/PlacementProject/NightmareEscape/Saved/Config/Windows/Scalability.ini]
[2021.05.30-12.13.55:426][  0]LogConfig: Setting CVar [[r.LightFunctionQuality:1]]
[2021.05.30-12.13.55:426][  0]LogConfig: Setting CVar [[r.ShadowQuality:5]]
[2021.05.30-12.13.55:426][  0]LogConfig: Setting CVar [[r.Shadow.CSM.MaxCascades:10]]
[2021.05.30-12.13.55:426][  0]LogConfig: Setting CVar [[r.Shadow.MaxResolution:2048]]
[2021.05.30-12.13.55:426][  0]LogConfig: Setting CVar [[r.Shadow.MaxCSMResolution:2048]]
[2021.05.30-12.13.55:426][  0]LogConfig: Setting CVar [[r.Shadow.RadiusThreshold:0.01]]
[2021.05.30-12.13.55:426][  0]LogConfig: Setting CVar [[r.Shadow.DistanceScale:1.0]]
[2021.05.30-12.13.55:426][  0]LogConfig: Setting CVar [[r.Shadow.CSM.TransitionScale:1.0]]
[2021.05.30-12.13.55:426][  0]LogConfig: Setting CVar [[r.Shadow.PreShadowResolutionFactor:1.0]]
[2021.05.30-12.13.55:426][  0]LogConfig: Setting CVar [[r.DistanceFieldShadowing:1]]
[2021.05.30-12.13.55:426][  0]LogConfig: Setting CVar [[r.DistanceFieldAO:1]]
[2021.05.30-12.13.55:427][  0]LogConfig: Setting CVar [[r.AOQuality:2]]
[2021.05.30-12.13.55:427][  0]LogConfig: Setting CVar [[r.VolumetricFog:1]]
[2021.05.30-12.13.55:427][  0]LogConfig: Setting CVar [[r.VolumetricFog.GridPixelSize:8]]
[2021.05.30-12.13.55:427][  0]LogConfig: Setting CVar [[r.VolumetricFog.GridSizeZ:128]]
[2021.05.30-12.13.55:427][  0]LogConfig: Setting CVar [[r.VolumetricFog.HistoryMissSupersampleCount:4]]
[2021.05.30-12.13.55:427][  0]LogConfig: Setting CVar [[r.LightMaxDrawDistanceScale:1]]
[2021.05.30-12.13.55:427][  0]LogConfig: Setting CVar [[r.CapsuleShadows:1]]
[2021.05.30-12.13.55:427][  0]LogConfig: Applying CVar settings from Section [PostProcessQuality@3] File [C:/Users/johnn/OneDrive/Documents/GitHub/PlacementProject/NightmareEscape/Saved/Config/Windows/Scalability.ini]
[2021.05.30-12.13.55:427][  0]LogConfig: Setting CVar [[r.MotionBlurQuality:4]]
[2021.05.30-12.13.55:427][  0]LogConfig: Setting CVar [[r.AmbientOcclusionMipLevelFactor:0.4]]
[2021.05.30-12.13.55:427][  0]LogConfig: Setting CVar [[r.AmbientOcclusionMaxQuality:100]]
[2021.05.30-12.13.55:427][  0]LogConfig: Setting CVar [[r.AmbientOcclusionLevels:-1]]
[2021.05.30-12.13.55:427][  0]LogConfig: Setting CVar [[r.AmbientOcclusionRadiusScale:1.0]]
[2021.05.30-12.13.55:427][  0]LogConfig: Setting CVar [[r.DepthOfFieldQuality:2]]
[2021.05.30-12.13.55:427][  0]LogConfig: Setting CVar [[r.RenderTargetPoolMin:400]]
[2021.05.30-12.13.55:427][  0]LogConfig: Setting CVar [[r.LensFlareQuality:2]]
[2021.05.30-12.13.55:427][  0]LogConfig: Setting CVar [[r.SceneColorFringeQuality:1]]
[2021.05.30-12.13.55:427][  0]LogConfig: Setting CVar [[r.EyeAdaptationQuality:2]]
[2021.05.30-12.13.55:427][  0]LogConfig: Setting CVar [[r.BloomQuality:5]]
[2021.05.30-12.13.55:427][  0]LogConfig: Setting CVar [[r.FastBlurThreshold:100]]
[2021.05.30-12.13.55:427][  0]LogConfig: Setting CVar [[r.Upscale.Quality:3]]
[2021.05.30-12.13.55:427][  0]LogConfig: Setting CVar [[r.Tonemapper.GrainQuantization:1]]
[2021.05.30-12.13.55:427][  0]LogConfig: Setting CVar [[r.LightShaftQuality:1]]
[2021.05.30-12.13.55:427][  0]LogConfig: Setting CVar [[r.Filter.SizeScale:1]]
[2021.05.30-12.13.55:427][  0]LogConfig: Setting CVar [[r.Tonemapper.Quality:5]]
[2021.05.30-12.13.55:427][  0]LogConfig: Setting CVar [[r.DOF.Gather.AccumulatorQuality:1        ; higher gathering accumulator quality]]
[2021.05.30-12.13.55:427][  0]LogConfig: Setting CVar [[r.DOF.Gather.PostfilterMethod:1          ; Median3x3 postfilering method]]
[2021.05.30-12.13.55:427][  0]LogConfig: Setting CVar [[r.DOF.Gather.EnableBokehSettings:0       ; no bokeh simulation when gathering]]
[2021.05.30-12.13.55:427][  0]LogConfig: Setting CVar [[r.DOF.Gather.RingCount:4                 ; medium number of samples when gathering]]
[2021.05.30-12.13.55:427][  0]LogConfig: Setting CVar [[r.DOF.Scatter.ForegroundCompositing:1    ; additive foreground scattering]]
[2021.05.30-12.13.55:427][  0]LogConfig: Setting CVar [[r.DOF.Scatter.BackgroundCompositing:2    ; additive background scattering]]
[2021.05.30-12.13.55:427][  0]LogConfig: Setting CVar [[r.DOF.Scatter.EnableBokehSettings:1      ; bokeh simulation when scattering]]
[2021.05.30-12.13.55:427][  0]LogConfig: Setting CVar [[r.DOF.Scatter.MaxSpriteRatio:0.1         ; only a maximum of 10% of scattered bokeh]]
[2021.05.30-12.13.55:427][  0]LogConfig: Setting CVar [[r.DOF.Recombine.Quality:1                ; cheap slight out of focus]]
[2021.05.30-12.13.55:427][  0]LogConfig: Setting CVar [[r.DOF.Recombine.EnableBokehSettings:0    ; no bokeh simulation on slight out of focus]]
[2021.05.30-12.13.55:427][  0]LogConfig: Setting CVar [[r.DOF.TemporalAAQuality:1                ; more stable temporal accumulation]]
[2021.05.30-12.13.55:427][  0]LogConfig: Setting CVar [[r.DOF.Kernel.MaxForegroundRadius:0.025]]
[2021.05.30-12.13.55:427][  0]LogConfig: Setting CVar [[r.DOF.Kernel.MaxBackgroundRadius:0.025]]
[2021.05.30-12.13.55:427][  0]LogConfig: Applying CVar settings from Section [TextureQuality@3] File [C:/Users/johnn/OneDrive/Documents/GitHub/PlacementProject/NightmareEscape/Saved/Config/Windows/Scalability.ini]
[2021.05.30-12.13.55:427][  0]LogConfig: Setting CVar [[r.Streaming.MipBias:0]]
[2021.05.30-12.13.55:427][  0]LogConfig: Setting CVar [[r.Streaming.AmortizeCPUToGPUCopy:0]]
[2021.05.30-12.13.55:427][  0]LogConfig: Setting CVar [[r.Streaming.MaxNumTexturesToStreamPerFrame:0]]
[2021.05.30-12.13.55:427][  0]LogConfig: Setting CVar [[r.Streaming.Boost:1]]
[2021.05.30-12.13.55:427][  0]LogConfig: Setting CVar [[r.MaxAnisotropy:8]]
[2021.05.30-12.13.55:427][  0]LogConfig: Setting CVar [[r.VT.MaxAnisotropy:8]]
[2021.05.30-12.13.55:427][  0]LogConfig: Setting CVar [[r.Streaming.LimitPoolSizeToVRAM:0]]
[2021.05.30-12.13.55:427][  0]LogConfig: Setting CVar [[r.Streaming.PoolSize:1000]]
[2021.05.30-12.13.55:427][  0]LogConfig: Setting CVar [[r.Streaming.MaxEffectiveScreenSize:0]]
[2021.05.30-12.13.55:427][  0]LogConfig: Applying CVar settings from Section [EffectsQuality@3] File [C:/Users/johnn/OneDrive/Documents/GitHub/PlacementProject/NightmareEscape/Saved/Config/Windows/Scalability.ini]
[2021.05.30-12.13.55:427][  0]LogConfig: Setting CVar [[r.TranslucencyLightingVolumeDim:64]]
[2021.05.30-12.13.55:427][  0]LogConfig: Setting CVar [[r.RefractionQuality:2]]
[2021.05.30-12.13.55:427][  0]LogConfig: Setting CVar [[r.SSR.Quality:3]]
[2021.05.30-12.13.55:427][  0]LogConfig: Setting CVar [[r.SSR.HalfResSceneColor:0]]
[2021.05.30-12.13.55:427][  0]LogConfig: Setting CVar [[r.SceneColorFormat:4]]
[2021.05.30-12.13.55:427][  0]LogConfig: Setting CVar [[r.DetailMode:2]]
[2021.05.30-12.13.55:427][  0]LogConfig: Setting CVar [[r.TranslucencyVolumeBlur:1]]
[2021.05.30-12.13.55:427][  0]LogConfig: Setting CVar [[r.MaterialQualityLevel:1 ; High quality]]
[2021.05.30-12.13.55:427][  0]LogConfig: Setting CVar [[r.SSS.Scale:1]]
[2021.05.30-12.13.55:427][  0]LogConfig: Setting CVar [[r.SSS.SampleSet:2]]
[2021.05.30-12.13.55:427][  0]LogConfig: Setting CVar [[r.SSS.Quality:1]]
[2021.05.30-12.13.55:427][  0]LogConfig: Setting CVar [[r.SSS.HalfRes:0]]
[2021.05.30-12.13.55:427][  0]LogConfig: Setting CVar [[r.SSGI.Quality:3]]
[2021.05.30-12.13.55:427][  0]LogConfig: Setting CVar [[r.EmitterSpawnRateScale:1.0]]
[2021.05.30-12.13.55:427][  0]LogConfig: Setting CVar [[r.ParticleLightQuality:2]]
[2021.05.30-12.13.55:427][  0]LogConfig: Setting CVar [[r.SkyAtmosphere.AerialPerspectiveLUT.FastApplyOnOpaque:1 ; Always have FastSkyLUT 1 in this case to avoid wrong sky]]
[2021.05.30-12.13.55:427][  0]LogConfig: Setting CVar [[r.SkyAtmosphere.AerialPerspectiveLUT.SampleCountPerSlice:1]]
[2021.05.30-12.13.55:427][  0]LogConfig: Setting CVar [[r.SkyAtmosphere.AerialPerspectiveLUT.DepthResolution:16.0]]
[2021.05.30-12.13.55:427][  0]LogConfig: Setting CVar [[r.SkyAtmosphere.FastSkyLUT:1]]
[2021.05.30-12.13.55:427][  0]LogConfig: Setting CVar [[r.SkyAtmosphere.FastSkyLUT.SampleCountMin:4.0]]
[2021.05.30-12.13.55:427][  0]LogConfig: Setting CVar [[r.SkyAtmosphere.FastSkyLUT.SampleCountMax:32.0]]
[2021.05.30-12.13.55:427][  0]LogConfig: Setting CVar [[r.SkyAtmosphere.SampleCountMin:4.0]]
[2021.05.30-12.13.55:427][  0]LogConfig: Setting CVar [[r.SkyAtmosphere.SampleCountMax:32.0]]
[2021.05.30-12.13.55:427][  0]LogConfig: Setting CVar [[r.SkyAtmosphere.TransmittanceLUT.UseSmallFormat:0]]
[2021.05.30-12.13.55:427][  0]LogConfig: Setting CVar [[r.SkyAtmosphere.TransmittanceLUT.SampleCount:10.0]]
[2021.05.30-12.13.55:427][  0]LogConfig: Setting CVar [[r.SkyAtmosphere.MultiScatteringLUT.SampleCount:15.0]]
[2021.05.30-12.13.55:427][  0]LogConfig: Applying CVar settings from Section [FoliageQuality@3] File [C:/Users/johnn/OneDrive/Documents/GitHub/PlacementProject/NightmareEscape/Saved/Config/Windows/Scalability.ini]
[2021.05.30-12.13.55:427][  0]LogConfig: Setting CVar [[foliage.DensityScale:1.0]]
[2021.05.30-12.13.55:427][  0]LogConfig: Setting CVar [[grass.DensityScale:1.0]]
[2021.05.30-12.13.55:427][  0]LogConfig: Applying CVar settings from Section [ShadingQuality@3] File [C:/Users/johnn/OneDrive/Documents/GitHub/PlacementProject/NightmareEscape/Saved/Config/Windows/Scalability.ini]
[2021.05.30-12.13.55:428][  0]LogConfig: Setting CVar [[r.HairStrands.SkyLighting.SampleCount:16]]
[2021.05.30-12.13.55:428][  0]LogConfig: Setting CVar [[r.HairStrands.SkyLighting.JitterIntegration:0]]
[2021.05.30-12.13.55:428][  0]LogConfig: Setting CVar [[r.HairStrands.SkyAO.SampleCount:16]]
[2021.05.30-12.13.55:428][  0]LogConfig: Setting CVar [[r.HairStrands.DeepShadow.SuperSampling:0]]
[2021.05.30-12.13.55:428][  0]LogConfig: Setting CVar [[r.HairStrands.VisibilityPPLL:0]]
[2021.05.30-12.13.55:428][  0]LogConfig: Setting CVar [[r.HairStrands.RasterizationScale:0.5]]
[2021.05.30-12.13.55:428][  0]LogConfig: Setting CVar [[r.HairStrands.VelocityRasterizationScale:1]]
[2021.05.30-12.13.55:428][  0]LogConfig: Applying CVar settings from Section [Startup] File [../../../Engine/Config/ConsoleVariables.ini]
[2021.05.30-12.13.55:428][  0]LogConfig: Setting CVar [[net.UseAdaptiveNetUpdateFrequency:0]]
[2021.05.30-12.13.55:428][  0]LogConfig: Setting CVar [[p.chaos.AllowCreatePhysxBodies:1]]
[2021.05.30-12.13.55:428][  0]LogConfig: Setting CVar [[fx.SkipVectorVMBackendOptimizations:1]]
[2021.05.30-12.13.55:428][  0]LogConfig: Applying CVar settings from Section [ConsoleVariables] File [C:/Users/johnn/OneDrive/Documents/GitHub/PlacementProject/NightmareEscape/Saved/Config/Windows/Engine.ini]
[2021.05.30-12.13.55:428][  0]LogInit: Computer: DESKTOP-ADOBA4O
[2021.05.30-12.13.55:428][  0]LogInit: User: johnn
[2021.05.30-12.13.55:428][  0]LogInit: CPU Page size=4096, Cores=6
[2021.05.30-12.13.55:428][  0]LogInit: High frequency timer resolution =10.000000 MHz
[2021.05.30-12.13.55:428][  0]LogMemory: Memory total: Physical=16.0GB (16GB approx)
[2021.05.30-12.13.55:428][  0]LogMemory: Platform Memory Stats for Windows
[2021.05.30-12.13.55:428][  0]LogMemory: Process Physical Memory: 116.43 MB used, 116.44 MB peak
[2021.05.30-12.13.55:428][  0]LogMemory: Process Virtual Memory: 97.17 MB used, 97.17 MB peak
[2021.05.30-12.13.55:428][  0]LogMemory: Physical Memory: 5313.45 MB used,  11020.11 MB free, 16333.56 MB total
[2021.05.30-12.13.55:428][  0]LogMemory: Virtual Memory: 5166.61 MB used,  134212560.00 MB free, 134217728.00 MB total
[2021.05.30-12.13.55:434][  0]LogWindows: WindowsPlatformFeatures enabled
[2021.05.30-12.13.55:482][  0]LogInit: Physics initialised using underlying interface: PhysX
[2021.05.30-12.13.55:483][  0]LogInit: Using OS detected language (en-GB).
[2021.05.30-12.13.55:483][  0]LogInit: Using OS detected locale (en-GB).
[2021.05.30-12.13.55:493][  0]LogTextLocalizationManager: No specific localization for 'en-GB' exists, so the 'en' localization will be used.
[2021.05.30-12.13.55:672][  0]LogInit: Setting process to per monitor DPI aware
[2021.05.30-12.13.55:705][  0]LogSlate: New Slate User Created.  User Index 0, Is Virtual User: 0
[2021.05.30-12.13.55:705][  0]LogSlate: Slate User Registered.  User Index 0, Is Virtual User: 0
[2021.05.30-12.13.55:888][  0]LogHMD: Failed to initialize OpenVR with code 110
[2021.05.30-12.13.55:888][  0]LogD3D11RHI: D3D11 min allowed feature level: 11_0
[2021.05.30-12.13.55:888][  0]LogD3D11RHI: D3D11 max allowed feature level: 11_0
[2021.05.30-12.13.55:888][  0]LogD3D11RHI: D3D11 adapters:
[2021.05.30-12.13.55:984][  0]LogD3D11RHI:    0. 'NVIDIA GeForce GTX 1660 Ti' (Feature Level 11_0)
[2021.05.30-12.13.55:984][  0]LogD3D11RHI:       5991/0/8166 MB DedicatedVideo/DedicatedSystem/SharedSystem, Outputs:2, VendorId:0x10de
[2021.05.30-12.13.55:986][  0]LogD3D11RHI:    1. 'Microsoft Basic Render Driver' (Feature Level 11_0)
[2021.05.30-12.13.55:986][  0]LogD3D11RHI:       0/0/8166 MB DedicatedVideo/DedicatedSystem/SharedSystem, Outputs:0, VendorId:0x1414
[2021.05.30-12.13.55:986][  0]LogD3D11RHI: Chosen D3D11 Adapter: 0
[2021.05.30-12.13.55:993][  0]LogD3D11RHI: Creating new Direct3DDevice
[2021.05.30-12.13.55:993][  0]LogD3D11RHI:     GPU DeviceId: 0x2182 (for the marketing name, search the web for "GPU Device Id")
[2021.05.30-12.13.55:993][  0]LogWindows: EnumDisplayDevices:
[2021.05.30-12.13.55:993][  0]LogWindows:    0. 'NVIDIA GeForce GTX 1660 Ti' (P:1 D:1)
[2021.05.30-12.13.55:994][  0]LogWindows:    1. 'NVIDIA GeForce GTX 1660 Ti' (P:0 D:1)
[2021.05.30-12.13.55:994][  0]LogWindows:    2. 'NVIDIA GeForce GTX 1660 Ti' (P:0 D:0)
[2021.05.30-12.13.55:994][  0]LogWindows:    3. 'NVIDIA GeForce GTX 1660 Ti' (P:0 D:0)
[2021.05.30-12.13.55:994][  0]LogWindows: DebugString: FoundDriverCount:4 
[2021.05.30-12.13.55:994][  0]LogD3D11RHI:     Adapter Name: NVIDIA GeForce GTX 1660 Ti
[2021.05.30-12.13.55:994][  0]LogD3D11RHI:   Driver Version: 456.71 (internal:27.21.14.5671, unified:456.71)
[2021.05.30-12.13.55:994][  0]LogD3D11RHI:      Driver Date: 9-30-2020
[2021.05.30-12.13.55:994][  0]LogRHI: Texture pool is 4193 MB (70% of 5991 MB)
[2021.05.30-12.13.56:058][  0]LogD3D11RHI: RHI has support for 64 bit atomics
[2021.05.30-12.13.56:058][  0]LogD3D11RHI: Async texture creation enabled
[2021.05.30-12.13.56:058][  0]LogD3D11RHI: Array index from any shader is supported
[2021.05.30-12.13.56:088][  0]LogD3D11RHI: GPU Timing Frequency: 1000.000000 (Debug: 2 1)
[2021.05.30-12.13.56:380][  0]LogTargetPlatformManager: Display: Loaded TargetPlatform 'AllDesktop'
[2021.05.30-12.13.56:411][  0]LogTargetPlatformManager: Display: Loaded TargetPlatform 'Android'
[2021.05.30-12.13.56:411][  0]LogTargetPlatformManager: Display: Loaded TargetPlatform 'Android_ASTC'
[2021.05.30-12.13.56:411][  0]LogTargetPlatformManager: Display: Loaded TargetPlatform 'Android_DXT'
[2021.05.30-12.13.56:411][  0]LogTargetPlatformManager: Display: Loaded TargetPlatform 'Android_ETC2'
[2021.05.30-12.13.56:411][  0]LogTargetPlatformManager: Display: Loaded TargetPlatform 'AndroidClient'
[2021.05.30-12.13.56:411][  0]LogTargetPlatformManager: Display: Loaded TargetPlatform 'Android_ASTCClient'
[2021.05.30-12.13.56:411][  0]LogTargetPlatformManager: Display: Loaded TargetPlatform 'Android_DXTClient'
[2021.05.30-12.13.56:411][  0]LogTargetPlatformManager: Display: Loaded TargetPlatform 'Android_ETC2Client'
[2021.05.30-12.13.56:411][  0]LogTargetPlatformManager: Display: Loaded TargetPlatform 'Android_Multi'
[2021.05.30-12.13.56:411][  0]LogTargetPlatformManager: Display: Loaded TargetPlatform 'Android_MultiClient'
[2021.05.30-12.13.56:439][  0]LogTargetPlatformManager: Display: Loaded TargetPlatform 'IOSClient'
[2021.05.30-12.13.56:439][  0]LogTargetPlatformManager: Display: Loaded TargetPlatform 'IOS'
[2021.05.30-12.13.56:454][  0]LogTargetPlatformManager: Display: Loaded TargetPlatform 'Linux'
[2021.05.30-12.13.56:465][  0]LogTargetPlatformManager: Display: Loaded TargetPlatform 'LinuxNoEditor'
[2021.05.30-12.13.56:476][  0]LogTargetPlatformManager: Display: Loaded TargetPlatform 'LinuxClient'
[2021.05.30-12.13.56:488][  0]LogTargetPlatformManager: Display: Loaded TargetPlatform 'LinuxServer'
[2021.05.30-12.13.56:499][  0]LogTargetPlatformManager: Display: Loaded TargetPlatform 'LinuxAArch64NoEditor'
[2021.05.30-12.13.56:510][  0]LogTargetPlatformManager: Display: Loaded TargetPlatform 'LinuxAArch64Client'
[2021.05.30-12.13.56:521][  0]LogTargetPlatformManager: Display: Loaded TargetPlatform 'LinuxAArch64Server'
[2021.05.30-12.13.56:554][  0]LogTargetPlatformManager: Display: Loaded TargetPlatform 'Lumin'
[2021.05.30-12.13.56:554][  0]LogTargetPlatformManager: Display: Loaded TargetPlatform 'LuminClient'
[2021.05.30-12.13.56:574][  0]LogTargetPlatformManager: Display: Loaded TargetPlatform 'TVOSClient'
[2021.05.30-12.13.56:574][  0]LogTargetPlatformManager: Display: Loaded TargetPlatform 'TVOS'
[2021.05.30-12.13.56:585][  0]LogTargetPlatformManager: Display: Loaded TargetPlatform 'WindowsNoEditor'
[2021.05.30-12.13.56:597][  0]LogTargetPlatformManager: Display: Loaded TargetPlatform 'Windows'
[2021.05.30-12.13.56:608][  0]LogTargetPlatformManager: Display: Loaded TargetPlatform 'WindowsClient'
[2021.05.30-12.13.56:619][  0]LogTargetPlatformManager: Display: Loaded TargetPlatform 'WindowsServer'
[2021.05.30-12.13.56:619][  0]LogTargetPlatformManager: Display: Building Assets For Windows
[2021.05.30-12.13.56:627][  0]LogAudioDebug: Display: Lib vorbis DLL was dynamically loaded.
[2021.05.30-12.13.56:694][  0]LogShaderCompilers: Guid format shader working directory is -42 characters bigger than the processId version (../../../../../../Users/johnn/OneDrive/Documents/GitHub/PlacementProject/NightmareEscape/Intermediate/Shaders/WorkingDirectory/2956/).
[2021.05.30-12.13.56:694][  0]LogShaderCompilers: Cleaned the shader compiler working directory 'C:/Users/johnn/AppData/Local/Temp/UnrealShaderWorkingDir/00C6F52C4E42F4F19D6381AE857E0F2C/'.
[2021.05.30-12.13.56:695][  0]LogXGEController: Cannot use XGE Controller as Incredibuild is not installed on this machine.
[2021.05.30-12.13.56:695][  0]LogShaderCompilers: Cannot use XGE Shader Compiler as Incredibuild is not installed on this machine.
[2021.05.30-12.13.56:695][  0]LogShaderCompilers: Display: Using Local Shader Compiler.
[2021.05.30-12.13.57:485][  0]LogDerivedDataCache: Display: Max Cache Size: 512 MB
[2021.05.30-12.13.57:541][  0]LogDerivedDataCache: Loaded boot cache 0.06s 75MB C:/Users/johnn/AppData/Local/UnrealEngine/4.25/DerivedDataCache/Boot.ddc.
[2021.05.30-12.13.57:541][  0]LogDerivedDataCache: Display: Loaded Boot cache: C:/Users/johnn/AppData/Local/UnrealEngine/4.25/DerivedDataCache/Boot.ddc
[2021.05.30-12.13.57:541][  0]LogDerivedDataCache: FDerivedDataBackendGraph:  Pak pak cache file ../../../../../../Users/johnn/OneDrive/Documents/GitHub/PlacementProject/NightmareEscape/DerivedDataCache/DDC.ddp not found, will not use a pak cache.
[2021.05.30-12.13.57:541][  0]LogDerivedDataCache: Unable to find inner node Pak for hierarchical cache Hierarchy.
[2021.05.30-12.13.57:541][  0]LogDerivedDataCache: FDerivedDataBackendGraph:  CompressedPak pak cache file ../../../../../../Users/johnn/OneDrive/Documents/GitHub/PlacementProject/NightmareEscape/DerivedDataCache/Compressed.ddp not found, will not use a pak cache.
[2021.05.30-12.13.57:541][  0]LogDerivedDataCache: Unable to find inner node CompressedPak for hierarchical cache Hierarchy.
[2021.05.30-12.13.57:553][  0]LogDerivedDataCache: Display: Pak cache opened for reading ../../../Engine/DerivedDataCache/Compressed.ddp.
[2021.05.30-12.13.57:553][  0]LogDerivedDataCache: FDerivedDataBackendGraph:  EnterprisePak pak cache file ../../../Enterprise/DerivedDataCache/Compressed.ddp not found, will not use a pak cache.
[2021.05.30-12.13.57:553][  0]LogDerivedDataCache: Unable to find inner node EnterprisePak for hierarchical cache Hierarchy.
[2021.05.30-12.13.57:554][  0]LogDerivedDataCache: Using Local data cache path C:/Users/johnn/AppData/Local/UnrealEngine/Common/DerivedDataCache: Writable
[2021.05.30-12.13.57:555][  0]LogDerivedDataCache: Shared data cache path not found in *engine.ini, will not use an Shared cache.
[2021.05.30-12.13.57:555][  0]LogDerivedDataCache: Unable to find inner node Shared for hierarchical cache Hierarchy.
[2021.05.30-12.13.57:607][  0]LogSlate: Using FreeType 2.10.0
[2021.05.30-12.13.57:608][  0]LogSlate: SlateFontServices - WITH_FREETYPE: 1, WITH_HARFBUZZ: 1
[2021.05.30-12.13.57:632][  0]LogAssetRegistry: FAssetRegistry took 0.0029 seconds to start up
[2021.05.30-12.13.57:888][  0]LogInit: Selected Device Profile: [Windows]
[2021.05.30-12.13.58:008][  0]LogMeshReduction: Using QuadricMeshReduction for automatic static mesh reduction
[2021.05.30-12.13.58:008][  0]LogMeshReduction: Using SimplygonMeshReduction for automatic skeletal mesh reduction
[2021.05.30-12.13.58:009][  0]LogMeshReduction: Using ProxyLODMeshReduction for automatic mesh merging
[2021.05.30-12.13.58:009][  0]LogMeshReduction: No distributed automatic mesh merging module available
[2021.05.30-12.13.58:009][  0]LogMeshMerging: No distributed automatic mesh merging module available
[2021.05.30-12.13.58:026][  0]LogNetVersion: NightmareEscape 1.0.0, NetCL: 13144385, EngineNetVer: 14, GameNetVer: 0 (Checksum: 3313603388)
[2021.05.30-12.13.58:471][  0]LogAISub: UAISubsystem::UAISubsystem AISubsystem (000001D129E24340), frame # 0
[2021.05.30-12.13.58:471][  0]LogAISub: UAISubsystem::UAISubsystem AIPerceptionSystem (000001D129D6CCC0), frame # 0
[2021.05.30-12.13.58:473][  0]LogAISub: UAISubsystem::UAISubsystem EnvQueryManager (000001D129DB9E00), frame # 0
[2021.05.30-12.13.58:549][  0]LogPackageLocalizationCache: Processed 19 localized package path(s) for 1 prioritized culture(s) in 0.069660 seconds
[2021.05.30-12.13.58:554][  0]LogUObjectArray: 15917 objects as part of root set at end of initial load.
[2021.05.30-12.13.58:554][  0]LogUObjectAllocator: 3965568 out of 0 bytes used by permanent object pool.
[2021.05.30-12.13.58:554][  0]LogUObjectArray: CloseDisregardForGC: 0/0 objects in disregard for GC pool
[2021.05.30-12.13.58:945][  0]LogTcpMessaging: Initializing TcpMessaging bridge
[2021.05.30-12.13.58:950][  0]LogUdpMessaging: Initializing bridge on interface 0.0.0.0:0 to multicast group 230.0.0.1:6666.
[2021.05.30-12.13.59:008][  0]LogLinker: Warning: Failed to load '/Game/FirstPersonBP/FirstPersonOverview': Can't find file.
[2021.05.30-12.13.59:008][  0]LogLinker: Warning: Failed to load '/Game/FirstPersonBP/FirstPersonOverview': Can't find file.
[2021.05.30-12.13.59:008][  0]LogUObjectGlobals: Warning: Failed to find object 'Class /Game/FirstPersonBP/FirstPersonOverview.FirstPersonOverview_C'
[2021.05.30-12.13.59:047][  0]SourceControl: Source control is disabled
[2021.05.30-12.13.59:047][  0]SourceControl: Source control is disabled
[2021.05.30-12.13.59:051][  0]SourceControl: Source control is disabled
[2021.05.30-12.13.59:054][  0]SourceControl: Source control is disabled
[2021.05.30-12.13.59:061][  0]SourceControl: Source control is disabled
[2021.05.30-12.13.59:355][  0]LogAndroidPermission: UAndroidPermissionCallbackProxy::GetInstance
[2021.05.30-12.13.59:378][  0]LogAudioCaptureCore: Display: No Audio Capture implementations found. Audio input will be silent.
[2021.05.30-12.13.59:378][  0]LogAudioCaptureCore: Display: No Audio Capture implementations found. Audio input will be silent.
[2021.05.30-12.13.59:439][  0]LogOcInput: OculusInput pre-init called
[2021.05.30-12.13.59:452][  0]LogWindows: Failed to load 'OVRPlugin.dll' (GetLastError=126)
[2021.05.30-12.13.59:452][  0]LogWindows: File 'OVRPlugin.dll' does not exist
[2021.05.30-12.13.59:523][  0]LogEngine: Initializing Engine...
[2021.05.30-12.13.59:524][  0]LogHMD: Failed to initialize OpenVR with code 110
[2021.05.30-12.13.59:525][  0]LogMagicLeap: Warning: VR disabled because ZI is not enabled.  To enable, in the editor, Edit -> Project Settings -> Plugins -> Magic Leap Plugin -> Enable Zero Iteration
[2021.05.30-12.13.59:525][  0]LogStats: UGameplayTagsManager::InitializeManager -  0.000 s
[2021.05.30-12.13.59:642][  0]LogInit: Initializing FReadOnlyCVARCache
[2021.05.30-12.13.59:654][  0]LogAIModule: Creating AISystem for world Untitled
[2021.05.30-12.13.59:655][  0]LogAISub: UAISubsystem::UAISubsystem EnvQueryManager (000001D12CAB4600), frame # 0
[2021.05.30-12.13.59:655][  0]LogAISub: UAISubsystem::UAISubsystem AIPerceptionSystem (000001D12CAA6480), frame # 0
[2021.05.30-12.13.59:661][  0]LogAudioMixer: Display: Audio Mixer Platform Settings:
[2021.05.30-12.13.59:661][  0]LogAudioMixer: Display: 	Sample Rate:						  48000
[2021.05.30-12.13.59:661][  0]LogAudioMixer: Display: 	Callback Buffer Frame Size Requested: 1024
[2021.05.30-12.13.59:661][  0]LogAudioMixer: Display: 	Callback Buffer Frame Size To Use:	  1024
[2021.05.30-12.13.59:661][  0]LogAudioMixer: Display: 	Number of buffers to queue:			  2
[2021.05.30-12.13.59:661][  0]LogAudioMixer: Display: 	Max Channels (voices):				  32
[2021.05.30-12.13.59:661][  0]LogAudioMixer: Display: 	Number of Async Source Workers:		  0
[2021.05.30-12.13.59:661][  0]LogAudio: Display: AudioDevice MaxSources: 32
[2021.05.30-12.13.59:662][  0]LogAudio: Display: Using built-in audio occlusion.
[2021.05.30-12.13.59:662][  0]LogAudioMixer: Display: Initializing audio mixer.
[2021.05.30-12.13.59:675][  0]LogAudioMixer: Display: 0: FrontLeft
[2021.05.30-12.13.59:675][  0]LogAudioMixer: Display: 1: FrontRight
[2021.05.30-12.13.59:675][  0]LogAudioMixer: Display: 2: FrontCenter
[2021.05.30-12.13.59:675][  0]LogAudioMixer: Display: 3: LowFrequency
[2021.05.30-12.13.59:675][  0]LogAudioMixer: Display: 4: BackLeft
[2021.05.30-12.13.59:675][  0]LogAudioMixer: Display: 5: BackRight
[2021.05.30-12.13.59:675][  0]LogAudioMixer: Display: 6: SideLeft
[2021.05.30-12.13.59:675][  0]LogAudioMixer: Display: 7: SideRight
[2021.05.30-12.13.59:730][  0]LogAudioMixer: Display: Using Audio Device Speakers (7.1 Surround Sound)
[2021.05.30-12.13.59:733][  0]LogAudioMixer: Display: Initializing Sound Submixes...
[2021.05.30-12.13.59:736][  0]LogAudioMixer: Display: Creating Master Submix 'MasterSubmixDefault'
[2021.05.30-12.13.59:736][  0]LogAudioMixer: Display: Creating Master Submix 'MasterReverbSubmixDefault'
[2021.05.30-12.13.59:737][  0]LogAudioMixer: Display: Creating Master Submix 'MasterEQSubmixDefault'
[2021.05.30-12.13.59:738][  0]LogInit: FAudioDevice initialized.
[2021.05.30-12.13.59:738][  0]LogNetVersion: Set ProjectVersion to 1.0.0.0. Version Checksum will be recalculated on next use.
[2021.05.30-12.13.59:882][  0]LogDerivedDataCache: Saved boot cache 0.14s 75MB C:/Users/johnn/AppData/Local/UnrealEngine/4.25/DerivedDataCache/Boot.ddc.
[2021.05.30-12.13.59:883][  0]LogInit: Texture streaming: Enabled
[2021.05.30-12.13.59:903][  0]LogEngineSessionManager: EngineSessionManager initialized
[2021.05.30-12.13.59:903][  0]LogEditorSessionSummary: Verbose: Initializing EditorSessionSummaryWriter for editor session tracking
[2021.05.30-12.13.59:907][  0]LogEditorSessionSummary: EditorSessionSummaryWriter initialized
[2021.05.30-12.14.00:002][  0]LogInit: Transaction tracking system initialized
[2021.05.30-12.14.00:027][  0]BlueprintLog: New page: Editor Load
[2021.05.30-12.14.00:107][  0]LocalizationService: Localization service is disabled
[2021.05.30-12.14.00:302][  0]LogCook: Display: Max memory allowance for cook 16384mb min free memory 0mb
[2021.05.30-12.14.00:302][  0]LogCook: Display: Mobile HDR setting 1
[2021.05.30-12.14.00:407][  0]LogFileCache: Scanning file cache for directory 'C:/Users/johnn/OneDrive/Documents/GitHub/PlacementProject/NightmareEscape/Content/' took 0.01s
[2021.05.30-12.14.00:663][  0]SourceControl: Source control is disabled
[2021.05.30-12.14.00:663][  0]LogUnrealEdMisc: Loading editor; pre map load, took 7.452
[2021.05.30-12.14.00:663][  0]Cmd: MAP LOAD FILE="../../../../../../Users/johnn/OneDrive/Documents/GitHub/PlacementProject/NightmareEscape/Content/ThirdPersonBP/Maps/ThirdPersonExampleMap.umap" TEMPLATE=0 SHOWPROGRESS=1 FEATURELEVEL=3
[2021.05.30-12.14.00:664][  0]LightingResults: New page: Lighting Build
[2021.05.30-12.14.00:665][  0]LogWorld: UWorld::CleanupWorld for Untitled, bSessionEnded=true, bCleanupResources=true
[2021.05.30-12.14.00:665][  0]LogSlate: InvalidateAllWidgets triggered.  All widgets were invalidated
[2021.05.30-12.14.00:665][  0]MapCheck: New page: Map Check
[2021.05.30-12.14.00:665][  0]LightingResults: New page: Lighting Build
[2021.05.30-12.14.00:676][  0]LogAISub: UAISubsystem::~UAISubsystem EnvQueryManager (000001D12CAB4600), frame # 0
[2021.05.30-12.14.00:676][  0]LogAISub: UAISubsystem::~UAISubsystem AIPerceptionSystem (000001D12CAA6480), frame # 0
[2021.05.30-12.14.00:677][  0]LogUObjectHash: Compacting FUObjectHashTables data took   0.72ms
[2021.05.30-12.14.01:127][  0]LogAIModule: Creating AISystem for world ThirdPersonExampleMap
[2021.05.30-12.14.01:128][  0]LogAISub: UAISubsystem::UAISubsystem EnvQueryManager (000001D11C193E00), frame # 0
[2021.05.30-12.14.01:128][  0]LogAISub: UAISubsystem::UAISubsystem AIPerceptionSystem (000001D139052340), frame # 0
[2021.05.30-12.14.01:152][  0]LogEditorServer: Finished looking for orphan Actors (0.000 secs)
[2021.05.30-12.14.01:168][  0]LogUObjectHash: Compacting FUObjectHashTables data took   0.86ms
[2021.05.30-12.14.01:168][  0]Cmd: MAP CHECKDEP NOCLEARLOG
[2021.05.30-12.14.01:168][  0]MapCheck: Map check complete: 0 Error(s), 0 Warning(s), took 0.273ms to complete.
[2021.05.30-12.14.01:168][  0]LogFileHelpers: Loading map 'ThirdPersonExampleMap' took 0.505
[2021.05.30-12.14.01:172][  0]LogUnrealEdMisc: Total Editor Startup Time, took 7.960
[2021.05.30-12.14.01:344][  0]LogSlate: Updating window title bar state: overlay mode, drag disabled, window buttons hidden, title bar hidden
[2021.05.30-12.14.01:352][  0]LogSlate: Updating window title bar state: overlay mode, drag disabled, window buttons hidden, title bar hidden
[2021.05.30-12.14.01:360][  0]LogSlate: Updating window title bar state: overlay mode, drag disabled, window buttons hidden, title bar hidden
[2021.05.30-12.14.01:367][  0]LogSlate: Updating window title bar state: overlay mode, drag disabled, window buttons hidden, title bar hidden
[2021.05.30-12.14.01:386][  0]LogCollectionManager: Loaded 0 collections in 0.003044 seconds
[2021.05.30-12.14.01:429][  0]LogFileCache: Scanning file cache for directory 'C:/Users/johnn/OneDrive/Documents/GitHub/PlacementProject/NightmareEscape/Saved/Collections/' took 0.00s
[2021.05.30-12.14.01:429][  0]LogFileCache: Scanning file cache for directory 'C:/Users/johnn/OneDrive/Documents/GitHub/PlacementProject/NightmareEscape/Content/Developers/johnn/Collections/' took 0.00s
[2021.05.30-12.14.01:429][  0]LogFileCache: Scanning file cache for directory 'C:/Users/johnn/OneDrive/Documents/GitHub/PlacementProject/NightmareEscape/Content/Collections/' took 0.00s
[2021.05.30-12.14.01:429][  0]LogContentBrowser: Native class hierarchy populated in 0.0113 seconds. Added 3427 classes and 821 folders.
[2021.05.30-12.14.01:439][  0]LogContentBrowser: Native class hierarchy updated for 'WidgetCarousel' in 0.0003 seconds. Added 0 classes and 0 folders.
[2021.05.30-12.14.01:632][  0]LogContentBrowser: Native class hierarchy updated for 'AddContentDialog' in 0.0003 seconds. Added 0 classes and 0 folders.
[2021.05.30-12.14.01:639][  0]LogContentBrowser: Native class hierarchy updated for 'SceneOutliner' in 0.0003 seconds. Added 2 classes and 0 folders.
[2021.05.30-12.14.01:886][  0]LogContentBrowser: Native class hierarchy updated for 'HierarchicalLODOutliner' in 0.0004 seconds. Added 0 classes and 0 folders.
[2021.05.30-12.14.01:886][  0]LogLoad: (Engine Initialization) Total time: 8.67 seconds
[2021.05.30-12.14.01:886][  0]LogLoad: (Engine Initialization) Total Blueprint compile time: 0.00 seconds
[2021.05.30-12.14.02:116][  0]LogAssetRegistry: Asset discovery search completed in 4.4848 seconds
[2021.05.30-12.14.02:120][  0]LogCollectionManager: Fixed up redirectors for 0 collections in 0.000002 seconds (updated 0 objects)
[2021.05.30-12.14.02:122][  0]LogContentStreaming: Texture pool size now 1000 MB
[2021.05.30-12.14.02:133][  0]LogSlate: Took 0.003800 seconds to synchronously load lazily loaded font '../../../Engine/Content/Slate/Fonts/Roboto-Regular.ttf' (155K)
[2021.05.30-12.14.02:138][  0]LogSlate: Took 0.002853 seconds to synchronously load lazily loaded font '../../../Engine/Content/Slate/Fonts/Roboto-Bold.ttf' (160K)
[2021.05.30-12.14.02:152][  0]LogSlate: Took 0.008912 seconds to synchronously load lazily loaded font '../../../Engine/Content/Editor/Slate/Fonts/FontAwesome.ttf' (139K)
[2021.05.30-12.14.02:251][  0]LogRenderer: Reallocating scene render targets to support 820x344 Format 10 NumSamples 1 (Frame:1).
[2021.05.30-12.14.02:251][  0]LogSlate: Took 0.001803 seconds to synchronously load lazily loaded font '../../../Engine/Content/Slate/Fonts/Roboto-Light.ttf' (167K)
[2021.05.30-12.17.34:298][805]LogRenderer: Reallocating scene render targets to support 1236x548 Format 10 NumSamples 1 (Frame:23770).
[2021.05.30-12.18.30:555][289]LogTemp: Repeating last play command: Selected Viewport
[2021.05.30-12.18.30:581][289]LogPlayLevel: PlayLevel: No blueprints needed recompiling
[2021.05.30-12.18.30:591][289]PIE: New page: PIE session: ThirdPersonExampleMap (30 May 2021, 14:18:30)
[2021.05.30-12.18.30:593][289]LogOnline: OSS: Creating online subsystem instance for: NULL
[2021.05.30-12.18.30:595][289]LogOnline: OSS: TryLoadSubsystemAndSetDefault: Loaded subsystem for module [NULL]
[2021.05.30-12.18.30:595][289]LogPlayLevel: Creating play world package: /Game/ThirdPersonBP/Maps/UEDPIE_0_ThirdPersonExampleMap
[2021.05.30-12.18.30:615][289]LogPlayLevel: PIE: StaticDuplicateObject took: (0.021074s)
[2021.05.30-12.18.30:617][289]LogAIModule: Creating AISystem for world ThirdPersonExampleMap
[2021.05.30-12.18.30:617][289]LogAISub: UAISubsystem::UAISubsystem EnvQueryManager (000001D14BBDFE00), frame # 30289
[2021.05.30-12.18.30:617][289]LogAISub: UAISubsystem::UAISubsystem AIPerceptionSystem (000001D16CB81440), frame # 30289
[2021.05.30-12.18.30:617][289]LogPlayLevel: PIE: World Init took: (0.001623s)
[2021.05.30-12.18.30:617][289]LogPlayLevel: PIE: Created PIE world by copying editor world from /Game/ThirdPersonBP/Maps/ThirdPersonExampleMap.ThirdPersonExampleMap to /Game/ThirdPersonBP/Maps/UEDPIE_0_ThirdPersonExampleMap.ThirdPersonExampleMap (0.022883s)
[2021.05.30-12.18.30:632][289]LogUObjectHash: Compacting FUObjectHashTables data took   0.91ms
[2021.05.30-12.18.30:634][289]LogAudioMixer: Display: Audio Mixer Platform Settings:
[2021.05.30-12.18.30:634][289]LogAudioMixer: Display: 	Sample Rate:						  48000
[2021.05.30-12.18.30:634][289]LogAudioMixer: Display: 	Callback Buffer Frame Size Requested: 1024
[2021.05.30-12.18.30:634][289]LogAudioMixer: Display: 	Callback Buffer Frame Size To Use:	  1024
[2021.05.30-12.18.30:634][289]LogAudioMixer: Display: 	Number of buffers to queue:			  2
[2021.05.30-12.18.30:634][289]LogAudioMixer: Display: 	Max Channels (voices):				  32
[2021.05.30-12.18.30:634][289]LogAudioMixer: Display: 	Number of Async Source Workers:		  0
[2021.05.30-12.18.30:634][289]LogAudio: Display: AudioDevice MaxSources: 32
[2021.05.30-12.18.30:635][289]LogAudio: Display: Using built-in audio occlusion.
[2021.05.30-12.18.30:635][289]LogAudioMixer: Display: Initializing audio mixer.
[2021.05.30-12.18.30:639][289]LogAudioMixer: Display: 0: FrontLeft
[2021.05.30-12.18.30:639][289]LogAudioMixer: Display: 1: FrontRight
[2021.05.30-12.18.30:639][289]LogAudioMixer: Display: 2: FrontCenter
[2021.05.30-12.18.30:639][289]LogAudioMixer: Display: 3: LowFrequency
[2021.05.30-12.18.30:639][289]LogAudioMixer: Display: 4: BackLeft
[2021.05.30-12.18.30:639][289]LogAudioMixer: Display: 5: BackRight
[2021.05.30-12.18.30:639][289]LogAudioMixer: Display: 6: SideLeft
[2021.05.30-12.18.30:639][289]LogAudioMixer: Display: 7: SideRight
[2021.05.30-12.18.30:665][289]LogAudioMixer: Display: Using Audio Device Speakers (7.1 Surround Sound)
[2021.05.30-12.18.30:665][289]LogAudioMixer: Display: Initializing Sound Submixes...
[2021.05.30-12.18.30:665][289]LogAudioMixer: Display: Creating Master Submix 'MasterSubmixDefault'
[2021.05.30-12.18.30:665][289]LogAudioMixer: Display: Creating Master Submix 'MasterReverbSubmixDefault'
[2021.05.30-12.18.30:666][289]LogAudioMixer: Display: Creating Master Submix 'MasterEQSubmixDefault'
[2021.05.30-12.18.30:677][289]LogInit: FAudioDevice initialized.
[2021.05.30-12.18.30:688][289]LogLoad: Game class is 'ThirdPersonGameMode_C'
[2021.05.30-12.18.30:694][289]LogWorld: Bringing World /Game/ThirdPersonBP/Maps/UEDPIE_0_ThirdPersonExampleMap.ThirdPersonExampleMap up for play (max tick rate 0) at 2021.05.30-13.18.30
[2021.05.30-12.18.30:697][289]LogWorld: Bringing up level for play took: 0.005622
[2021.05.30-12.18.30:697][289]LogOnline: OSS: Creating online subsystem instance for: :Context_1
[2021.05.30-12.18.30:705][289]LogContentBrowser: Native class hierarchy updated for 'MovieSceneCapture' in 0.0004 seconds. Added 20 classes and 0 folders.
[2021.05.30-12.18.30:708][289]PIE: Server logged in
[2021.05.30-12.18.30:710][289]PIE: Play in editor total start time 0.131 seconds.
[2021.05.30-12.19.20:598][ 97]LogNet: Browse: /Game/ThirdPersonBP/Maps/ThirdPersonExampleMap
[2021.05.30-12.19.20:599][ 97]LogLoad: LoadMap: /Game/ThirdPersonBP/Maps/ThirdPersonExampleMap
[2021.05.30-12.19.20:599][ 97]LogWorld: BeginTearingDown for /Game/ThirdPersonBP/Maps/UEDPIE_0_ThirdPersonExampleMap
[2021.05.30-12.19.20:601][ 97]LogWorld: UWorld::CleanupWorld for ThirdPersonExampleMap, bSessionEnded=true, bCleanupResources=true
[2021.05.30-12.19.20:601][ 97]LogSlate: InvalidateAllWidgets triggered.  All widgets were invalidated
[2021.05.30-12.19.20:644][ 97]LogAISub: UAISubsystem::~UAISubsystem AIPerceptionSystem (000001D16CB81440), frame # 36097
[2021.05.30-12.19.20:644][ 97]LogAISub: UAISubsystem::~UAISubsystem EnvQueryManager (000001D14BBDFE00), frame # 36097
[2021.05.30-12.19.20:645][ 97]LogUObjectHash: Compacting FUObjectHashTables data took   0.82ms
[2021.05.30-12.19.20:648][ 97]LogPlayLevel: Creating play world package: /Game/ThirdPersonBP/Maps/UEDPIE_0_ThirdPersonExampleMap
[2021.05.30-12.19.20:661][ 97]LogPlayLevel: PIE: StaticDuplicateObject took: (0.012849s)
[2021.05.30-12.19.20:662][ 97]LogAIModule: Creating AISystem for world ThirdPersonExampleMap
[2021.05.30-12.19.20:662][ 97]LogAISub: UAISubsystem::UAISubsystem EnvQueryManager (000001D14BBDCC00), frame # 36097
[2021.05.30-12.19.20:662][ 97]LogAISub: UAISubsystem::UAISubsystem AIPerceptionSystem (000001D14C688180), frame # 36097
[2021.05.30-12.19.20:662][ 97]LogPlayLevel: PIE: World Init took: (0.001552s)
[2021.05.30-12.19.20:662][ 97]LogPlayLevel: PIE: Created PIE world by copying editor world from /Game/ThirdPersonBP/Maps/ThirdPersonExampleMap.ThirdPersonExampleMap to /Game/ThirdPersonBP/Maps/UEDPIE_0_ThirdPersonExampleMap.ThirdPersonExampleMap (0.014603s)
[2021.05.30-12.19.20:662][ 97]LogLoad: Game class is 'ThirdPersonGameMode_C'
[2021.05.30-12.19.20:677][ 97]LogWorld: Bringing World /Game/ThirdPersonBP/Maps/UEDPIE_0_ThirdPersonExampleMap.ThirdPersonExampleMap up for play (max tick rate 0) at 2021.05.30-13.19.20
[2021.05.30-12.19.20:678][ 97]LogWorld: Bringing up level for play took: 0.014868
[2021.05.30-12.19.20:679][ 97]LogLoad: Took 0.080250 seconds to LoadMap(/Game/ThirdPersonBP/Maps/UEDPIE_0_ThirdPersonExampleMap)
[2021.05.30-12.19.32:254][450]LogSlate: Updating window title bar state: overlay mode, drag disabled, window buttons hidden, title bar hidden
[2021.05.30-12.19.32:254][450]LogWorld: BeginTearingDown for /Game/ThirdPersonBP/Maps/UEDPIE_0_ThirdPersonExampleMap
[2021.05.30-12.19.32:254][450]LogWorld: UWorld::CleanupWorld for ThirdPersonExampleMap, bSessionEnded=true, bCleanupResources=true
[2021.05.30-12.19.32:255][450]LogSlate: InvalidateAllWidgets triggered.  All widgets were invalidated
[2021.05.30-12.19.32:264][450]LogPlayLevel: Display: Shutting down PIE online subsystems
[2021.05.30-12.19.32:265][450]LogSlate: InvalidateAllWidgets triggered.  All widgets were invalidated
[2021.05.30-12.19.32:292][450]LogSlate: Updating window title bar state: overlay mode, drag disabled, window buttons hidden, title bar hidden
[2021.05.30-12.19.32:293][450]LogAISub: UAISubsystem::~UAISubsystem AIPerceptionSystem (000001D14C688180), frame # 37450
[2021.05.30-12.19.32:293][450]LogAISub: UAISubsystem::~UAISubsystem EnvQueryManager (000001D14BBDCC00), frame # 37450
[2021.05.30-12.19.32:294][450]LogUObjectHash: Compacting FUObjectHashTables data took   0.65ms
[2021.05.30-12.19.32:329][451]LogPlayLevel: Display: Destroying online subsystem :Context_1
[2021.05.30-12.19.42:278][550]LogSlate: Took 0.000224 seconds to synchronously load lazily loaded font '../../../Engine/Content/Slate/Fonts/Roboto-Light.ttf' (167K)
[2021.05.30-12.19.42:294][550]LogAssetEditorSubsystem: Opening Asset editor for Blueprint /Game/ThirdPersonBP/Blueprints/AI.AI
[2021.05.30-12.19.42:608][550]LogContentBrowser: Native class hierarchy updated for 'BlueprintGraph' in 0.0006 seconds. Added 125 classes and 0 folders.
[2021.05.30-12.19.43:674][550]LogSlate: Took 0.000271 seconds to synchronously load lazily loaded font '../../../Engine/Content/Slate/Fonts/Roboto-BoldCondensed.ttf' (158K)
[2021.05.30-12.19.43:863][551]LogSlate: Took 0.001555 seconds to synchronously load lazily loaded font '../../../Engine/Content/Slate/Fonts/Roboto-Italic.ttf' (157K)
[2021.05.30-12.20.46:996][808]BlueprintLog: New page: Compile AI
[2021.05.30-12.20.47:062][808]LogUObjectHash: Compacting FUObjectHashTables data took   2.81ms
[2021.05.30-12.20.47:226][808]LogSlate: Took 0.007837 seconds to synchronously load lazily loaded font '../../../Engine/Content/Slate/Fonts/DroidSansMono.ttf' (77K)
[2021.05.30-12.20.48:318][869]LogSavePackage: Moving '../../../../../../Users/johnn/OneDrive/Documents/GitHub/PlacementProject/NightmareEscape/Saved/AI6A52245C450DBA5D484A578B5145690F.tmp' to '../../../../../../Users/johnn/OneDrive/Documents/GitHub/PlacementProject/NightmareEscape/Content/ThirdPersonBP/Blueprints/AI.uasset'
[2021.05.30-12.20.48:338][869]AssetCheck: New page: Asset Save: AI
[2021.05.30-12.20.48:338][869]LogContentValidation: Display: Validating Blueprint /Game/ThirdPersonBP/Blueprints/AI.AI
[2021.05.30-12.20.54:560][416]LogTemp: Repeating last play command: Selected Viewport
[2021.05.30-12.20.54:581][416]LogPlayLevel: PlayLevel: No blueprints needed recompiling
[2021.05.30-12.20.54:581][416]PIE: New page: PIE session: ThirdPersonExampleMap (30 May 2021, 14:20:54)
[2021.05.30-12.20.54:581][416]LogPlayLevel: Creating play world package: /Game/ThirdPersonBP/Maps/UEDPIE_0_ThirdPersonExampleMap
[2021.05.30-12.20.54:595][416]LogPlayLevel: PIE: StaticDuplicateObject took: (0.014100s)
[2021.05.30-12.20.54:597][416]LogAIModule: Creating AISystem for world ThirdPersonExampleMap
[2021.05.30-12.20.54:597][416]LogAISub: UAISubsystem::UAISubsystem EnvQueryManager (000001D193BCA400), frame # 43416
[2021.05.30-12.20.54:597][416]LogAISub: UAISubsystem::UAISubsystem AIPerceptionSystem (000001D18F81E840), frame # 43416
[2021.05.30-12.20.54:597][416]LogPlayLevel: PIE: World Init took: (0.001705s)
[2021.05.30-12.20.54:597][416]LogPlayLevel: PIE: Created PIE world by copying editor world from /Game/ThirdPersonBP/Maps/ThirdPersonExampleMap.ThirdPersonExampleMap to /Game/ThirdPersonBP/Maps/UEDPIE_0_ThirdPersonExampleMap.ThirdPersonExampleMap (0.015971s)
[2021.05.30-12.20.54:621][416]LogUObjectHash: Compacting FUObjectHashTables data took   2.39ms
[2021.05.30-12.20.54:623][416]LogAudioMixer: Display: Audio Mixer Platform Settings:
[2021.05.30-12.20.54:623][416]LogAudioMixer: Display: 	Sample Rate:						  48000
[2021.05.30-12.20.54:623][416]LogAudioMixer: Display: 	Callback Buffer Frame Size Requested: 1024
[2021.05.30-12.20.54:623][416]LogAudioMixer: Display: 	Callback Buffer Frame Size To Use:	  1024
[2021.05.30-12.20.54:623][416]LogAudioMixer: Display: 	Number of buffers to queue:			  2
[2021.05.30-12.20.54:623][416]LogAudioMixer: Display: 	Max Channels (voices):				  32
[2021.05.30-12.20.54:623][416]LogAudioMixer: Display: 	Number of Async Source Workers:		  0
[2021.05.30-12.20.54:623][416]LogAudio: Display: AudioDevice MaxSources: 32
[2021.05.30-12.20.54:623][416]LogAudio: Display: Using built-in audio occlusion.
[2021.05.30-12.20.54:623][416]LogAudioMixer: Display: Initializing audio mixer.
[2021.05.30-12.20.54:627][416]LogAudioMixer: Display: 0: FrontLeft
[2021.05.30-12.20.54:627][416]LogAudioMixer: Display: 1: FrontRight
[2021.05.30-12.20.54:627][416]LogAudioMixer: Display: 2: FrontCenter
[2021.05.30-12.20.54:627][416]LogAudioMixer: Display: 3: LowFrequency
[2021.05.30-12.20.54:627][416]LogAudioMixer: Display: 4: BackLeft
[2021.05.30-12.20.54:627][416]LogAudioMixer: Display: 5: BackRight
[2021.05.30-12.20.54:627][416]LogAudioMixer: Display: 6: SideLeft
[2021.05.30-12.20.54:627][416]LogAudioMixer: Display: 7: SideRight
[2021.05.30-12.20.54:653][416]LogAudioMixer: Display: Using Audio Device Speakers (7.1 Surround Sound)
[2021.05.30-12.20.54:654][416]LogAudioMixer: Display: Initializing Sound Submixes...
[2021.05.30-12.20.54:654][416]LogAudioMixer: Display: Creating Master Submix 'MasterSubmixDefault'
[2021.05.30-12.20.54:654][416]LogAudioMixer: Display: Creating Master Submix 'MasterReverbSubmixDefault'
[2021.05.30-12.20.54:654][416]LogAudioMixer: Display: Creating Master Submix 'MasterEQSubmixDefault'
[2021.05.30-12.20.54:665][416]LogInit: FAudioDevice initialized.
[2021.05.30-12.20.54:674][416]LogLoad: Game class is 'ThirdPersonGameMode_C'
[2021.05.30-12.20.54:677][416]LogWorld: Bringing World /Game/ThirdPersonBP/Maps/UEDPIE_0_ThirdPersonExampleMap.ThirdPersonExampleMap up for play (max tick rate 0) at 2021.05.30-13.20.54
[2021.05.30-12.20.54:677][416]LogWorld: Bringing up level for play took: 0.002561
[2021.05.30-12.20.54:677][416]LogOnline: OSS: Creating online subsystem instance for: :Context_5
[2021.05.30-12.20.54:680][416]PIE: Server logged in
[2021.05.30-12.20.54:681][416]PIE: Play in editor total start time 0.102 seconds.
[2021.05.30-12.21.21:414][577]LogSlate: Updating window title bar state: overlay mode, drag disabled, window buttons hidden, title bar hidden
[2021.05.30-12.21.21:414][577]LogWorld: BeginTearingDown for /Game/ThirdPersonBP/Maps/UEDPIE_0_ThirdPersonExampleMap
[2021.05.30-12.21.21:414][577]LogWorld: UWorld::CleanupWorld for ThirdPersonExampleMap, bSessionEnded=true, bCleanupResources=true
[2021.05.30-12.21.21:415][577]LogSlate: InvalidateAllWidgets triggered.  All widgets were invalidated
[2021.05.30-12.21.21:419][577]LogPlayLevel: Display: Shutting down PIE online subsystems
[2021.05.30-12.21.21:422][577]LogSlate: InvalidateAllWidgets triggered.  All widgets were invalidated
[2021.05.30-12.21.21:456][577]LogSlate: Updating window title bar state: overlay mode, drag disabled, window buttons hidden, title bar hidden
[2021.05.30-12.21.21:456][577]LogAISub: UAISubsystem::~UAISubsystem AIPerceptionSystem (000001D18F81E840), frame # 46577
[2021.05.30-12.21.21:456][577]LogAISub: UAISubsystem::~UAISubsystem EnvQueryManager (000001D193BCA400), frame # 46577
[2021.05.30-12.21.21:459][577]LogUObjectHash: Compacting FUObjectHashTables data took   1.89ms
[2021.05.30-12.21.21:497][578]LogPlayLevel: Display: Destroying online subsystem :Context_5
[2021.05.30-12.21.41:813][981]LogEditorViewport: Clicking on Actor (LMB): AI_C (AI)
[2021.05.30-12.21.57:350][483]LogSlate: Window 'AI' being destroyed
[2021.05.30-12.25.30:356][557]LogUObjectHash: Compacting FUObjectHashTables data took   1.78ms
[2021.05.30-12.25.30:413][557]LogSavePackage: Moving '../../../../../../Users/johnn/OneDrive/Documents/GitHub/PlacementProject/NightmareEscape/Saved/ThirdPersonExampleMap_Auto1FD9503E74E1AE090CFD7BD92B015DD47.tmp' to '../../../../../../Users/johnn/OneDrive/Documents/GitHub/PlacementProject/NightmareEscape/Saved/Autosaves/Game/ThirdPersonBP/Maps/ThirdPersonExampleMap_Auto1.umap'
[2021.05.30-12.25.30:417][557]LogFileHelpers: Editor autosave (incl. sublevels) for '/Game/ThirdPersonBP/Maps/ThirdPersonExampleMap' took 0.081
[2021.05.30-12.25.30:417][557]LogFileHelpers: Editor autosave (incl. sublevels) for all levels took 0.081
[2021.05.30-12.35.32:134][832]LogUObjectHash: Compacting FUObjectHashTables data took   0.58ms
[2021.05.30-12.35.32:135][832]LogFileHelpers: Editor autosave (incl. sublevels) for '/Game/ThirdPersonBP/Maps/ThirdPersonExampleMap' took 0.022
[2021.05.30-12.35.32:136][832]OBJ SavePackage: Generating thumbnails for [0] asset(s) in package [/Game/ThirdPersonBP/Blueprints/AI] ([1] browsable assets)...
[2021.05.30-12.35.32:136][832]OBJ SavePackage: Finished generating thumbnails for package [/Game/ThirdPersonBP/Blueprints/AI]
[2021.05.30-12.35.32:210][832]LogSavePackage: Moving '../../../../../../Users/johnn/OneDrive/Documents/GitHub/PlacementProject/NightmareEscape/Saved/AI_Auto25AD112CF444059E817E41084A70D38BB.tmp' to '../../../../../../Users/johnn/OneDrive/Documents/GitHub/PlacementProject/NightmareEscape/Saved/Autosaves/Game/ThirdPersonBP/Blueprints/AI_Auto2.uasset'
[2021.05.30-12.35.32:212][832]LogFileHelpers: Auto-saving content packages took 0.076
[2021.05.30-12.41.45:142][939]LogAudioMixer: Warning: Changing default audio render device to new device: {0.0.0.00000000}.{93bc85c6-cd27-436f-ba4b-bd750a40156f}.
[2021.05.30-12.41.45:142][939]LogTemp: Resetting audio stream to device id 
[2021.05.30-12.41.45:163][939]LogAudioMixer: Display: 0: FrontLeft
[2021.05.30-12.41.45:163][939]LogAudioMixer: Display: 1: FrontRight
[2021.05.30-12.41.45:163][939]LogAudioMixer: Display: 2: FrontCenter
[2021.05.30-12.41.45:163][939]LogAudioMixer: Display: 3: LowFrequency
[2021.05.30-12.41.45:163][939]LogAudioMixer: Display: 4: BackLeft
[2021.05.30-12.41.45:163][939]LogAudioMixer: Display: 5: BackRight
[2021.05.30-12.41.45:163][939]LogAudioMixer: Display: 6: SideLeft
[2021.05.30-12.41.45:163][939]LogAudioMixer: Display: 7: SideRight
[2021.05.30-12.48.16:342][ 93]LogAudioMixer: Warning: Changing default audio render device to new device: {0.0.0.00000000}.{c54371df-2c3f-460c-9b70-9de6b4d31772}.
[2021.05.30-12.48.16:342][ 93]LogTemp: Resetting audio stream to device id 
[2021.05.30-12.48.16:371][ 93]LogAudioMixer: Display: 0: FrontLeft
[2021.05.30-12.48.16:371][ 93]LogAudioMixer: Display: 1: FrontRight
[2021.05.30-12.48.16:371][ 93]LogAudioMixer: Display: 2: FrontCenter
[2021.05.30-12.48.16:371][ 93]LogAudioMixer: Display: 3: LowFrequency
[2021.05.30-12.48.16:371][ 93]LogAudioMixer: Display: 4: BackLeft
[2021.05.30-12.48.16:371][ 93]LogAudioMixer: Display: 5: BackRight
[2021.05.30-12.48.16:371][ 93]LogAudioMixer: Display: 6: SideLeft
[2021.05.30-12.48.16:371][ 93]LogAudioMixer: Display: 7: SideRight
[2021.05.30-12.51.22:264][763]LogUObjectHash: Compacting FUObjectHashTables data took   0.67ms
[2021.05.30-12.51.22:265][763]LogFileHelpers: Editor autosave (incl. sublevels) for '/Game/ThirdPersonBP/Maps/ThirdPersonExampleMap' took 0.023
[2021.05.30-12.51.22:266][763]OBJ SavePackage: Generating thumbnails for [0] asset(s) in package [/Game/ThirdPersonBP/Blueprints/AI] ([1] browsable assets)...
[2021.05.30-12.51.22:266][763]OBJ SavePackage: Finished generating thumbnails for package [/Game/ThirdPersonBP/Blueprints/AI]
[2021.05.30-12.51.22:345][763]LogSavePackage: Moving '../../../../../../Users/johnn/OneDrive/Documents/GitHub/PlacementProject/NightmareEscape/Saved/AI_Auto366EFC79444CF5ECC404528A83FF0204F.tmp' to '../../../../../../Users/johnn/OneDrive/Documents/GitHub/PlacementProject/NightmareEscape/Saved/Autosaves/Game/ThirdPersonBP/Blueprints/AI_Auto3.uasset'
[2021.05.30-12.51.22:347][763]LogFileHelpers: Auto-saving content packages took 0.082
[2021.05.30-13.48.46:702][  9]LogAudioMixer: Warning: Changing default audio render device to new device: {0.0.0.00000000}.{93bc85c6-cd27-436f-ba4b-bd750a40156f}.
[2021.05.30-13.48.46:702][  9]LogTemp: Resetting audio stream to device id 
[2021.05.30-13.48.46:722][  9]LogAudioMixer: Display: 0: FrontLeft
[2021.05.30-13.48.46:722][  9]LogAudioMixer: Display: 1: FrontRight
[2021.05.30-13.48.46:722][  9]LogAudioMixer: Display: 2: FrontCenter
[2021.05.30-13.48.46:722][  9]LogAudioMixer: Display: 3: LowFrequency
[2021.05.30-13.48.46:722][  9]LogAudioMixer: Display: 4: BackLeft
[2021.05.30-13.48.46:722][  9]LogAudioMixer: Display: 5: BackRight
[2021.05.30-13.48.46:722][  9]LogAudioMixer: Display: 6: SideLeft
[2021.05.30-13.48.46:722][  9]LogAudioMixer: Display: 7: SideRight
[2021.05.30-14.10.57:626][941]LogAudioMixer: Warning: Changing default audio render device to new device: {0.0.0.00000000}.{c54371df-2c3f-460c-9b70-9de6b4d31772}.
[2021.05.30-14.10.57:626][941]LogTemp: Resetting audio stream to device id 
[2021.05.30-14.10.57:663][941]LogAudioMixer: Display: 0: FrontLeft
[2021.05.30-14.10.57:663][941]LogAudioMixer: Display: 1: FrontRight
[2021.05.30-14.10.57:664][941]LogAudioMixer: Display: 2: FrontCenter
[2021.05.30-14.10.57:664][941]LogAudioMixer: Display: 3: LowFrequency
[2021.05.30-14.10.57:664][941]LogAudioMixer: Display: 4: BackLeft
[2021.05.30-14.10.57:664][941]LogAudioMixer: Display: 5: BackRight
[2021.05.30-14.10.57:664][941]LogAudioMixer: Display: 6: SideLeft
[2021.05.30-14.10.57:664][941]LogAudioMixer: Display: 7: SideRight
[2021.05.30-14.10.57:957][942]LogAudioMixer: Warning: Changing default audio render device to new device: {0.0.0.00000000}.{6d4b6ab2-bb3d-4280-af96-a61a9a45f295}.
[2021.05.30-14.10.57:958][942]LogTemp: Resetting audio stream to device id 
[2021.05.30-14.10.57:986][942]LogAudioMixer: Display: 0: FrontLeft
[2021.05.30-14.10.57:986][942]LogAudioMixer: Display: 1: FrontRight
[2021.05.30-14.10.57:986][942]LogAudioMixer: Display: 2: FrontCenter
[2021.05.30-14.10.57:986][942]LogAudioMixer: Display: 3: LowFrequency
[2021.05.30-14.10.57:986][942]LogAudioMixer: Display: 4: BackLeft
[2021.05.30-14.10.57:986][942]LogAudioMixer: Display: 5: BackRight
[2021.05.30-14.10.57:986][942]LogAudioMixer: Display: 6: SideLeft
[2021.05.30-14.10.57:986][942]LogAudioMixer: Display: 7: SideRight
[2021.05.30-15.07.19:212][980]LogAudioMixer: Warning: Changing default audio render device to new device: {0.0.0.00000000}.{93bc85c6-cd27-436f-ba4b-bd750a40156f}.
[2021.05.30-15.07.19:212][980]LogTemp: Resetting audio stream to device id 
[2021.05.30-15.07.19:231][980]LogAudioMixer: Display: 0: FrontLeft
[2021.05.30-15.07.19:231][980]LogAudioMixer: Display: 1: FrontRight
[2021.05.30-15.07.19:231][980]LogAudioMixer: Display: 2: FrontCenter
[2021.05.30-15.07.19:231][980]LogAudioMixer: Display: 3: LowFrequency
[2021.05.30-15.07.19:231][980]LogAudioMixer: Display: 4: BackLeft
[2021.05.30-15.07.19:231][980]LogAudioMixer: Display: 5: BackRight
[2021.05.30-15.07.19:231][980]LogAudioMixer: Display: 6: SideLeft
[2021.05.30-15.07.19:232][980]LogAudioMixer: Display: 7: SideRight
[2021.05.30-15.09.20:362][342]LogAudioMixer: Warning: Changing default audio render device to new device: {0.0.0.00000000}.{c54371df-2c3f-460c-9b70-9de6b4d31772}.
[2021.05.30-15.09.20:362][342]LogTemp: Resetting audio stream to device id 
[2021.05.30-15.09.20:384][342]LogAudioMixer: Display: 0: FrontLeft
[2021.05.30-15.09.20:384][342]LogAudioMixer: Display: 1: FrontRight
[2021.05.30-15.09.20:384][342]LogAudioMixer: Display: 2: FrontCenter
[2021.05.30-15.09.20:384][342]LogAudioMixer: Display: 3: LowFrequency
[2021.05.30-15.09.20:384][342]LogAudioMixer: Display: 4: BackLeft
[2021.05.30-15.09.20:384][342]LogAudioMixer: Display: 5: BackRight
[2021.05.30-15.09.20:384][342]LogAudioMixer: Display: 6: SideLeft
[2021.05.30-15.09.20:384][342]LogAudioMixer: Display: 7: SideRight
[2021.05.30-15.09.20:701][343]LogAudioMixer: Warning: Changing default audio render device to new device: {0.0.0.00000000}.{c54371df-2c3f-460c-9b70-9de6b4d31772}.
[2021.05.30-15.09.20:702][343]LogTemp: Resetting audio stream to device id 
[2021.05.30-15.09.20:721][343]LogAudioMixer: Display: 0: FrontLeft
[2021.05.30-15.09.20:721][343]LogAudioMixer: Display: 1: FrontRight
[2021.05.30-15.09.20:721][343]LogAudioMixer: Display: 2: FrontCenter
[2021.05.30-15.09.20:721][343]LogAudioMixer: Display: 3: LowFrequency
[2021.05.30-15.09.20:721][343]LogAudioMixer: Display: 4: BackLeft
[2021.05.30-15.09.20:721][343]LogAudioMixer: Display: 5: BackRight
[2021.05.30-15.09.20:721][343]LogAudioMixer: Display: 6: SideLeft
[2021.05.30-15.09.20:721][343]LogAudioMixer: Display: 7: SideRight
